#
# There is insufficient memory for the Java Runtime Environment to continue.
# Native memory allocation (mmap) failed to map 65536 bytes. Error detail: Failed to commit metaspace.
# Possible reasons:
#   The system is out of physical RAM or swap space
#   This process is running with CompressedOops enabled, and the Java Heap may be blocking the growth of the native heap
# Possible solutions:
#   Reduce memory load on the system
#   Increase physical memory or swap space
#   Check if swap backing store is full
#   Decrease Java heap size (-Xmx/-Xms)
#   Decrease number of Java threads
#   Decrease Java thread stack sizes (-Xss)
#   Set larger code cache with -XX:ReservedCodeCacheSize=
#   JVM is running with Unscaled Compressed Oops mode in which the Java heap is
#     placed in the first 4GB address space. The Java Heap base address is the
#     maximum limit for the native heap growth. Please use -XX:HeapBaseMinAddress
#     to set the Java Heap base and to place the Java Heap above 4GB virtual address.
# This output file may be truncated or incomplete.
#
#  Out of Memory Error (virtualSpaceNode.cpp:113), pid=7400, tid=1040
#
# JRE version: OpenJDK Runtime Environment Corretto-21.0.5.11.1 (21.0.5+11) (build 21.0.5+11-LTS)
# Java VM: OpenJDK 64-Bit Server VM Corretto-21.0.5.11.1 (21.0.5+11-LTS, mixed mode, emulated-client, sharing, tiered, compressed oops, compressed class ptrs, g1 gc, windows-amd64)
# No core dump will be written. Minidumps are not enabled by default on client versions of Windows
#

---------------  S U M M A R Y ------------

Command Line: --enable-preview -XX:TieredStopAtLevel=1 -Dspring.output.ansi.enabled=always -Dcom.sun.management.jmxremote -Dspring.jmx.enabled=true -Dspring.liveBeansView.mbeanDomain -Dspring.application.admin.enabled=true -Dmanagement.endpoints.jmx.exposure.include=* -javaagent:E:\IntelliJ IDEA 2024.2.0.2\lib\idea_rt.jar=53937:E:\IntelliJ IDEA 2024.2.0.2\bin -Dfile.encoding=UTF-8 -Dsun.stdout.encoding=UTF-8 -Dsun.stderr.encoding=UTF-8 com.example.Lab6NTN.Lab6NtnApplication

Host: AMD Ryzen 5 5500U with Radeon Graphics         , 12 cores, 7G,  Windows 11 , 64 bit Build 22621 (10.0.22621.4391)
Time: Fri Nov  1 14:44:58 2024 SE Asia Standard Time elapsed time: 0.260747 seconds (0d 0h 0m 0s)

---------------  T H R E A D  ---------------

Current thread (0x0000018fe6a2f480):  JavaThread "main"             [_thread_in_vm, id=1040, stack(0x0000000e8f400000,0x0000000e8f500000) (1024K)]

Stack: [0x0000000e8f400000,0x0000000e8f500000]
Native frames: (J=compiled Java code, j=interpreted, Vv=VM code, C=native code)
V  [jvm.dll+0x6d9b69]
V  [jvm.dll+0x8b6073]
V  [jvm.dll+0x8b83ce]
V  [jvm.dll+0x8b8ab3]
V  [jvm.dll+0x286226]
V  [jvm.dll+0x8b1cbe]
V  [jvm.dll+0x67b4e5]
V  [jvm.dll+0x1e99b1]
V  [jvm.dll+0x1e977e]
V  [jvm.dll+0x67ddf8]
V  [jvm.dll+0x67dc32]
V  [jvm.dll+0x67be9e]
V  [jvm.dll+0x271516]
V  [jvm.dll+0x21c75e]
V  [jvm.dll+0x211b7e]
V  [jvm.dll+0x5b939b]
V  [jvm.dll+0x82eabd]
V  [jvm.dll+0x47bc42]
V  [jvm.dll+0x48f226]
C  [java.dll+0x1657]

Java frames: (J=compiled Java code, j=interpreted, Vv=VM code)
j  java.lang.ClassLoader.defineClass0(Ljava/lang/ClassLoader;Ljava/lang/Class;Ljava/lang/String;[BIILjava/security/ProtectionDomain;ZILjava/lang/Object;)Ljava/lang/Class;+0 java.base@21.0.5
j  java.lang.System$2.defineClass(Ljava/lang/ClassLoader;Ljava/lang/Class;Ljava/lang/String;[BLjava/security/ProtectionDomain;ZILjava/lang/Object;)Ljava/lang/Class;+17 java.base@21.0.5
j  java.lang.invoke.MethodHandles$Lookup$ClassDefiner.defineClass(ZLjava/lang/Object;)Ljava/lang/Class;+57 java.base@21.0.5
j  java.lang.invoke.InvokerBytecodeGenerator.loadMethod([B)Ljava/lang/invoke/MemberName;+22 java.base@21.0.5
j  java.lang.invoke.InvokerBytecodeGenerator.generateCustomizedCode(Ljava/lang/invoke/LambdaForm;Ljava/lang/invoke/MethodType;)Ljava/lang/invoke/MemberName;+30 java.base@21.0.5
j  java.lang.invoke.LambdaForm.compileToBytecode()V+69 java.base@21.0.5
J 498 c1 java.lang.invoke.LambdaForm.prepare()V java.base@21.0.5 (108 bytes) @ 0x0000018ff15d201c [0x0000018ff15d1fa0+0x000000000000007c]
J 497 c1 java.lang.invoke.MethodHandle.<init>(Ljava/lang/invoke/MethodType;Ljava/lang/invoke/LambdaForm;)V java.base@21.0.5 (37 bytes) @ 0x0000018ff15d15ac [0x0000018ff15d14e0+0x00000000000000cc]
j  java.lang.invoke.BoundMethodHandle.<init>(Ljava/lang/invoke/MethodType;Ljava/lang/invoke/LambdaForm;)V+3 java.base@21.0.5
j  java.lang.invoke.BoundMethodHandle$Species_LLL.<init>(Ljava/lang/invoke/MethodType;Ljava/lang/invoke/LambdaForm;Ljava/lang/Object;Ljava/lang/Object;Ljava/lang/Object;)V+3 java.base@21.0.5
j  java.lang.invoke.BoundMethodHandle$Species_LLL.make(Ljava/lang/invoke/MethodType;Ljava/lang/invoke/LambdaForm;Ljava/lang/Object;Ljava/lang/Object;Ljava/lang/Object;)Ljava/lang/invoke/BoundMethodHandle;+10 java.base@21.0.5
j  java.lang.invoke.DirectMethodHandle$Holder.invokeStatic(Ljava/lang/Object;Ljava/lang/Object;Ljava/lang/Object;Ljava/lang/Object;Ljava/lang/Object;Ljava/lang/Object;)Ljava/lang/Object;+18 java.base@21.0.5
j  java.lang.invoke.BoundMethodHandle$Species_LL.copyWithExtendL(Ljava/lang/invoke/MethodType;Ljava/lang/invoke/LambdaForm;Ljava/lang/Object;)Ljava/lang/invoke/BoundMethodHandle;+18 java.base@21.0.5
j  java.lang.invoke.MethodHandles.argumentsWithCombiner(ZLjava/lang/invoke/MethodHandle;ILjava/lang/invoke/MethodHandle;[I)Ljava/lang/invoke/MethodHandle;+122 java.base@21.0.5
j  java.lang.invoke.MethodHandles.foldArgumentsWithCombiner(Ljava/lang/invoke/MethodHandle;ILjava/lang/invoke/MethodHandle;[I)Ljava/lang/invoke/MethodHandle;+5 java.base@21.0.5
j  java.lang.invoke.StringConcatFactory.generateMHInlineCopy(Ljava/lang/invoke/MethodType;[Ljava/lang/String;)Ljava/lang/invoke/MethodHandle;+433 java.base@21.0.5
j  java.lang.invoke.StringConcatFactory.makeConcatWithConstants(Ljava/lang/invoke/MethodHandles$Lookup;Ljava/lang/String;Ljava/lang/invoke/MethodType;Ljava/lang/String;[Ljava/lang/Object;)Ljava/lang/invoke/CallSite;+227 java.base@21.0.5
j  java.lang.invoke.DirectMethodHandle$Holder.invokeStatic(Ljava/lang/Object;Ljava/lang/Object;Ljava/lang/Object;Ljava/lang/Object;Ljava/lang/Object;Ljava/lang/Object;)Ljava/lang/Object;+18 java.base@21.0.5
j  java.lang.invoke.DelegatingMethodHandle$Holder.delegate(Ljava/lang/Object;Ljava/lang/Object;Ljava/lang/Object;Ljava/lang/Object;Ljava/lang/Object;Ljava/lang/Object;)Ljava/lang/Object;+21 java.base@21.0.5
j  java.lang.invoke.Invokers$Holder.invokeExact_MT(Ljava/lang/Object;Ljava/lang/Object;Ljava/lang/Object;Ljava/lang/Object;Ljava/lang/Object;Ljava/lang/Object;Ljava/lang/Object;)Ljava/lang/Object;+26 java.base@21.0.5
j  java.lang.invoke.BootstrapMethodInvoker.invoke(Ljava/lang/Class;Ljava/lang/invoke/MethodHandle;Ljava/lang/String;Ljava/lang/Object;Ljava/lang/Object;Ljava/lang/Class;)Ljava/lang/Object;+157 java.base@21.0.5
j  java.lang.invoke.CallSite.makeSite(Ljava/lang/invoke/MethodHandle;Ljava/lang/String;Ljava/lang/invoke/MethodType;Ljava/lang/Object;Ljava/lang/Class;)Ljava/lang/invoke/CallSite;+8 java.base@21.0.5
j  java.lang.invoke.MethodHandleNatives.linkCallSiteImpl(Ljava/lang/Class;Ljava/lang/invoke/MethodHandle;Ljava/lang/String;Ljava/lang/invoke/MethodType;Ljava/lang/Object;[Ljava/lang/Object;)Ljava/lang/invoke/MemberName;+6 java.base@21.0.5
j  java.lang.invoke.MethodHandleNatives.linkCallSite(Ljava/lang/Object;Ljava/lang/Object;Ljava/lang/Object;Ljava/lang/Object;Ljava/lang/Object;[Ljava/lang/Object;)Ljava/lang/invoke/MemberName;+45 java.base@21.0.5
v  ~StubRoutines::call_stub 0x0000018ff137100d
j  com.sun.jmx.mbeanserver.MXBeanIntrospector.getMBeanOperationInfo(Ljava/lang/String;Lcom/sun/jmx/mbeanserver/ConvertingMethod;)Ljavax/management/MBeanOperationInfo;+72 java.management@21.0.5
j  com.sun.jmx.mbeanserver.MXBeanIntrospector.getMBeanOperationInfo(Ljava/lang/String;Ljava/lang/Object;)Ljavax/management/MBeanOperationInfo;+6 java.management@21.0.5
j  com.sun.jmx.mbeanserver.MBeanIntrospector$MBeanInfoMaker.visitOperation(Ljava/lang/String;Ljava/lang/Object;)V+6 java.management@21.0.5
j  com.sun.jmx.mbeanserver.MBeanAnalyzer.visit(Lcom/sun/jmx/mbeanserver/MBeanAnalyzer$MBeanVisitor;)V+158 java.management@21.0.5
j  com.sun.jmx.mbeanserver.MBeanIntrospector.makeInterfaceMBeanInfo(Ljava/lang/Class;Lcom/sun/jmx/mbeanserver/MBeanAnalyzer;)Ljavax/management/MBeanInfo;+11 java.management@21.0.5
j  com.sun.jmx.mbeanserver.MBeanIntrospector.getPerInterface(Ljava/lang/Class;)Lcom/sun/jmx/mbeanserver/PerInterface;+54 java.management@21.0.5
j  com.sun.jmx.mbeanserver.MBeanSupport.<init>(Ljava/lang/Object;Ljava/lang/Class;)V+69 java.management@21.0.5
j  com.sun.jmx.mbeanserver.MXBeanSupport.<init>(Ljava/lang/Object;Ljava/lang/Class;)V+3 java.management@21.0.5
j  javax.management.StandardMBean.construct(Ljava/lang/Object;Ljava/lang/Class;ZZ)V+56 java.management@21.0.5
j  javax.management.StandardMBean.<init>(Ljava/lang/Object;Ljava/lang/Class;Z)V+9 java.management@21.0.5
j  java.lang.management.ManagementFactory.lambda$addMXBean$7(Ljava/lang/Object;Ljavax/management/MBeanServer;Ljavax/management/ObjectName;)Ljava/lang/Void;+53 java.management@21.0.5
j  java.lang.management.ManagementFactory$$Lambda+0x0000018f81063ad0.run()Ljava/lang/Object;+12 java.management@21.0.5
j  java.security.AccessController.executePrivileged(Ljava/security/PrivilegedExceptionAction;Ljava/security/AccessControlContext;Ljava/lang/Class;)Ljava/lang/Object;+29 java.base@21.0.5
j  java.security.AccessController.doPrivileged(Ljava/security/PrivilegedExceptionAction;)Ljava/lang/Object;+9 java.base@21.0.5
j  java.lang.management.ManagementFactory.addMXBean(Ljavax/management/MBeanServer;Ljava/lang/String;Ljava/lang/Object;)V+13 java.management@21.0.5
j  java.lang.management.ManagementFactory.lambda$getPlatformMBeanServer$1(Ljava/util/Map$Entry;)V+18 java.management@21.0.5
j  java.lang.management.ManagementFactory$$Lambda+0x0000018f810630e8.accept(Ljava/lang/Object;)V+4 java.management@21.0.5
j  java.util.stream.ForEachOps$ForEachOp$OfRef.accept(Ljava/lang/Object;)V+5 java.base@21.0.5
j  java.util.Collections$2.tryAdvance(Ljava/util/function/Consumer;)Z+29 java.base@21.0.5
j  java.util.Collections$2.forEachRemaining(Ljava/util/function/Consumer;)V+2 java.base@21.0.5
j  java.util.stream.ReferencePipeline$Head.forEach(Ljava/util/function/Consumer;)V+12 java.base@21.0.5
j  java.util.stream.ReferencePipeline$7$1.accept(Ljava/lang/Object;)V+41 java.base@21.0.5
j  java.util.stream.ReferencePipeline$2$1.accept(Ljava/lang/Object;)V+21 java.base@21.0.5
j  java.util.HashMap$ValueSpliterator.forEachRemaining(Ljava/util/function/Consumer;)V+145 java.base@21.0.5
j  java.util.stream.AbstractPipeline.copyInto(Ljava/util/stream/Sink;Ljava/util/Spliterator;)V+32 java.base@21.0.5
j  java.util.stream.AbstractPipeline.wrapAndCopyInto(Ljava/util/stream/Sink;Ljava/util/Spliterator;)Ljava/util/stream/Sink;+13 java.base@21.0.5
j  java.util.stream.ForEachOps$ForEachOp.evaluateSequential(Ljava/util/stream/PipelineHelper;Ljava/util/Spliterator;)Ljava/lang/Void;+3 java.base@21.0.5
j  java.util.stream.ForEachOps$ForEachOp$OfRef.evaluateSequential(Ljava/util/stream/PipelineHelper;Ljava/util/Spliterator;)Ljava/lang/Object;+3 java.base@21.0.5
j  java.util.stream.AbstractPipeline.evaluate(Ljava/util/stream/TerminalOp;)Ljava/lang/Object;+88 java.base@21.0.5
j  java.util.stream.ReferencePipeline.forEach(Ljava/util/function/Consumer;)V+6 java.base@21.0.5
j  java.lang.management.ManagementFactory.getPlatformMBeanServer()Ljavax/management/MBeanServer;+68 java.management@21.0.5
j  sun.management.jmxremote.ConnectorBootstrap.startLocalConnectorServer()Ljavax/management/remote/JMXConnectorServer;+88 jdk.management.agent@21.0.5
j  jdk.internal.agent.Agent.startLocalManagementAgent()V+13 jdk.management.agent@21.0.5
j  jdk.internal.agent.Agent.startAgent(Ljava/util/Properties;)V+58 jdk.management.agent@21.0.5
j  jdk.internal.agent.Agent.startAgent()V+20 jdk.management.agent@21.0.5
v  ~StubRoutines::call_stub 0x0000018ff137100d

Compiled method (c1) 281  498       1       java.lang.invoke.LambdaForm::prepare (108 bytes)
 total in heap  [0x0000018ff15d1d90,0x0000018ff15d25a0] = 2064
 relocation     [0x0000018ff15d1ef0,0x0000018ff15d1f88] = 152
 main code      [0x0000018ff15d1fa0,0x0000018ff15d22f0] = 848
 stub code      [0x0000018ff15d22f0,0x0000018ff15d2378] = 136
 metadata       [0x0000018ff15d2378,0x0000018ff15d23b0] = 56
 scopes data    [0x0000018ff15d23b0,0x0000018ff15d2438] = 136
 scopes pcs     [0x0000018ff15d2438,0x0000018ff15d2548] = 272
 dependencies   [0x0000018ff15d2548,0x0000018ff15d2558] = 16
 nul chk table  [0x0000018ff15d2558,0x0000018ff15d25a0] = 72

[Constant Pool (empty)]

[MachCode]
[Entry Point]
  # {method} {0x0000018f80090550} 'prepare' '()V' in 'java/lang/invoke/LambdaForm'
  #           [sp+0x90]  (sp of caller)
  0x0000018ff15d1fa0: 448b 5208 | 49bb 0000 | 0080 8f01 | 0000 4d03 | d34c 3bd0 

  0x0000018ff15d1fb4: ;   {runtime_call ic_miss_stub}
  0x0000018ff15d1fb4: 0f85 c6c7 | deff 660f | 1f44 0000 
[Verified Entry Point]
  0x0000018ff15d1fc0: 8984 2400 | 80ff ff55 | 4881 ec80 | 0000 0090 | 4181 7f20 | 0100 0000 

  0x0000018ff15d1fd8: ;   {runtime_call StubRoutines (final stubs)}
  0x0000018ff15d1fd8: 7405 e881 | 2ddd ff48 | 8954 2460 | 8b72 1483 | feff be00 | 0000 0075 | 05be 0100 | 0000 83e6 
  0x0000018ff15d1ff8: 0185 f60f | 8528 0000 | 000f be72 | 1985 f60f | 851c 0000 | 0048 8bf2 | 488b d60f 

  0x0000018ff15d2014: ;   {optimized virtual_call}
  0x0000018ff15d2014: 1f40 00e8 

  0x0000018ff15d2018: ; ImmutableOopMap {[96]=Oop }
                      ;*invokevirtual compileToBytecode {reexecute=0 rethrow=0 return_oop=0}
                      ; - java.lang.invoke.LambdaForm::prepare@21 (line 807)
  0x0000018ff15d2018: d902 0000 

  0x0000018ff15d201c: ;   {other}
  0x0000018ff15d201c: 0f1f 8400 | 8c02 0000 | 488b 5424 | 608b 7228 | 4885 f60f | 8588 0100 | 0048 8bf2 | 488b d60f 
  0x0000018ff15d203c: ;   {optimized virtual_call}
  0x0000018ff15d203c: 1f40 00e8 

  0x0000018ff15d2040: ; ImmutableOopMap {[96]=Oop }
                      ;*invokevirtual methodType {reexecute=0 rethrow=0 return_oop=0}
                      ; - java.lang.invoke.LambdaForm::prepare@33 (line 813)
  0x0000018ff15d2040: 3cca deff 

  0x0000018ff15d2044: ;   {other}
  0x0000018ff15d2044: 0f1f 8400 | b402 0001 

  0x0000018ff15d204c: ; implicit exception: dispatches to 0x0000018ff15d21d3
  0x0000018ff15d204c: 8b50 148b | 521c 8b72 | 0c83 fe06 | 0f86 8401 | 0000 8b52 | 2848 85d2 | 0f84 7400 | 0000 483b 
  0x0000018ff15d206c: 028b 720c | 410f be7f | 4085 ff0f | 857c 0100 | 0048 85f6 | 0f84 1f00 | 0000 488b 

  0x0000018ff15d2088: ;   {oop(a 'java/lang/Class'{0x0000000091d02998} = 'java/lang/ref/SoftReference')}
  0x0000018ff15d2088: 7a20 48bb | 9829 d091 | 0000 0000 | 488b 4b70 | 483b f90f | 8404 0000 | 0048 894a | 2048 85f6 
  0x0000018ff15d20a8: 0f84 2800 

  0x0000018ff15d20ac: ;   {metadata('java/lang/invoke/LambdaForm')}
  0x0000018ff15d20ac: 0000 48bb | a8fe 0880 | 8f01 0000 | 8b56 0849 | ba00 0000 | 808f 0100 | 0049 03d2 | 483b da0f 
  0x0000018ff15d20cc: 8540 0100 | 00e9 0000 | 0000 488b | d6e9 0a00 

  0x0000018ff15d20dc: ;   {oop(nullptr)}
  0x0000018ff15d20dc: 0000 48ba | 0000 0000 | 0000 0000 | 4885 d20f | 8586 0000 | 0048 8bd0 | 4889 4424 | 6866 0f1f 
  0x0000018ff15d20fc: ;   {static_call}
  0x0000018ff15d20fc: 4400 00e8 

  0x0000018ff15d2100: ; ImmutableOopMap {[96]=Oop [104]=Oop }
                      ;*invokestatic createBlankForType {reexecute=0 rethrow=0 return_oop=0}
                      ; - java.lang.invoke.LambdaForm::prepare@76 (line 817)
  0x0000018ff15d2100: 7ccf deff 

  0x0000018ff15d2104: ;   {other}
  0x0000018ff15d2104: 0f1f 8400 | 7403 0002 | 488b 5424 | 6848 8944 

  0x0000018ff15d2114: ;   {static_call}
  0x0000018ff15d2114: 2470 90e8 

  0x0000018ff15d2118: ; ImmutableOopMap {[96]=Oop [104]=Oop [112]=Oop }
                      ;*invokestatic generateLambdaFormInterpreterEntryPoint {reexecute=0 rethrow=0 return_oop=0}
                      ; - java.lang.invoke.LambdaForm::prepare@82 (line 818)
  0x0000018ff15d2118: 64cf deff 

  0x0000018ff15d211c: ;   {other}
  0x0000018ff15d211c: 0f1f 8400 | 8c03 0003 | 450f be47 | 4045 85c0 | 4c8b 4c24 | 700f 85e3 | 0000 004c | 8bd0 4589 
  0x0000018ff15d213c: 5128 4d8b | c14c 33c0 | 49c1 e814 | 4983 f800 | 0f85 e900 | 0000 488b | 4424 688b | 5014 483b 
  0x0000018ff15d215c: 0241 b806 | 0000 000f 

  0x0000018ff15d2164: ;   {optimized virtual_call}
  0x0000018ff15d2164: 1f40 00e8 

  0x0000018ff15d2168: ; ImmutableOopMap {[96]=Oop }
                      ;*invokevirtual setCachedLambdaForm {reexecute=0 rethrow=0 return_oop=0}
                      ; - java.lang.invoke.LambdaForm::prepare@95 (line 819)
  0x0000018ff15d2168: 14c9 deff 

  0x0000018ff15d216c: ;   {other}
  0x0000018ff15d216c: 0f1f 8400 | dc03 0004 | 488b d048 | 8b74 2460 

  0x0000018ff15d217c: ; implicit exception: dispatches to 0x0000018ff15d2258
  0x0000018ff15d217c: 8b7a 2841 | 0fbe 5f40 | 85db 0f85 | d100 0000 | 4c8b d744 | 8956 2848 | 8bd6 4833 | d748 c1ea 
  0x0000018ff15d219c: 1448 83fa | 000f 85d1 | 0000 0048 | 81c4 8000 

  0x0000018ff15d21ac: ;   {poll_return}
  0x0000018ff15d21ac: 0000 5d49 | 3ba7 4804 | 0000 0f87 | d400 0000 | c348 81c4 | 8000 0000 

  0x0000018ff15d21c4: ;   {poll_return}
  0x0000018ff15d21c4: 5d49 3ba7 | 4804 0000 | 0f87 d400 

  0x0000018ff15d21d0: ;   {runtime_call throw_null_pointer_exception Runtime1 stub}
  0x0000018ff15d21d0: 0000 c3e8 

  0x0000018ff15d21d4: ; ImmutableOopMap {rax=Oop [96]=Oop }
                      ;*invokevirtual form {reexecute=0 rethrow=0 return_oop=0}
                      ; - java.lang.invoke.LambdaForm::prepare@38 (line 814)
  0x0000018ff15d21d4: a8f1 e9ff 

  0x0000018ff15d21d8: ;   {runtime_call throw_null_pointer_exception Runtime1 stub}
  0x0000018ff15d21d8: e8a3 f1e9 

  0x0000018ff15d21dc: ; ImmutableOopMap {rax=Oop [96]=Oop }
                      ;*invokevirtual cachedLambdaForm {reexecute=0 rethrow=0 return_oop=0}
                      ; - java.lang.invoke.LambdaForm::prepare@43 (line 814)
                      ;   {runtime_call throw_null_pointer_exception Runtime1 stub}
  0x0000018ff15d21dc: ffe8 9ef1 

  0x0000018ff15d21e0: ; ImmutableOopMap {rax=Oop rdx=Oop [96]=Oop }
                      ;*aaload {reexecute=0 rethrow=0 return_oop=0}
                      ; - java.lang.invoke.MethodTypeForm::cachedLambdaForm@5 (line 131)
                      ; - java.lang.invoke.LambdaForm::prepare@43 (line 814)
  0x0000018ff15d21e0: e9ff 48c7 | 0424 0600 | 0000 4889 

  0x0000018ff15d21ec: ;   {runtime_call throw_range_check_failed Runtime1 stub}
  0x0000018ff15d21ec: 5424 08e8 

  0x0000018ff15d21f0: ; ImmutableOopMap {rax=Oop rdx=Oop [96]=Oop }
                      ;*aaload {reexecute=0 rethrow=0 return_oop=0}
                      ; - java.lang.invoke.MethodTypeForm::cachedLambdaForm@5 (line 131)
                      ; - java.lang.invoke.LambdaForm::prepare@43 (line 814)
  0x0000018ff15d21f0: 0cdb e9ff 

  0x0000018ff15d21f4: ;   {runtime_call throw_null_pointer_exception Runtime1 stub}
  0x0000018ff15d21f4: e887 f1e9 

  0x0000018ff15d21f8: ; ImmutableOopMap {rax=Oop rdx=Oop [96]=Oop }
                      ;*invokevirtual get {reexecute=0 rethrow=0 return_oop=0}
                      ; - java.lang.invoke.MethodTypeForm::cachedLambdaForm@12 (line 132)
                      ; - java.lang.invoke.LambdaForm::prepare@43 (line 814)
  0x0000018ff15d21f8: ff48 83fe | 000f 847a | feff ff48 

  0x0000018ff15d2204: ;   {runtime_call g1_pre_barrier_slow}
  0x0000018ff15d2204: 8934 24e8 | 7464 eaff | e96c feff | ff48 8934 

  0x0000018ff15d2214: ;   {runtime_call throw_class_cast_exception Runtime1 stub}
  0x0000018ff15d2214: 24e8 e62c 

  0x0000018ff15d2218: ; ImmutableOopMap {rax=Oop [96]=Oop }
                      ;*checkcast {reexecute=0 rethrow=0 return_oop=0}
                      ; - java.lang.invoke.MethodTypeForm::cachedLambdaForm@15 (line 132)
                      ; - java.lang.invoke.LambdaForm::prepare@43 (line 814)
  0x0000018ff15d2218: eaff 458b | 4128 4983 | f800 0f84 | 0fff ffff | 4c89 0424 

  0x0000018ff15d222c: ;   {runtime_call g1_pre_barrier_slow}
  0x0000018ff15d222c: e84f 64ea | ffe9 01ff 

  0x0000018ff15d2234: ;   {runtime_call throw_null_pointer_exception Runtime1 stub}
  0x0000018ff15d2234: ffff e845 

  0x0000018ff15d2238: ; ImmutableOopMap {rax=Oop r9=Oop [96]=Oop [104]=Oop }
                      ;*putfield vmentry {reexecute=1 rethrow=0 return_oop=0}
                      ; - (reexecute) java.lang.invoke.LambdaForm::prepare@85 (line 818)
  0x0000018ff15d2238: f1e9 ff48 | 83f8 000f | 840d ffff | ff4c 890c 

  0x0000018ff15d2248: ;   {runtime_call g1_post_barrier_slow}
  0x0000018ff15d2248: 24e8 3267 | eaff e9ff 

  0x0000018ff15d2250: ;   {runtime_call throw_null_pointer_exception Runtime1 stub}
  0x0000018ff15d2250: feff ffe8 

  0x0000018ff15d2254: ; ImmutableOopMap {r9=Oop rdx=Oop [96]=Oop }
                      ;*invokevirtual setCachedLambdaForm {reexecute=0 rethrow=0 return_oop=0}
                      ; - java.lang.invoke.LambdaForm::prepare@95 (line 819)
  0x0000018ff15d2254: 28f1 e9ff 

  0x0000018ff15d2258: ;   {runtime_call throw_null_pointer_exception Runtime1 stub}
  0x0000018ff15d2258: e823 f1e9 

  0x0000018ff15d225c: ; ImmutableOopMap {rsi=Oop [96]=Oop }
                      ;*getfield vmentry {reexecute=1 rethrow=0 return_oop=0}
                      ; - (reexecute) java.lang.invoke.LambdaForm::prepare@101 (line 821)
  0x0000018ff15d225c: ff8b 5e28 | 4883 fb00 | 0f84 22ff | ffff 4889 

  0x0000018ff15d226c: ;   {runtime_call g1_pre_barrier_slow}
  0x0000018ff15d226c: 1c24 e80d | 64ea ffe9 | 14ff ffff | 4883 ff00 | 0f84 25ff | ffff 4889 

  0x0000018ff15d2284: ;   {runtime_call g1_post_barrier_slow}
  0x0000018ff15d2284: 3424 e8f5 | 66ea ffe9 | 17ff ffff 

  0x0000018ff15d2290: ;   {internal_word}
  0x0000018ff15d2290: 49ba af21 | 5df1 8f01 | 0000 4d89 | 9760 0400 

  0x0000018ff15d22a0: ;   {runtime_call SafepointBlob}
  0x0000018ff15d22a0: 00e9 5a34 

  0x0000018ff15d22a4: ;   {internal_word}
  0x0000018ff15d22a4: dfff 49ba | c521 5df1 | 8f01 0000 | 4d89 9760 

  0x0000018ff15d22b4: ;   {runtime_call SafepointBlob}
  0x0000018ff15d22b4: 0400 00e9 | 4434 dfff 

  0x0000018ff15d22bc: ;   {runtime_call throw_null_pointer_exception Runtime1 stub}
  0x0000018ff15d22bc: e8bf f0e9 

  0x0000018ff15d22c0: ; ImmutableOopMap {rax=Oop r9=Oop [96]=Oop [104]=Oop }
                      ;*putfield vmentry {reexecute=1 rethrow=0 return_oop=0}
                      ; - (reexecute) java.lang.invoke.LambdaForm::prepare@85 (line 818)
  0x0000018ff15d22c0: ff49 8b87 | f804 0000 | 49c7 87f8 | 0400 0000 | 0000 0049 | c787 0005 | 0000 0000 | 0000 4881 
  0x0000018ff15d22e0: c480 0000 

  0x0000018ff15d22e4: ;   {runtime_call unwind_exception Runtime1 stub}
  0x0000018ff15d22e4: 005d e915 | d4e9 fff4 | f4f4 f4f4 
[Stub Code]
  0x0000018ff15d22f0: ;   {no_reloc}
  0x0000018ff15d22f0: 0f1f 4400 

  0x0000018ff15d22f4: ;   {static_stub}
  0x0000018ff15d22f4: 0048 bb98 | 0409 808f 

  0x0000018ff15d22fc: ;   {runtime_call I2C/C2I adapters}
  0x0000018ff15d22fc: 0100 00e9 | 5f11 dfff 

  0x0000018ff15d2304: ;   {static_stub}
  0x0000018ff15d2304: 9048 bb00 | 0000 0000 

  0x0000018ff15d230c: ;   {runtime_call nmethod}
  0x0000018ff15d230c: 0000 00e9 | fbff ffff 

  0x0000018ff15d2314: ;   {static_stub}
  0x0000018ff15d2314: 48bb 0000 | 0000 0000 

  0x0000018ff15d231c: ;   {runtime_call nmethod}
  0x0000018ff15d231c: 0000 e9fb 

  0x0000018ff15d2320: ;   {static_stub}
  0x0000018ff15d2320: ffff ff48 | bb00 0000 | 0000 0000 

  0x0000018ff15d232c: ;   {runtime_call nmethod}
  0x0000018ff15d232c: 00e9 fbff 

  0x0000018ff15d2330: ;   {static_stub}
  0x0000018ff15d2330: ffff 48bb | 0000 0000 | 0000 0000 

  0x0000018ff15d233c: ;   {runtime_call nmethod}
  0x0000018ff15d233c: e9fb ffff 

  0x0000018ff15d2340: ;   {runtime_call handle_exception_from_callee Runtime1 stub}
  0x0000018ff15d2340: ffe8 3a1c 

  0x0000018ff15d2344: ;   {external_word}
  0x0000018ff15d2344: eaff 48b9 | 0070 52b0 | ff7f 0000 | 4883 e4f0 

  0x0000018ff15d2354: ;   {runtime_call}
  0x0000018ff15d2354: 48b8 d0ea | 14b0 ff7f | 0000 ffd0 

  0x0000018ff15d2360: ;   {section_word}
  0x0000018ff15d2360: f449 ba61 | 235d f18f | 0100 0041 

  0x0000018ff15d236c: ;   {runtime_call DeoptimizationBlob}
  0x0000018ff15d236c: 52e9 2e26 | dfff f4f4 | f4f4 f4f4 
[/MachCode]


Compiled method (c1) 288  497       1       java.lang.invoke.MethodHandle::<init> (37 bytes)
 total in heap  [0x0000018ff15d1310,0x0000018ff15d1950] = 1600
 relocation     [0x0000018ff15d1470,0x0000018ff15d14e0] = 112
 main code      [0x0000018ff15d14e0,0x0000018ff15d1790] = 688
 stub code      [0x0000018ff15d1790,0x0000018ff15d17f8] = 104
 metadata       [0x0000018ff15d17f8,0x0000018ff15d1828] = 48
 scopes data    [0x0000018ff15d1828,0x0000018ff15d1888] = 96
 scopes pcs     [0x0000018ff15d1888,0x0000018ff15d1928] = 160
 dependencies   [0x0000018ff15d1928,0x0000018ff15d1938] = 16
 nul chk table  [0x0000018ff15d1938,0x0000018ff15d1950] = 24

[Constant Pool (empty)]

[MachCode]
[Entry Point]
  # {method} {0x0000018f80404dd0} '<init>' '(Ljava/lang/invoke/MethodType;Ljava/lang/invoke/LambdaForm;)V' in 'java/lang/invoke/MethodHandle'
  # this:     rdx:rdx   = 'java/lang/invoke/MethodHandle'
  # parm0:    r8:r8     = 'java/lang/invoke/MethodType'
  # parm1:    r9:r9     = 'java/lang/invoke/LambdaForm'
  #           [sp+0x70]  (sp of caller)
  0x0000018ff15d14e0: 448b 5208 | 49bb 0000 | 0080 8f01 | 0000 4d03 | d34c 3bd0 

  0x0000018ff15d14f4: ;   {runtime_call ic_miss_stub}
  0x0000018ff15d14f4: 0f85 86d2 | deff 660f | 1f44 0000 
[Verified Entry Point]
  0x0000018ff15d1500: 8984 2400 | 80ff ff55 | 4883 ec60 | 4181 7f20 | 0100 0000 

  0x0000018ff15d1514: ;   {runtime_call StubRoutines (final stubs)}
  0x0000018ff15d1514: 7405 e845 | 38dd ff48 | 8954 2430 | 4d85 c00f | 841d 0100 | 0041 0fbe | 7740 85f6 | 0f85 9001 
  0x0000018ff15d1534: 0000 4d8b | d044 8952 | 1048 8bf2 | 4933 f048 | c1ee 1448 | 83fe 000f | 8590 0100 | 004d 85c9 
  0x0000018ff15d1554: 0f84 6d00 | 0000 493b | 0149 8bd1 | 0f1f 8000 

  0x0000018ff15d1564: ;   {optimized virtual_call}
  0x0000018ff15d1564: 0000 00e8 

  0x0000018ff15d1568: ; ImmutableOopMap {[48]=Oop }
                      ;*invokevirtual uncustomize {reexecute=0 rethrow=0 return_oop=0}
                      ; - java.lang.invoke.MethodHandle::<init>@23 (line 480)
  0x0000018ff15d1568: f41a ffff 

  0x0000018ff15d156c: ;   {other}
  0x0000018ff15d156c: 0f1f 8400 | 5c02 0000 | 410f be57 | 4085 d248 | 8b54 2430 | 0f85 7801 | 0000 4c8b | d044 8952 
  0x0000018ff15d158c: 1448 8bf2 | 4833 f048 | c1ee 1448 | 83fe 000f | 8578 0100 | 0048 3b00 

  0x0000018ff15d15a4: ;   {optimized virtual_call}
  0x0000018ff15d15a4: 488b d0e8 

  0x0000018ff15d15a8: ; ImmutableOopMap {}
                      ;*invokevirtual prepare {reexecute=0 rethrow=0 return_oop=0}
                      ; - java.lang.invoke.MethodHandle::<init>@33 (line 482)
  0x0000018ff15d15a8: 140a 0000 

  0x0000018ff15d15ac: ;   {other}
  0x0000018ff15d15ac: 0f1f 8400 | 9c02 0001 | 4883 c460 

  0x0000018ff15d15b8: ;   {poll_return}
  0x0000018ff15d15b8: 5d49 3ba7 | 4804 0000 | 0f87 7001 

  0x0000018ff15d15c4: ;   {metadata('java/lang/NullPointerException')}
  0x0000018ff15d15c4: 0000 c348 | baa0 d206 | 808f 0100 | 0049 8b87 | b801 0000 | 488d 7830 | 493b bfc8 | 0100 000f 
  0x0000018ff15d15e4: 8763 0100 | 0049 89bf | b801 0000 | 48c7 0001 | 0000 0048 | 8bca 49ba | 0000 0080 | 8f01 0000 
  0x0000018ff15d1604: 492b ca89 | 4808 4833 | c989 480c | 4833 c948 | 8948 1048 | 8948 1848 | 8948 2048 | 8948 2848 
  0x0000018ff15d1624: 8bd0 4889 | 4424 380f 

  0x0000018ff15d162c: ;   {optimized virtual_call}
  0x0000018ff15d162c: 1f40 00e8 

  0x0000018ff15d1630: ; ImmutableOopMap {[48]=Oop [56]=Oop }
                      ;*invokespecial <init> {reexecute=0 rethrow=0 return_oop=0}
                      ; - java.util.Objects::requireNonNull@8 (line 233)
                      ; - java.lang.invoke.MethodHandle::<init>@17 (line 480)
  0x0000018ff15d1630: 4cd4 deff 

  0x0000018ff15d1634: ;   {other}
  0x0000018ff15d1634: 0f1f 8400 | 2403 0002 | 488b 4424 | 38e9 3d01 | 0000 4c89 

  0x0000018ff15d1648: ;   {metadata('java/lang/NullPointerException')}
  0x0000018ff15d1648: 4c24 4848 | baa0 d206 | 808f 0100 | 0049 8b87 | b801 0000 | 488d 7830 | 493b bfc8 | 0100 000f 
  0x0000018ff15d1668: 87ec 0000 | 0049 89bf | b801 0000 | 48c7 0001 | 0000 0048 | 8bca 49ba | 0000 0080 | 8f01 0000 
  0x0000018ff15d1688: 492b ca89 | 4808 4833 | c989 480c | 4833 c948 | 8948 1048 | 8948 1848 | 8948 2048 | 8948 2848 
  0x0000018ff15d16a8: 8bd0 4889 

  0x0000018ff15d16ac: ;   {optimized virtual_call}
  0x0000018ff15d16ac: 4424 40e8 

  0x0000018ff15d16b0: ; ImmutableOopMap {[48]=Oop [64]=Oop [72]=Oop }
                      ;*invokespecial <init> {reexecute=0 rethrow=0 return_oop=0}
                      ; - java.util.Objects::requireNonNull@8 (line 233)
                      ; - java.lang.invoke.MethodHandle::<init>@6 (line 479)
  0x0000018ff15d16b0: ccd3 deff 

  0x0000018ff15d16b4: ;   {other}
  0x0000018ff15d16b4: 0f1f 8400 | a403 0003 | 488b 4424 | 40e9 bd00 | 0000 8b72 | 1048 83fe | 000f 8463 | feff ff48 
  0x0000018ff15d16d4: ;   {runtime_call g1_pre_barrier_slow}
  0x0000018ff15d16d4: 8934 24e8 | a46f eaff | e955 feff | ff49 83f8 | 000f 8466 | feff ff48 

  0x0000018ff15d16ec: ;   {runtime_call g1_post_barrier_slow}
  0x0000018ff15d16ec: 8914 24e8 | 8c72 eaff | e958 feff 

  0x0000018ff15d16f8: ;   {runtime_call throw_null_pointer_exception Runtime1 stub}
  0x0000018ff15d16f8: ffe8 82fc 

  0x0000018ff15d16fc: ; ImmutableOopMap {r9=Oop [48]=Oop }
                      ;*invokevirtual uncustomize {reexecute=0 rethrow=0 return_oop=0}
                      ; - java.lang.invoke.MethodHandle::<init>@23 (line 480)
  0x0000018ff15d16fc: e9ff 8b72 | 1448 83fe | 000f 847b | feff ff48 

  0x0000018ff15d170c: ;   {runtime_call g1_pre_barrier_slow}
  0x0000018ff15d170c: 8934 24e8 | 6c6f eaff | e96d feff | ff48 83f8 | 000f 847e | feff ff48 

  0x0000018ff15d1724: ;   {runtime_call g1_post_barrier_slow}
  0x0000018ff15d1724: 8914 24e8 | 5472 eaff | e970 feff 

  0x0000018ff15d1730: ;   {runtime_call throw_null_pointer_exception Runtime1 stub}
  0x0000018ff15d1730: ffe8 4afc 

  0x0000018ff15d1734: ; ImmutableOopMap {rax=Oop }
                      ;*invokevirtual prepare {reexecute=0 rethrow=0 return_oop=0}
                      ; - java.lang.invoke.MethodHandle::<init>@33 (line 482)
                      ;   {internal_word}
  0x0000018ff15d1734: e9ff 49ba | b915 5df1 | 8f01 0000 | 4d89 9760 

  0x0000018ff15d1744: ;   {runtime_call SafepointBlob}
  0x0000018ff15d1744: 0400 00e9 | b43f dfff 

  0x0000018ff15d174c: ;   {runtime_call fast_new_instance Runtime1 stub}
  0x0000018ff15d174c: 488b d2e8 

  0x0000018ff15d1750: ; ImmutableOopMap {[48]=Oop }
                      ;*new {reexecute=0 rethrow=0 return_oop=0}
                      ; - java.util.Objects::requireNonNull@4 (line 233)
                      ; - java.lang.invoke.MethodHandle::<init>@17 (line 480)
  0x0000018ff15d1750: ac09 eaff | e9ca feff | ff48 8bd2 

  0x0000018ff15d175c: ;   {runtime_call fast_new_instance Runtime1 stub}
  0x0000018ff15d175c: e89f 09ea 

  0x0000018ff15d1760: ; ImmutableOopMap {[48]=Oop [72]=Oop }
                      ;*new {reexecute=0 rethrow=0 return_oop=0}
                      ; - java.util.Objects::requireNonNull@4 (line 233)
                      ; - java.lang.invoke.MethodHandle::<init>@6 (line 479)
  0x0000018ff15d1760: ffe9 41ff | ffff 498b | 87f8 0400 | 0049 c787 | f804 0000 | 0000 0000 | 49c7 8700 | 0500 0000 
  0x0000018ff15d1780: 0000 0048 | 83c4 605d 

  0x0000018ff15d1788: ;   {runtime_call unwind_exception Runtime1 stub}
  0x0000018ff15d1788: e973 dfe9 | fff4 f4f4 
[Stub Code]
  0x0000018ff15d1790: ;   {no_reloc}
  0x0000018ff15d1790: 0f1f 4400 

  0x0000018ff15d1794: ;   {static_stub}
  0x0000018ff15d1794: 0048 bb00 | 0000 0000 

  0x0000018ff15d179c: ;   {runtime_call nmethod}
  0x0000018ff15d179c: 0000 00e9 | fbff ffff 

  0x0000018ff15d17a4: ;   {static_stub}
  0x0000018ff15d17a4: 9048 bb48 | 0509 808f 

  0x0000018ff15d17ac: ;   {runtime_call I2C/C2I adapters}
  0x0000018ff15d17ac: 0100 00e9 | af1c dfff 

  0x0000018ff15d17b4: ;   {static_stub}
  0x0000018ff15d17b4: 48bb 0000 | 0000 0000 

  0x0000018ff15d17bc: ;   {runtime_call nmethod}
  0x0000018ff15d17bc: 0000 e9fb 

  0x0000018ff15d17c0: ;   {runtime_call handle_exception_from_callee Runtime1 stub}
  0x0000018ff15d17c0: ffff ffe8 | b827 eaff 

  0x0000018ff15d17c8: ;   {external_word}
  0x0000018ff15d17c8: 48b9 0070 | 52b0 ff7f | 0000 4883 

  0x0000018ff15d17d4: ;   {runtime_call}
  0x0000018ff15d17d4: e4f0 48b8 | d0ea 14b0 | ff7f 0000 

  0x0000018ff15d17e0: ;   {section_word}
  0x0000018ff15d17e0: ffd0 f449 | bae3 175d | f18f 0100 

  0x0000018ff15d17ec: ;   {runtime_call DeoptimizationBlob}
  0x0000018ff15d17ec: 0041 52e9 | ac31 dfff | f4f4 f4f4 
[/MachCode]


---------------  P R O C E S S  ---------------

Threads class SMR info:
_java_thread_list=0x0000018ff9a76f60, length=12, elements={
0x0000018fe6a2f480, 0x0000018ff91ed220, 0x0000018ff91edf30, 0x0000018ff91f3b80,
0x0000018ff91f5aa0, 0x0000018ff91f64f0, 0x0000018ff9200f70, 0x0000018ff9205490,
0x0000018ff91c6250, 0x0000018ff9a51060, 0x0000018ffe134180, 0x0000018ffe1347e0
}

Java Threads: ( => current thread )
=>0x0000018fe6a2f480 JavaThread "main"                              [_thread_in_vm, id=1040, stack(0x0000000e8f400000,0x0000000e8f500000) (1024K)]
  0x0000018ff91ed220 JavaThread "Reference Handler"          daemon [_thread_blocked, id=12428, stack(0x0000000e8fc00000,0x0000000e8fd00000) (1024K)]
  0x0000018ff91edf30 JavaThread "Finalizer"                  daemon [_thread_blocked, id=8472, stack(0x0000000e8fd00000,0x0000000e8fe00000) (1024K)]
  0x0000018ff91f3b80 JavaThread "Signal Dispatcher"          daemon [_thread_blocked, id=11020, stack(0x0000000e8fe00000,0x0000000e8ff00000) (1024K)]
  0x0000018ff91f5aa0 JavaThread "Attach Listener"            daemon [_thread_blocked, id=14516, stack(0x0000000e8ff00000,0x0000000e90000000) (1024K)]
  0x0000018ff91f64f0 JavaThread "Service Thread"             daemon [_thread_blocked, id=13552, stack(0x0000000e90000000,0x0000000e90100000) (1024K)]
  0x0000018ff9200f70 JavaThread "Monitor Deflation Thread"   daemon [_thread_blocked, id=10584, stack(0x0000000e90100000,0x0000000e90200000) (1024K)]
  0x0000018ff9205490 JavaThread "C1 CompilerThread0"         daemon [_thread_blocked, id=13836, stack(0x0000000e90200000,0x0000000e90300000) (1024K)]
  0x0000018ff91c6250 JavaThread "Common-Cleaner"             daemon [_thread_blocked, id=9488, stack(0x0000000e90300000,0x0000000e90400000) (1024K)]
  0x0000018ff9a51060 JavaThread "C1 CompilerThread1"         daemon [_thread_blocked, id=14116, stack(0x0000000e90400000,0x0000000e90500000) (1024K)]
  0x0000018ffe134180 JavaThread "Monitor Ctrl-Break"         daemon [_thread_in_native, id=15176, stack(0x0000000e90500000,0x0000000e90600000) (1024K)]
  0x0000018ffe1347e0 JavaThread "Notification Thread"        daemon [_thread_blocked, id=2708, stack(0x0000000e90600000,0x0000000e90700000) (1024K)]
Total: 12

Other Threads:
  0x0000018ff91d4a40 VMThread "VM Thread"                           [id=8668, stack(0x0000000e8fb00000,0x0000000e8fc00000) (1024K)]
  0x0000018ff91c5670 WatcherThread "VM Periodic Task Thread"        [id=7920, stack(0x0000000e8fa00000,0x0000000e8fb00000) (1024K)]
  0x0000018fe8cea6c0 WorkerThread "GC Thread#0"                     [id=6372, stack(0x0000000e8f500000,0x0000000e8f600000) (1024K)]
  0x0000018fe8cfa350 ConcurrentGCThread "G1 Main Marker"            [id=14308, stack(0x0000000e8f600000,0x0000000e8f700000) (1024K)]
  0x0000018fe8cfae50 WorkerThread "G1 Conc#0"                       [id=1368, stack(0x0000000e8f700000,0x0000000e8f800000) (1024K)]
  0x0000018ff9097720 ConcurrentGCThread "G1 Refine#0"               [id=9980, stack(0x0000000e8f800000,0x0000000e8f900000) (1024K)]
  0x0000018ff9098290 ConcurrentGCThread "G1 Service"                [id=13944, stack(0x0000000e8f900000,0x0000000e8fa00000) (1024K)]
Total: 7

Threads with active compile tasks:
Total: 0

VM state: not at safepoint (normal execution)

VM Mutex/Monitor currently owned by a thread:  ([mutex/lock_event])
[0x00007fffb07da2a0] Metaspace_lock - owner thread: 0x0000018fe6a2f480

Heap address: 0x000000008a800000, size: 1880 MB, Compressed Oops mode: 32-bit

CDS archive(s) mapped at: [0x0000018f80000000-0x0000018f80c80000-0x0000018f80c80000), size 13107200, SharedBaseAddress: 0x0000018f80000000, ArchiveRelocationMode: 1.
Compressed class space mapped at: 0x0000018f81000000-0x0000018fc1000000, reserved size: 1073741824
Narrow klass base: 0x0000018f80000000, Narrow klass shift: 0, Narrow klass range: 0x100000000

GC Precious Log:
 CardTable entry size: 512
 Card Set container configuration: InlinePtr #cards 5 size 8 Array Of Cards #cards 12 size 40 Howl #buckets 4 coarsen threshold 1843 Howl Bitmap #cards 512 size 80 coarsen threshold 460 Card regions per heap region 1 cards per card region 2048
 CPUs: 12 total, 12 available
 Memory: 7514M
 Large Page Support: Disabled
 NUMA Support: Disabled
 Compressed Oops: Enabled (32-bit)
 Heap Region Size: 1M
 Heap Min Capacity: 8M
 Heap Initial Capacity: 118M
 Heap Max Capacity: 1880M
 Pre-touch: Disabled
 Parallel Workers: 10
 Concurrent Workers: 3
 Concurrent Refinement Workers: 10
 Periodic GC: Disabled

Heap:
 garbage-first heap   total 120832K, used 8192K [0x000000008a800000, 0x0000000100000000)
  region size 1024K, 9 young (9216K), 0 survivors (0K)
 Metaspace       used 2126K, committed 2304K, reserved 1114112K
  class space    used 221K, committed 320K, reserved 1048576K

Heap Regions: E=young(eden), S=young(survivor), O=old, HS=humongous(starts), HC=humongous(continues), CS=collection set, F=free, TAMS=top-at-mark-start, PB=parsable bottom
|   0|0x000000008a800000, 0x000000008a900000, 0x000000008a900000|100%|HS|  |TAMS 0x000000008a800000| PB 0x000000008a800000| Complete 
|   1|0x000000008a900000, 0x000000008a900000, 0x000000008aa00000|  0%| F|  |TAMS 0x000000008a900000| PB 0x000000008a900000| Untracked 
|   2|0x000000008aa00000, 0x000000008aa00000, 0x000000008ab00000|  0%| F|  |TAMS 0x000000008aa00000| PB 0x000000008aa00000| Untracked 
|   3|0x000000008ab00000, 0x000000008ab00000, 0x000000008ac00000|  0%| F|  |TAMS 0x000000008ab00000| PB 0x000000008ab00000| Untracked 
|   4|0x000000008ac00000, 0x000000008ac00000, 0x000000008ad00000|  0%| F|  |TAMS 0x000000008ac00000| PB 0x000000008ac00000| Untracked 
|   5|0x000000008ad00000, 0x000000008ad00000, 0x000000008ae00000|  0%| F|  |TAMS 0x000000008ad00000| PB 0x000000008ad00000| Untracked 
|   6|0x000000008ae00000, 0x000000008ae00000, 0x000000008af00000|  0%| F|  |TAMS 0x000000008ae00000| PB 0x000000008ae00000| Untracked 
|   7|0x000000008af00000, 0x000000008af00000, 0x000000008b000000|  0%| F|  |TAMS 0x000000008af00000| PB 0x000000008af00000| Untracked 
|   8|0x000000008b000000, 0x000000008b000000, 0x000000008b100000|  0%| F|  |TAMS 0x000000008b000000| PB 0x000000008b000000| Untracked 
|   9|0x000000008b100000, 0x000000008b100000, 0x000000008b200000|  0%| F|  |TAMS 0x000000008b100000| PB 0x000000008b100000| Untracked 
|  10|0x000000008b200000, 0x000000008b200000, 0x000000008b300000|  0%| F|  |TAMS 0x000000008b200000| PB 0x000000008b200000| Untracked 
|  11|0x000000008b300000, 0x000000008b300000, 0x000000008b400000|  0%| F|  |TAMS 0x000000008b300000| PB 0x000000008b300000| Untracked 
|  12|0x000000008b400000, 0x000000008b400000, 0x000000008b500000|  0%| F|  |TAMS 0x000000008b400000| PB 0x000000008b400000| Untracked 
|  13|0x000000008b500000, 0x000000008b500000, 0x000000008b600000|  0%| F|  |TAMS 0x000000008b500000| PB 0x000000008b500000| Untracked 
|  14|0x000000008b600000, 0x000000008b600000, 0x000000008b700000|  0%| F|  |TAMS 0x000000008b600000| PB 0x000000008b600000| Untracked 
|  15|0x000000008b700000, 0x000000008b700000, 0x000000008b800000|  0%| F|  |TAMS 0x000000008b700000| PB 0x000000008b700000| Untracked 
|  16|0x000000008b800000, 0x000000008b800000, 0x000000008b900000|  0%| F|  |TAMS 0x000000008b800000| PB 0x000000008b800000| Untracked 
|  17|0x000000008b900000, 0x000000008b900000, 0x000000008ba00000|  0%| F|  |TAMS 0x000000008b900000| PB 0x000000008b900000| Untracked 
|  18|0x000000008ba00000, 0x000000008ba00000, 0x000000008bb00000|  0%| F|  |TAMS 0x000000008ba00000| PB 0x000000008ba00000| Untracked 
|  19|0x000000008bb00000, 0x000000008bb00000, 0x000000008bc00000|  0%| F|  |TAMS 0x000000008bb00000| PB 0x000000008bb00000| Untracked 
|  20|0x000000008bc00000, 0x000000008bc00000, 0x000000008bd00000|  0%| F|  |TAMS 0x000000008bc00000| PB 0x000000008bc00000| Untracked 
|  21|0x000000008bd00000, 0x000000008bd00000, 0x000000008be00000|  0%| F|  |TAMS 0x000000008bd00000| PB 0x000000008bd00000| Untracked 
|  22|0x000000008be00000, 0x000000008be00000, 0x000000008bf00000|  0%| F|  |TAMS 0x000000008be00000| PB 0x000000008be00000| Untracked 
|  23|0x000000008bf00000, 0x000000008bf00000, 0x000000008c000000|  0%| F|  |TAMS 0x000000008bf00000| PB 0x000000008bf00000| Untracked 
|  24|0x000000008c000000, 0x000000008c000000, 0x000000008c100000|  0%| F|  |TAMS 0x000000008c000000| PB 0x000000008c000000| Untracked 
|  25|0x000000008c100000, 0x000000008c100000, 0x000000008c200000|  0%| F|  |TAMS 0x000000008c100000| PB 0x000000008c100000| Untracked 
|  26|0x000000008c200000, 0x000000008c200000, 0x000000008c300000|  0%| F|  |TAMS 0x000000008c200000| PB 0x000000008c200000| Untracked 
|  27|0x000000008c300000, 0x000000008c300000, 0x000000008c400000|  0%| F|  |TAMS 0x000000008c300000| PB 0x000000008c300000| Untracked 
|  28|0x000000008c400000, 0x000000008c400000, 0x000000008c500000|  0%| F|  |TAMS 0x000000008c400000| PB 0x000000008c400000| Untracked 
|  29|0x000000008c500000, 0x000000008c500000, 0x000000008c600000|  0%| F|  |TAMS 0x000000008c500000| PB 0x000000008c500000| Untracked 
|  30|0x000000008c600000, 0x000000008c600000, 0x000000008c700000|  0%| F|  |TAMS 0x000000008c600000| PB 0x000000008c600000| Untracked 
|  31|0x000000008c700000, 0x000000008c700000, 0x000000008c800000|  0%| F|  |TAMS 0x000000008c700000| PB 0x000000008c700000| Untracked 
|  32|0x000000008c800000, 0x000000008c800000, 0x000000008c900000|  0%| F|  |TAMS 0x000000008c800000| PB 0x000000008c800000| Untracked 
|  33|0x000000008c900000, 0x000000008c900000, 0x000000008ca00000|  0%| F|  |TAMS 0x000000008c900000| PB 0x000000008c900000| Untracked 
|  34|0x000000008ca00000, 0x000000008ca00000, 0x000000008cb00000|  0%| F|  |TAMS 0x000000008ca00000| PB 0x000000008ca00000| Untracked 
|  35|0x000000008cb00000, 0x000000008cb00000, 0x000000008cc00000|  0%| F|  |TAMS 0x000000008cb00000| PB 0x000000008cb00000| Untracked 
|  36|0x000000008cc00000, 0x000000008cc00000, 0x000000008cd00000|  0%| F|  |TAMS 0x000000008cc00000| PB 0x000000008cc00000| Untracked 
|  37|0x000000008cd00000, 0x000000008cd00000, 0x000000008ce00000|  0%| F|  |TAMS 0x000000008cd00000| PB 0x000000008cd00000| Untracked 
|  38|0x000000008ce00000, 0x000000008ce00000, 0x000000008cf00000|  0%| F|  |TAMS 0x000000008ce00000| PB 0x000000008ce00000| Untracked 
|  39|0x000000008cf00000, 0x000000008cf00000, 0x000000008d000000|  0%| F|  |TAMS 0x000000008cf00000| PB 0x000000008cf00000| Untracked 
|  40|0x000000008d000000, 0x000000008d000000, 0x000000008d100000|  0%| F|  |TAMS 0x000000008d000000| PB 0x000000008d000000| Untracked 
|  41|0x000000008d100000, 0x000000008d100000, 0x000000008d200000|  0%| F|  |TAMS 0x000000008d100000| PB 0x000000008d100000| Untracked 
|  42|0x000000008d200000, 0x000000008d200000, 0x000000008d300000|  0%| F|  |TAMS 0x000000008d200000| PB 0x000000008d200000| Untracked 
|  43|0x000000008d300000, 0x000000008d300000, 0x000000008d400000|  0%| F|  |TAMS 0x000000008d300000| PB 0x000000008d300000| Untracked 
|  44|0x000000008d400000, 0x000000008d400000, 0x000000008d500000|  0%| F|  |TAMS 0x000000008d400000| PB 0x000000008d400000| Untracked 
|  45|0x000000008d500000, 0x000000008d500000, 0x000000008d600000|  0%| F|  |TAMS 0x000000008d500000| PB 0x000000008d500000| Untracked 
|  46|0x000000008d600000, 0x000000008d600000, 0x000000008d700000|  0%| F|  |TAMS 0x000000008d600000| PB 0x000000008d600000| Untracked 
|  47|0x000000008d700000, 0x000000008d700000, 0x000000008d800000|  0%| F|  |TAMS 0x000000008d700000| PB 0x000000008d700000| Untracked 
|  48|0x000000008d800000, 0x000000008d800000, 0x000000008d900000|  0%| F|  |TAMS 0x000000008d800000| PB 0x000000008d800000| Untracked 
|  49|0x000000008d900000, 0x000000008d900000, 0x000000008da00000|  0%| F|  |TAMS 0x000000008d900000| PB 0x000000008d900000| Untracked 
|  50|0x000000008da00000, 0x000000008da00000, 0x000000008db00000|  0%| F|  |TAMS 0x000000008da00000| PB 0x000000008da00000| Untracked 
|  51|0x000000008db00000, 0x000000008db00000, 0x000000008dc00000|  0%| F|  |TAMS 0x000000008db00000| PB 0x000000008db00000| Untracked 
|  52|0x000000008dc00000, 0x000000008dc00000, 0x000000008dd00000|  0%| F|  |TAMS 0x000000008dc00000| PB 0x000000008dc00000| Untracked 
|  53|0x000000008dd00000, 0x000000008dd00000, 0x000000008de00000|  0%| F|  |TAMS 0x000000008dd00000| PB 0x000000008dd00000| Untracked 
|  54|0x000000008de00000, 0x000000008de00000, 0x000000008df00000|  0%| F|  |TAMS 0x000000008de00000| PB 0x000000008de00000| Untracked 
|  55|0x000000008df00000, 0x000000008df00000, 0x000000008e000000|  0%| F|  |TAMS 0x000000008df00000| PB 0x000000008df00000| Untracked 
|  56|0x000000008e000000, 0x000000008e000000, 0x000000008e100000|  0%| F|  |TAMS 0x000000008e000000| PB 0x000000008e000000| Untracked 
|  57|0x000000008e100000, 0x000000008e100000, 0x000000008e200000|  0%| F|  |TAMS 0x000000008e100000| PB 0x000000008e100000| Untracked 
|  58|0x000000008e200000, 0x000000008e200000, 0x000000008e300000|  0%| F|  |TAMS 0x000000008e200000| PB 0x000000008e200000| Untracked 
|  59|0x000000008e300000, 0x000000008e300000, 0x000000008e400000|  0%| F|  |TAMS 0x000000008e300000| PB 0x000000008e300000| Untracked 
|  60|0x000000008e400000, 0x000000008e400000, 0x000000008e500000|  0%| F|  |TAMS 0x000000008e400000| PB 0x000000008e400000| Untracked 
|  61|0x000000008e500000, 0x000000008e500000, 0x000000008e600000|  0%| F|  |TAMS 0x000000008e500000| PB 0x000000008e500000| Untracked 
|  62|0x000000008e600000, 0x000000008e600000, 0x000000008e700000|  0%| F|  |TAMS 0x000000008e600000| PB 0x000000008e600000| Untracked 
|  63|0x000000008e700000, 0x000000008e700000, 0x000000008e800000|  0%| F|  |TAMS 0x000000008e700000| PB 0x000000008e700000| Untracked 
|  64|0x000000008e800000, 0x000000008e800000, 0x000000008e900000|  0%| F|  |TAMS 0x000000008e800000| PB 0x000000008e800000| Untracked 
|  65|0x000000008e900000, 0x000000008e900000, 0x000000008ea00000|  0%| F|  |TAMS 0x000000008e900000| PB 0x000000008e900000| Untracked 
|  66|0x000000008ea00000, 0x000000008ea00000, 0x000000008eb00000|  0%| F|  |TAMS 0x000000008ea00000| PB 0x000000008ea00000| Untracked 
|  67|0x000000008eb00000, 0x000000008eb00000, 0x000000008ec00000|  0%| F|  |TAMS 0x000000008eb00000| PB 0x000000008eb00000| Untracked 
|  68|0x000000008ec00000, 0x000000008ec00000, 0x000000008ed00000|  0%| F|  |TAMS 0x000000008ec00000| PB 0x000000008ec00000| Untracked 
|  69|0x000000008ed00000, 0x000000008ed00000, 0x000000008ee00000|  0%| F|  |TAMS 0x000000008ed00000| PB 0x000000008ed00000| Untracked 
|  70|0x000000008ee00000, 0x000000008ee00000, 0x000000008ef00000|  0%| F|  |TAMS 0x000000008ee00000| PB 0x000000008ee00000| Untracked 
|  71|0x000000008ef00000, 0x000000008ef00000, 0x000000008f000000|  0%| F|  |TAMS 0x000000008ef00000| PB 0x000000008ef00000| Untracked 
|  72|0x000000008f000000, 0x000000008f000000, 0x000000008f100000|  0%| F|  |TAMS 0x000000008f000000| PB 0x000000008f000000| Untracked 
|  73|0x000000008f100000, 0x000000008f100000, 0x000000008f200000|  0%| F|  |TAMS 0x000000008f100000| PB 0x000000008f100000| Untracked 
|  74|0x000000008f200000, 0x000000008f200000, 0x000000008f300000|  0%| F|  |TAMS 0x000000008f200000| PB 0x000000008f200000| Untracked 
|  75|0x000000008f300000, 0x000000008f300000, 0x000000008f400000|  0%| F|  |TAMS 0x000000008f300000| PB 0x000000008f300000| Untracked 
|  76|0x000000008f400000, 0x000000008f400000, 0x000000008f500000|  0%| F|  |TAMS 0x000000008f400000| PB 0x000000008f400000| Untracked 
|  77|0x000000008f500000, 0x000000008f500000, 0x000000008f600000|  0%| F|  |TAMS 0x000000008f500000| PB 0x000000008f500000| Untracked 
|  78|0x000000008f600000, 0x000000008f600000, 0x000000008f700000|  0%| F|  |TAMS 0x000000008f600000| PB 0x000000008f600000| Untracked 
|  79|0x000000008f700000, 0x000000008f700000, 0x000000008f800000|  0%| F|  |TAMS 0x000000008f700000| PB 0x000000008f700000| Untracked 
|  80|0x000000008f800000, 0x000000008f800000, 0x000000008f900000|  0%| F|  |TAMS 0x000000008f800000| PB 0x000000008f800000| Untracked 
|  81|0x000000008f900000, 0x000000008f900000, 0x000000008fa00000|  0%| F|  |TAMS 0x000000008f900000| PB 0x000000008f900000| Untracked 
|  82|0x000000008fa00000, 0x000000008fa00000, 0x000000008fb00000|  0%| F|  |TAMS 0x000000008fa00000| PB 0x000000008fa00000| Untracked 
|  83|0x000000008fb00000, 0x000000008fb00000, 0x000000008fc00000|  0%| F|  |TAMS 0x000000008fb00000| PB 0x000000008fb00000| Untracked 
|  84|0x000000008fc00000, 0x000000008fc00000, 0x000000008fd00000|  0%| F|  |TAMS 0x000000008fc00000| PB 0x000000008fc00000| Untracked 
|  85|0x000000008fd00000, 0x000000008fd00000, 0x000000008fe00000|  0%| F|  |TAMS 0x000000008fd00000| PB 0x000000008fd00000| Untracked 
|  86|0x000000008fe00000, 0x000000008fe00000, 0x000000008ff00000|  0%| F|  |TAMS 0x000000008fe00000| PB 0x000000008fe00000| Untracked 
|  87|0x000000008ff00000, 0x000000008ff00000, 0x0000000090000000|  0%| F|  |TAMS 0x000000008ff00000| PB 0x000000008ff00000| Untracked 
|  88|0x0000000090000000, 0x0000000090000000, 0x0000000090100000|  0%| F|  |TAMS 0x0000000090000000| PB 0x0000000090000000| Untracked 
|  89|0x0000000090100000, 0x0000000090100000, 0x0000000090200000|  0%| F|  |TAMS 0x0000000090100000| PB 0x0000000090100000| Untracked 
|  90|0x0000000090200000, 0x0000000090200000, 0x0000000090300000|  0%| F|  |TAMS 0x0000000090200000| PB 0x0000000090200000| Untracked 
|  91|0x0000000090300000, 0x0000000090300000, 0x0000000090400000|  0%| F|  |TAMS 0x0000000090300000| PB 0x0000000090300000| Untracked 
|  92|0x0000000090400000, 0x0000000090400000, 0x0000000090500000|  0%| F|  |TAMS 0x0000000090400000| PB 0x0000000090400000| Untracked 
|  93|0x0000000090500000, 0x0000000090500000, 0x0000000090600000|  0%| F|  |TAMS 0x0000000090500000| PB 0x0000000090500000| Untracked 
|  94|0x0000000090600000, 0x0000000090600000, 0x0000000090700000|  0%| F|  |TAMS 0x0000000090600000| PB 0x0000000090600000| Untracked 
|  95|0x0000000090700000, 0x0000000090700000, 0x0000000090800000|  0%| F|  |TAMS 0x0000000090700000| PB 0x0000000090700000| Untracked 
|  96|0x0000000090800000, 0x0000000090800000, 0x0000000090900000|  0%| F|  |TAMS 0x0000000090800000| PB 0x0000000090800000| Untracked 
|  97|0x0000000090900000, 0x0000000090900000, 0x0000000090a00000|  0%| F|  |TAMS 0x0000000090900000| PB 0x0000000090900000| Untracked 
|  98|0x0000000090a00000, 0x0000000090a00000, 0x0000000090b00000|  0%| F|  |TAMS 0x0000000090a00000| PB 0x0000000090a00000| Untracked 
|  99|0x0000000090b00000, 0x0000000090b00000, 0x0000000090c00000|  0%| F|  |TAMS 0x0000000090b00000| PB 0x0000000090b00000| Untracked 
| 100|0x0000000090c00000, 0x0000000090c00000, 0x0000000090d00000|  0%| F|  |TAMS 0x0000000090c00000| PB 0x0000000090c00000| Untracked 
| 101|0x0000000090d00000, 0x0000000090d00000, 0x0000000090e00000|  0%| F|  |TAMS 0x0000000090d00000| PB 0x0000000090d00000| Untracked 
| 102|0x0000000090e00000, 0x0000000090e00000, 0x0000000090f00000|  0%| F|  |TAMS 0x0000000090e00000| PB 0x0000000090e00000| Untracked 
| 103|0x0000000090f00000, 0x0000000090f00000, 0x0000000091000000|  0%| F|  |TAMS 0x0000000090f00000| PB 0x0000000090f00000| Untracked 
| 104|0x0000000091000000, 0x0000000091000000, 0x0000000091100000|  0%| F|  |TAMS 0x0000000091000000| PB 0x0000000091000000| Untracked 
| 105|0x0000000091100000, 0x0000000091100000, 0x0000000091200000|  0%| F|  |TAMS 0x0000000091100000| PB 0x0000000091100000| Untracked 
| 106|0x0000000091200000, 0x0000000091200000, 0x0000000091300000|  0%| F|  |TAMS 0x0000000091200000| PB 0x0000000091200000| Untracked 
| 107|0x0000000091300000, 0x0000000091300000, 0x0000000091400000|  0%| F|  |TAMS 0x0000000091300000| PB 0x0000000091300000| Untracked 
| 108|0x0000000091400000, 0x0000000091400000, 0x0000000091500000|  0%| F|  |TAMS 0x0000000091400000| PB 0x0000000091400000| Untracked 
| 109|0x0000000091500000, 0x00000000915eb8d8, 0x0000000091600000| 92%| E|  |TAMS 0x0000000091500000| PB 0x0000000091500000| Complete 
| 110|0x0000000091600000, 0x0000000091700000, 0x0000000091700000|100%| E|CS|TAMS 0x0000000091600000| PB 0x0000000091600000| Complete 
| 111|0x0000000091700000, 0x0000000091800000, 0x0000000091800000|100%| E|CS|TAMS 0x0000000091700000| PB 0x0000000091700000| Complete 
| 112|0x0000000091800000, 0x0000000091900000, 0x0000000091900000|100%| E|CS|TAMS 0x0000000091800000| PB 0x0000000091800000| Complete 
| 113|0x0000000091900000, 0x0000000091a00000, 0x0000000091a00000|100%| E|CS|TAMS 0x0000000091900000| PB 0x0000000091900000| Complete 
| 114|0x0000000091a00000, 0x0000000091b00000, 0x0000000091b00000|100%| E|  |TAMS 0x0000000091a00000| PB 0x0000000091a00000| Complete 
| 115|0x0000000091b00000, 0x0000000091c00000, 0x0000000091c00000|100%| E|CS|TAMS 0x0000000091b00000| PB 0x0000000091b00000| Complete 
| 116|0x0000000091c00000, 0x0000000091d00000, 0x0000000091d00000|100%| E|CS|TAMS 0x0000000091c00000| PB 0x0000000091c00000| Complete 
| 117|0x0000000091d00000, 0x0000000091e00000, 0x0000000091e00000|100%| E|CS|TAMS 0x0000000091d00000| PB 0x0000000091d00000| Complete 

Card table byte_map: [0x0000018ff4a50000,0x0000018ff4e00000] _byte_map_base: 0x0000018ff45fc000

Marking Bits: (CMBitMap*) 0x0000018fe8ceadc0
 Bits: [0x0000018ff4e00000, 0x0000018ff6b60000)

Polling page: 0x0000018fe6c60000

Metaspace:

Usage:
  Non-class:      1.86 MB used.
      Class:    221.60 KB used.
       Both:      2.08 MB used.

Virtual space:
  Non-class space:       64.00 MB reserved,       1.94 MB (  3%) committed,  1 nodes.
      Class space:        1.00 GB reserved,     320.00 KB ( <1%) committed,  1 nodes.
             Both:        1.06 GB reserved,       2.25 MB ( <1%) committed. 

Chunk freelists:
   Non-Class:  11.94 MB
       Class:  15.72 MB
        Both:  27.66 MB

MaxMetaspaceSize: unlimited
CompressedClassSpaceSize: 1.00 GB
Initial GC threshold: 21.00 MB
Current GC threshold: 21.00 MB
CDS: on
 - commit_granule_bytes: 65536.
 - commit_granule_words: 8192.
 - virtual_space_node_default_size: 8388608.
 - enlarge_chunks_in_place: 1.
 - use_allocation_guard: 0.


Internal statistics:

num_allocs_failed_limit: 0.
num_arena_births: 54.
num_arena_deaths: 0.
num_vsnodes_births: 2.
num_vsnodes_deaths: 0.
num_space_committed: 36.
num_space_uncommitted: 0.
num_chunks_returned_to_freelist: 0.
num_chunks_taken_from_freelist: 56.
num_chunk_merges: 0.
num_chunk_splits: 42.
num_chunks_enlarged: 25.
num_inconsistent_stats: 0.

CodeCache: size=49152Kb used=2515Kb max_used=2515Kb free=46636Kb
 bounds [0x0000018ff1370000, 0x0000018ff15f0000, 0x0000018ff4370000]
 total_blobs=983 nmethods=555 adapters=352
 compilation: enabled
              stopped_count=0, restarted_count=0
 full_count=0

Compilation events (20 events):
Event: 0.256 Thread 0x0000018ff9a51060 nmethod 542 0x0000018ff15df390 code [0x0000018ff15df540, 0x0000018ff15df718]
Event: 0.256 Thread 0x0000018ff9a51060  545       1       java.util.TreeMap::successor (66 bytes)
Event: 0.256 Thread 0x0000018ff9a51060 nmethod 545 0x0000018ff15df790 code [0x0000018ff15df940, 0x0000018ff15dfab8]
Event: 0.256 Thread 0x0000018ff9a51060  544       1       java.util.TreeMap$PrivateEntryIterator::nextEntry (54 bytes)
Event: 0.257 Thread 0x0000018ff9205490 nmethod 539 0x0000018ff15dfc10 code [0x0000018ff15dfe40, 0x0000018ff15e04e0]
Event: 0.257 Thread 0x0000018ff9a51060 nmethod 544 0x0000018ff15e0810 code [0x0000018ff15e09e0, 0x0000018ff15e0c88]
Event: 0.257 Thread 0x0000018ff9205490  543       1       java.util.TreeMap::size (5 bytes)
Event: 0.257 Thread 0x0000018ff9a51060  541       1       java.util.LinkedHashMap$LinkedHashIterator::hasNext (13 bytes)
Event: 0.257 Thread 0x0000018ff9a51060 nmethod 541 0x0000018ff15e0e10 code [0x0000018ff15e0fa0, 0x0000018ff15e1078]
Event: 0.257 Thread 0x0000018ff9a51060  546       1       java.util.LinkedHashMap$LinkedHashIterator::nextNode (68 bytes)
Event: 0.257 Thread 0x0000018ff9205490 nmethod 543 0x0000018ff15e1110 code [0x0000018ff15e12a0, 0x0000018ff15e1368]
Event: 0.257 Thread 0x0000018ff9205490  540       1       java.util.ArrayList$Itr::hasNext (20 bytes)
Event: 0.257 Thread 0x0000018ff9a51060 nmethod 546 0x0000018ff15e1410 code [0x0000018ff15e15e0, 0x0000018ff15e1870]
Event: 0.257 Thread 0x0000018ff9205490 nmethod 540 0x0000018ff15e1a10 code [0x0000018ff15e1ba0, 0x0000018ff15e1c88]
Event: 0.258 Thread 0x0000018ff9205490  550       1       jdk.internal.org.objectweb.asm.MethodWriter::visitVarInsn (302 bytes)
Event: 0.258 Thread 0x0000018ff9a51060  553       1       jdk.internal.org.objectweb.asm.SymbolTable::addType (81 bytes)
Event: 0.258 Thread 0x0000018ff9205490 nmethod 550 0x0000018ff15e3510 code [0x0000018ff15e3720, 0x0000018ff15e3b70]
Event: 0.258 Thread 0x0000018ff9a51060 nmethod 553 0x0000018ff15e4090 code [0x0000018ff15e4280, 0x0000018ff15e45a8]
Event: 0.258 Thread 0x0000018ff9205490  555       1       jdk.internal.org.objectweb.asm.ByteVector::putInt (74 bytes)
Event: 0.259 Thread 0x0000018ff9205490 nmethod 555 0x0000018ff15e4810 code [0x0000018ff15e49c0, 0x0000018ff15e4b60]

GC Heap History (0 events):
No events

Dll operation events (11 events):
Event: 0.012 Loaded shared library C:\Users\Ngoc\.jdks\corretto-21.0.5\bin\java.dll
Event: 0.129 Loaded shared library C:\Users\Ngoc\.jdks\corretto-21.0.5\bin\zip.dll
Event: 0.132 Loaded shared library C:\Users\Ngoc\.jdks\corretto-21.0.5\bin\instrument.dll
Event: 0.137 Loaded shared library C:\Users\Ngoc\.jdks\corretto-21.0.5\bin\net.dll
Event: 0.139 Loaded shared library C:\Users\Ngoc\.jdks\corretto-21.0.5\bin\nio.dll
Event: 0.142 Loaded shared library C:\Users\Ngoc\.jdks\corretto-21.0.5\bin\zip.dll
Event: 0.202 Loaded shared library E:\IntelliJ IDEA 2024.2.0.2\bin\breakgen64.dll
Event: 0.206 Loaded shared library C:\Users\Ngoc\.jdks\corretto-21.0.5\bin\jimage.dll
Event: 0.209 Loaded shared library C:\Users\Ngoc\.jdks\corretto-21.0.5\bin\extnet.dll
Event: 0.223 Loaded shared library C:\Users\Ngoc\.jdks\corretto-21.0.5\bin\management.dll
Event: 0.230 Loaded shared library C:\Users\Ngoc\.jdks\corretto-21.0.5\bin\management_ext.dll

Deoptimization events (0 events):
No events

Classes loaded (20 events):
Event: 0.253 Loading class sun/management/ThreadImpl done
Event: 0.253 Loading class com/sun/management/internal/HotSpotThreadImpl done
Event: 0.253 Loading class java/lang/management/ThreadInfo
Event: 0.253 Loading class java/lang/management/ThreadInfo done
Event: 0.254 Loading class java/lang/management/LockInfo
Event: 0.254 Loading class java/lang/management/LockInfo done
Event: 0.254 Loading class java/lang/management/MonitorInfo
Event: 0.254 Loading class java/lang/management/MonitorInfo done
Event: 0.254 Loading class java/lang/InterruptedException
Event: 0.254 Loading class java/lang/InterruptedException done
Event: 0.255 Loading class com/sun/jmx/mbeanserver/DefaultMXBeanMappingFactory$CompositeMapping
Event: 0.255 Loading class com/sun/jmx/mbeanserver/DefaultMXBeanMappingFactory$CompositeMapping done
Event: 0.256 Loading class com/sun/jmx/mbeanserver/DefaultMXBeanMappingFactory$ArrayMapping
Event: 0.256 Loading class com/sun/jmx/mbeanserver/DefaultMXBeanMappingFactory$ArrayMapping done
Event: 0.256 Loading class java/lang/annotation/ElementType
Event: 0.256 Loading class java/lang/annotation/ElementType done
Event: 0.256 Loading class com/sun/jmx/mbeanserver/DefaultMXBeanMappingFactory$EnumMapping
Event: 0.256 Loading class com/sun/jmx/mbeanserver/DefaultMXBeanMappingFactory$EnumMapping done
Event: 0.256 Loading class javax/management/MBeanParameterInfo
Event: 0.257 Loading class javax/management/MBeanParameterInfo done

Classes unloaded (0 events):
No events

Classes redefined (0 events):
No events

Internal exceptions (5 events):
Event: 0.194 Thread 0x0000018fe6a2f480 Exception <a 'java/lang/NoSuchMethodError'{0x00000000916683e0}: 'void java.lang.invoke.DirectMethodHandle$Holder.invokeStatic(java.lang.Object, java.lang.Object, java.lang.Object)'> (0x00000000916683e0) 
thrown [s\src\hotspot\share\interpreter\linkResolver.cpp, line 773]
Event: 0.199 Thread 0x0000018fe6a2f480 Exception <a 'java/lang/NoSuchMethodError'{0x000000009167fef8}: 'java.lang.Object java.lang.invoke.Invokers$Holder.invokeExact_MT(java.lang.Object, java.lang.Object, java.lang.Object, java.lang.Object, java.lang.Object)'> (0x000000009167fef8) 
thrown [s\src\hotspot\share\interpreter\linkResolver.cpp, line 773]
Event: 0.210 Thread 0x0000018ffe134180 Exception <a 'java/lang/NoSuchMethodError'{0x00000000916b2618}: 'void java.lang.invoke.DirectMethodHandle$Holder.invokeStatic(java.lang.Object, java.lang.Object)'> (0x00000000916b2618) 
thrown [s\src\hotspot\share\interpreter\linkResolver.cpp, line 773]
Event: 0.233 Thread 0x0000018fe6a2f480 Exception <a 'java/lang/NoSuchMethodError'{0x000000009151ea98}: 'int java.lang.invoke.DirectMethodHandle$Holder.invokeInterface(java.lang.Object, java.lang.Object)'> (0x000000009151ea98) 
thrown [s\src\hotspot\share\interpreter\linkResolver.cpp, line 773]
Event: 0.234 Thread 0x0000018fe6a2f480 Exception <a 'java/lang/IncompatibleClassChangeError'{0x0000000091521dd0}: Found class java.lang.Object, but interface was expected> (0x0000000091521dd0) 
thrown [s\src\hotspot\share\interpreter\linkResolver.cpp, line 840]

ZGC Phase Switch (0 events):
No events

VM Operations (4 events):
Event: 0.116 Executing VM operation: HandshakeAllThreads (Deoptimize)
Event: 0.117 Executing VM operation: HandshakeAllThreads (Deoptimize) done
Event: 0.237 Executing VM operation: HandshakeAllThreads (Deoptimize)
Event: 0.237 Executing VM operation: HandshakeAllThreads (Deoptimize) done

Memory protections (0 events):
No events

Nmethod flushes (0 events):
No events

Events (12 events):
Event: 0.028 Thread 0x0000018fe6a2f480 Thread added: 0x0000018fe6a2f480
Event: 0.042 Thread 0x0000018fe6a2f480 Thread added: 0x0000018ff91ed220
Event: 0.042 Thread 0x0000018fe6a2f480 Thread added: 0x0000018ff91edf30
Event: 0.042 Thread 0x0000018fe6a2f480 Thread added: 0x0000018ff91f3b80
Event: 0.042 Thread 0x0000018fe6a2f480 Thread added: 0x0000018ff91f5aa0
Event: 0.042 Thread 0x0000018fe6a2f480 Thread added: 0x0000018ff91f64f0
Event: 0.042 Thread 0x0000018fe6a2f480 Thread added: 0x0000018ff9200f70
Event: 0.042 Thread 0x0000018fe6a2f480 Thread added: 0x0000018ff9205490
Event: 0.107 Thread 0x0000018fe6a2f480 Thread added: 0x0000018ff91c6250
Event: 0.116 Thread 0x0000018ff9205490 Thread added: 0x0000018ff9a51060
Event: 0.202 Thread 0x0000018fe6a2f480 Thread added: 0x0000018ffe134180
Event: 0.202 Thread 0x0000018fe6a2f480 Thread added: 0x0000018ffe1347e0


Dynamic libraries:
0x00007ff6e20e0000 - 0x00007ff6e20ee000 	C:\Users\Ngoc\.jdks\corretto-21.0.5\bin\java.exe
0x00007ff821790000 - 0x00007ff8219a7000 	C:\WINDOWS\SYSTEM32\ntdll.dll
0x00007ff821260000 - 0x00007ff821324000 	C:\WINDOWS\System32\KERNEL32.DLL
0x00007ff81ea90000 - 0x00007ff81ee49000 	C:\WINDOWS\System32\KERNELBASE.dll
0x00007ff81f130000 - 0x00007ff81f241000 	C:\WINDOWS\System32\ucrtbase.dll
0x00007ff808b10000 - 0x00007ff808b2b000 	C:\Users\Ngoc\.jdks\corretto-21.0.5\bin\VCRUNTIME140.dll
0x00007ff80d050000 - 0x00007ff80d068000 	C:\Users\Ngoc\.jdks\corretto-21.0.5\bin\jli.dll
0x00007ff820b90000 - 0x00007ff820d3e000 	C:\WINDOWS\System32\USER32.dll
0x00007ff81f100000 - 0x00007ff81f126000 	C:\WINDOWS\System32\win32u.dll
0x00007ff80d330000 - 0x00007ff80d5c2000 	C:\WINDOWS\WinSxS\amd64_microsoft.windows.common-controls_6595b64144ccf1df_6.0.22621.4391_none_2715d37f73803e96\COMCTL32.dll
0x00007ff821150000 - 0x00007ff821179000 	C:\WINDOWS\System32\GDI32.dll
0x00007ff820440000 - 0x00007ff8204e7000 	C:\WINDOWS\System32\msvcrt.dll
0x00007ff81ee50000 - 0x00007ff81ef6b000 	C:\WINDOWS\System32\gdi32full.dll
0x00007ff81f060000 - 0x00007ff81f0fa000 	C:\WINDOWS\System32\msvcp_win.dll
0x00007ff821460000 - 0x00007ff821491000 	C:\WINDOWS\System32\IMM32.DLL
0x00007ff81b680000 - 0x00007ff81b68c000 	C:\Users\Ngoc\.jdks\corretto-21.0.5\bin\vcruntime140_1.dll
0x00007ff804aa0000 - 0x00007ff804b2d000 	C:\Users\Ngoc\.jdks\corretto-21.0.5\bin\msvcp140.dll
0x00007fffafb20000 - 0x00007fffb08bd000 	C:\Users\Ngoc\.jdks\corretto-21.0.5\bin\server\jvm.dll
0x00007ff821090000 - 0x00007ff821142000 	C:\WINDOWS\System32\ADVAPI32.dll
0x00007ff821330000 - 0x00007ff8213d7000 	C:\WINDOWS\System32\sechost.dll
0x00007ff81f310000 - 0x00007ff81f338000 	C:\WINDOWS\System32\bcrypt.dll
0x00007ff820f10000 - 0x00007ff821024000 	C:\WINDOWS\System32\RPCRT4.dll
0x00007ff8203c0000 - 0x00007ff820431000 	C:\WINDOWS\System32\WS2_32.dll
0x00007ff81e960000 - 0x00007ff81e9ad000 	C:\WINDOWS\SYSTEM32\POWRPROF.dll
0x00007ff81ad10000 - 0x00007ff81ad44000 	C:\WINDOWS\SYSTEM32\WINMM.dll
0x00007ff819bd0000 - 0x00007ff819bda000 	C:\WINDOWS\SYSTEM32\VERSION.dll
0x00007ff81e940000 - 0x00007ff81e953000 	C:\WINDOWS\SYSTEM32\UMPDC.dll
0x00007ff81dad0000 - 0x00007ff81dae8000 	C:\WINDOWS\SYSTEM32\kernel.appcore.dll
0x00007ff8110e0000 - 0x00007ff8110ea000 	C:\Users\Ngoc\.jdks\corretto-21.0.5\bin\jimage.dll
0x00007ff806030000 - 0x00007ff806262000 	C:\WINDOWS\SYSTEM32\DBGHELP.DLL
0x00007ff820030000 - 0x00007ff8203bf000 	C:\WINDOWS\System32\combase.dll
0x00007ff821180000 - 0x00007ff821257000 	C:\WINDOWS\System32\OLEAUT32.dll
0x00007ff805ed0000 - 0x00007ff805f02000 	C:\WINDOWS\SYSTEM32\dbgcore.DLL
0x00007ff81ef70000 - 0x00007ff81efeb000 	C:\WINDOWS\System32\bcryptPrimitives.dll
0x00007ff81bcd0000 - 0x00007ff81bcde000 	C:\Users\Ngoc\.jdks\corretto-21.0.5\bin\instrument.dll
0x00007ff808760000 - 0x00007ff80877f000 	C:\Users\Ngoc\.jdks\corretto-21.0.5\bin\java.dll
0x00007ff81f580000 - 0x00007ff81fdf6000 	C:\WINDOWS\System32\SHELL32.dll
0x00007ff81c9d0000 - 0x00007ff81d2d3000 	C:\WINDOWS\SYSTEM32\windows.storage.dll
0x00007ff81c890000 - 0x00007ff81c9cf000 	C:\WINDOWS\SYSTEM32\wintypes.dll
0x00007ff820500000 - 0x00007ff8205f9000 	C:\WINDOWS\System32\SHCORE.dll
0x00007ff81fe60000 - 0x00007ff81febe000 	C:\WINDOWS\System32\shlwapi.dll
0x00007ff81e9c0000 - 0x00007ff81e9eb000 	C:\WINDOWS\SYSTEM32\profapi.dll
0x00007ff807da0000 - 0x00007ff807db8000 	C:\Users\Ngoc\.jdks\corretto-21.0.5\bin\zip.dll
0x00007ff80d040000 - 0x00007ff80d050000 	C:\Users\Ngoc\.jdks\corretto-21.0.5\bin\net.dll
0x00007ff81a6b0000 - 0x00007ff81a7e6000 	C:\WINDOWS\SYSTEM32\WINHTTP.dll
0x00007ff81df50000 - 0x00007ff81dfb9000 	C:\WINDOWS\system32\mswsock.dll
0x00007ff807dc0000 - 0x00007ff807dd6000 	C:\Users\Ngoc\.jdks\corretto-21.0.5\bin\nio.dll
0x00007ff81b560000 - 0x00007ff81b57a000 	E:\IntelliJ IDEA 2024.2.0.2\bin\breakgen64.dll
0x00007ff808ba0000 - 0x00007ff808ba9000 	C:\Users\Ngoc\.jdks\corretto-21.0.5\bin\extnet.dll
0x00007ff81d5b0000 - 0x00007ff81d6b2000 	C:\WINDOWS\SYSTEM32\DNSAPI.dll
0x00007ff81d540000 - 0x00007ff81d56d000 	C:\WINDOWS\SYSTEM32\IPHLPAPI.DLL
0x00007ff8204f0000 - 0x00007ff8204f9000 	C:\WINDOWS\System32\NSI.dll
0x00007ff817060000 - 0x00007ff81706a000 	C:\Windows\System32\rasadhlp.dll
0x00007ff817950000 - 0x00007ff8179d3000 	C:\WINDOWS\System32\fwpuclnt.dll
0x00007ff808750000 - 0x00007ff808759000 	C:\Users\Ngoc\.jdks\corretto-21.0.5\bin\management.dll
0x00007ff807d70000 - 0x00007ff807d7b000 	C:\Users\Ngoc\.jdks\corretto-21.0.5\bin\management_ext.dll
0x00007ff81fec0000 - 0x00007ff81fec8000 	C:\WINDOWS\System32\PSAPI.DLL

dbghelp: loaded successfully - version: 4.0.5 - missing functions: none
symbol engine: initialized successfully - sym options: 0x614 - pdb path: .;C:\Users\Ngoc\.jdks\corretto-21.0.5\bin;C:\WINDOWS\SYSTEM32;C:\WINDOWS\WinSxS\amd64_microsoft.windows.common-controls_6595b64144ccf1df_6.0.22621.4391_none_2715d37f73803e96;C:\Users\Ngoc\.jdks\corretto-21.0.5\bin\server;E:\IntelliJ IDEA 2024.2.0.2\bin

VM Arguments:
jvm_args: --enable-preview -XX:TieredStopAtLevel=1 -Dspring.output.ansi.enabled=always -Dcom.sun.management.jmxremote -Dspring.jmx.enabled=true -Dspring.liveBeansView.mbeanDomain -Dspring.application.admin.enabled=true -Dmanagement.endpoints.jmx.exposure.include=* -javaagent:E:\IntelliJ IDEA 2024.2.0.2\lib\idea_rt.jar=53937:E:\IntelliJ IDEA 2024.2.0.2\bin -Dfile.encoding=UTF-8 -Dsun.stdout.encoding=UTF-8 -Dsun.stderr.encoding=UTF-8 
java_command: com.example.Lab6NTN.Lab6NtnApplication
java_class_path (initial): D:\Lab6NTN - Copy\Lab6NTN\target\classes;C:\Users\Ngoc\.m2\repository\org\springframework\boot\spring-boot-starter-data-jpa\3.3.4\spring-boot-starter-data-jpa-3.3.4.jar;C:\Users\Ngoc\.m2\repository\org\springframework\boot\spring-boot-starter-aop\3.3.4\spring-boot-starter-aop-3.3.4.jar;C:\Users\Ngoc\.m2\repository\org\springframework\spring-aop\6.1.13\spring-aop-6.1.13.jar;C:\Users\Ngoc\.m2\repository\org\aspectj\aspectjweaver\1.9.22.1\aspectjweaver-1.9.22.1.jar;C:\Users\Ngoc\.m2\repository\org\springframework\boot\spring-boot-starter-jdbc\3.3.4\spring-boot-starter-jdbc-3.3.4.jar;C:\Users\Ngoc\.m2\repository\com\zaxxer\HikariCP\5.1.0\HikariCP-5.1.0.jar;C:\Users\Ngoc\.m2\repository\org\springframework\spring-jdbc\6.1.13\spring-jdbc-6.1.13.jar;C:\Users\Ngoc\.m2\repository\org\hibernate\orm\hibernate-core\6.5.3.Final\hibernate-core-6.5.3.Final.jar;C:\Users\Ngoc\.m2\repository\jakarta\persistence\jakarta.persistence-api\3.1.0\jakarta.persistence-api-3.1.0.jar;C:\Users\Ngoc\.m2\repository\jakarta\transaction\jakarta.transaction-api\2.0.1\jakarta.transaction-api-2.0.1.jar;C:\Users\Ngoc\.m2\repository\org\jboss\logging\jboss-logging\3.5.3.Final\jboss-logging-3.5.3.Final.jar;C:\Users\Ngoc\.m2\repository\org\hibernate\common\hibernate-commons-annotations\6.0.6.Final\hibernate-commons-annotations-6.0.6.Final.jar;C:\Users\Ngoc\.m2\repository\io\smallrye\jandex\3.1.2\jandex-3.1.2.jar;C:\Users\Ngoc\.m2\repository\com\fasterxml\classmate\1.7.0\classmate-1.7.0.jar;C:\Users\Ngoc\.m2\repository\net\bytebuddy\byte-buddy\1.14.19\byte-buddy-1.14.19.jar;C:\Users\Ngoc\.m2\repository\org\glassfish\jaxb\jaxb-runtime\4.0.5\jaxb-runtime-4.0.5.jar;C:\Users\Ngoc\.m2\repository\org\glassfish\jaxb\jaxb-core\4.0.5\jaxb-core-4.0.5.jar;C:\Users\Ngoc\.m2\repository\org\eclipse\angus\angus-activation\2.0.2\angus-activation-2.0.2.jar;C:\Users\Ngoc\.m2\repository\org\glassfish\jaxb\txw2\4.0.5\txw2-4.0.5.jar;C:\Users\Ngoc\.m2\repository\com\sun\istack\istack-commons-runtime\4.1.2\istack-commons-runtime-4.1.2.jar;C:\Users\Ngoc\.m2\repository\jakarta\inject\jakarta.inject-api\2.0.1\jakarta.inject-api-2.0.1.jar;C:\Users\Ngoc\.m2\repository\org\antlr\antlr4-runtime\4.13.0\antlr4-runtime-4.13.0.jar;C:\Users\Ngoc\.m2\repository\org\springframework\data\spring-data-jpa\3.3.4\spring-data-jpa-3.3.4.jar;C:\Users\Ngoc\.m2\repository\org\springframework\data\spring-data-commons\3.3.4\spring-data-commons-3.3.4.jar;C:\Users\Ngoc\.m2\repository\org\springframework\spring-orm\6.1.13\spring-orm-6.1.13.jar;C:\Users\Ngoc\.m2\repository\org\springframework\spring-context\6.1.13\spring-context-6.1.13.jar;C:\Users\Ngoc\.m2\repository\org\springframework\spring-tx\6.1.13\spring-tx-6.1.13.jar;C:\Users\Ngoc\.m2\repository\org\springframework\spring-beans\6.1.13\spring-beans-6.1.13.jar;C:\Users\Ngoc\.m2\repository\jakarta\annotation\jakarta.annotation-api\2.1.1\jakarta.annotation-api-2.1.1.jar;C:\Users\Ngoc\.m2\repository\org\slf4j\slf4j-api\2.0.16\slf4j-api-2.0.16.jar;C:\Users\Ngoc\.m2\repository\org\springframework\spring-aspects\6.1.13\spring-aspects-6.1.13.jar;C:\Users\Ngoc\.m2\repository\org\springframework\boot\spring-boot-starter-thymeleaf\3.3.4\spring-boot-starter-thymeleaf-3.3.4.jar;C:\Users\Ngoc\.m2\repository\org\springframework\boot\spring-boot-starter\3.3.4\spring-boot-starter-3.3.4.jar;C:\Users\Ngoc\.m2\repository\org\springframework\boot\spring-boot-starter-logging\3.3.4\spring-boot-starter-logging-3.3.4.jar;C:\Users\Ngoc\.m2\repository\ch\qos\logback\logback-classic\1.5.8\logback-classic-1.5.8.jar;C:\Users\Ngoc\.m2\repository\ch\qos\logback\logback-core\1.5.8\logback-core-1.5.8.jar;C:\Users\Ngoc\.m2\repository\org\apache\logging\log4j\log4j-to-slf4j\2.23.1\log4j-to-slf4j-2.23.1.jar;C:\Users\Ngoc\.m2\repository\org\apache\logging\log4j\log4j-api\2.23.1\log4j-api-2.23.1.jar;C:\Users\Ngoc\.m2\repository\org\slf4j\jul-to-slf4j\2.0.16\jul-to-slf4j-2.0.16.jar;C:\Users\Ngoc\.m2\repository\org\yaml\snakeyaml\2.2\snakeyaml-2.2.jar;C:\Users\Ngoc\.m2\repository\org\thymeleaf\thymeleaf-spring6\3.1.2.RELEASE\thymeleaf-spring6-3.1.2.RELEASE.jar;C:\Users\Ngoc\.m2\repository\org\thymeleaf\thymeleaf\3.1.2.RELEASE\thymeleaf-3.1.2.RELEASE.jar;C:\Users\Ngoc\.m2\repository\org\attoparser\attoparser\2.0.7.RELEASE\attoparser-2.0.7.RELEASE.jar;C:\Users\Ngoc\.m2\repository\org\unbescape\unbescape\1.1.6.RELEASE\unbescape-1.1.6.RELEASE.jar;C:\Users\Ngoc\.m2\repository\org\springdoc\springdoc-openapi-starter-webmvc-ui\2.6.0\springdoc-openapi-starter-webmvc-ui-2.6.0.jar;C:\Users\Ngoc\.m2\repository\org\springdoc\springdoc-openapi-starter-webmvc-api\2.6.0\springdoc-openapi-starter-webmvc-api-2.6.0.jar;C:\Users\Ngoc\.m2\repository\org\springdoc\springdoc-openapi-starter-common\2.6.0\springdoc-openapi-starter-common-2.6.0.jar;C:\Users\Ngoc\.m2\repository\io\swagger\core\v3\swagger-core-jakarta\2.2.22\swagger-core-jakarta-2.2.22.jar;C:\Users\Ngoc\.m2\repository\org\apache\commons\commons-lang3\3.14.0\commons-lang3-3.14.0.jar;C:\Users\Ngoc\.m2\repository\io\swagger\core\v3\swagger-annotations-jakarta\2.2.22\swagger-annotations-jakarta-2.2.22.jar;C:\Users\Ngoc\.m2\repository\io\swagger\core\v3\swagger-models-jakarta\2.2.22\swagger-models-jakarta-2.2.22.jar;C:\Users\Ngoc\.m2\repository\com\fasterxml\jackson\dataformat\jackson-dataformat-yaml\2.17.2\jackson-dataformat-yaml-2.17.2.jar;C:\Users\Ngoc\.m2\repository\org\webjars\swagger-ui\5.17.14\swagger-ui-5.17.14.jar;C:\Users\Ngoc\.m2\repository\org\springframework\boot\spring-boot-starter-validation\3.3.4\spring-boot-starter-validation-3.3.4.jar;C:\Users\Ngoc\.m2\repository\org\apache\tomcat\embed\tomcat-embed-el\10.1.30\tomcat-embed-el-10.1.30.jar;C:\Users\Ngoc\.m2\repository\org\hibernate\validator\hibernate-validator\8.0.1.Final\hibernate-validator-8.0.1.Final.jar;C:\Users\Ngoc\.m2\repository\jakarta\validation\jakarta.validation-api\3.0.2\jakarta.validation-api-3.0.2.jar;C:\Users\Ngoc\.m2\repository\org\springframework\boot\spring-boot-starter-web\3.3.4\spring-boot-starter-web-3.3.4.jar;C:\Users\Ngoc\.m2\repository\org\springframework\boot\spring-boot-starter-json\3.3.4\spring-boot-starter-json-3.3.4.jar;C:\Users\Ngoc\.m2\repository\com\fasterxml\jackson\core\jackson-databind\2.17.2\jackson-databind-2.17.2.jar;C:\Users\Ngoc\.m2\repository\com\fasterxml\jackson\core\jackson-annotations\2.17.2\jackson-annotations-2.17.2.jar;C:\Users\Ngoc\.m2\repository\com\fasterxml\jackson\core\jackson-core\2.17.2\jackson-core-2.17.2.jar;C:\Users\Ngoc\.m2\repository\com\fasterxml\jackson\datatype\jackson-datatype-jdk8\2.17.2\jackson-datatype-jdk8-2.17.2.jar;C:\Users\Ngoc\.m2\repository\com\fasterxml\jackson\datatype\jackson-datatype-jsr310\2.17.2\jackson-datatype-jsr310-2.17.2.jar;C:\Users\Ngoc\.m2\repository\com\fasterxml\jackson\module\jackson-module-parameter-names\2.17.2\jackson-module-parameter-names-2.17.2.jar;C:\Users\Ngoc\.m2\repository\org\springframework\boot\spring-boot-starter-tomcat\3.3.4\spring-boot-starter-tomcat-3.3.4.jar;C:\Users\Ngoc\.m2\repository\org\apache\tomcat\embed\tomcat-embed-core\10.1.30\tomcat-embed-core-10.1.30.jar;C:\Users\Ngoc\.m2\repository\org\apache\tomcat\embed\tomcat-embed-websocket\10.1.30\tomcat-embed-websocket-10.1.30.jar;C:\Users\Ngoc\.m2\repository\org\springframework\spring-web\6.1.13\spring-web-6.1.13.jar;C:\Users\Ngoc\.m2\repository\io\micrometer\micrometer-observation\1.13.4\micrometer-observation-1.13.4.jar;C:\Users\Ngoc\.m2\repository\io\micrometer\micrometer-commons\1.13.4\micrometer-commons-1.13.4.jar;C:\Users\Ngoc\.m2\repository\org\springframework\spring-webmvc\6.1.13\spring-webmvc-6.1.13.jar;C:\Users\Ngoc\.m2\repository\org\springframework\spring-expression\6.1.13\spring-expression-6.1.13.jar;C:\Users\Ngoc\.m2\repository\org\springframework\boot\spring-boot-devtools\3.3.4\spring-boot-devtools-3.3.4.jar;C:\Users\Ngoc\.m2\repository\org\springframework\boot\spring-boot\3.3.4\spring-boot-3.3.4.jar;C:\Users\Ngoc\.m2\repository\org\springframework\boot\spring-boot-autoconfigure\3.3.4\spring-boot-autoconfigure-3.3.4.jar;C:\Users\Ngoc\.m2\repository\com\mysql\mysql-connector-j\8.3.0\mysql-connector-j-8.3.0.jar;C:\Users\Ngoc\.m2\repository\jakarta\xml\bind\jakarta.xml.bind-api\4.0.2\jakarta.xml.bind-api-4.0.2.jar;C:\Users\Ngoc\.m2\repository\jakarta\activation\jakarta.activation-api\2.1.3\jakarta.activation-api-2.1.3.jar;C:\Users\Ngoc\.m2\repository\org\springframework\spring-core\6.1.13\spring-core-6.1.13.jar;C:\Users\Ngoc\.m2\repository\org\springframework\spring-jcl\6.1.13\spring-jcl-6.1.13.jar
Launcher Type: SUN_STANDARD

[Global flags]
     intx CICompilerCount                          = 4                                         {product} {ergonomic}
     uint ConcGCThreads                            = 3                                         {product} {ergonomic}
     uint G1ConcRefinementThreads                  = 10                                        {product} {ergonomic}
   size_t G1HeapRegionSize                         = 1048576                                   {product} {ergonomic}
    uintx GCDrainStackTargetSize                   = 64                                        {product} {ergonomic}
   size_t InitialHeapSize                          = 123731968                                 {product} {ergonomic}
     bool ManagementServer                         = true                                      {product} {command line}
   size_t MarkStackSize                            = 4194304                                   {product} {ergonomic}
   size_t MaxHeapSize                              = 1971322880                                {product} {ergonomic}
   size_t MaxNewSize                               = 1182793728                                {product} {ergonomic}
   size_t MinHeapDeltaBytes                        = 1048576                                   {product} {ergonomic}
   size_t MinHeapSize                              = 8388608                                   {product} {ergonomic}
    uintx NonNMethodCodeHeapSize                   = 4096                                   {pd product} {ergonomic}
    uintx NonProfiledCodeHeapSize                  = 0                                      {pd product} {ergonomic}
     bool ProfileInterpreter                       = false                                  {pd product} {command line}
    uintx ProfiledCodeHeapSize                     = 0                                      {pd product} {ergonomic}
   size_t SoftMaxHeapSize                          = 1971322880                             {manageable} {ergonomic}
     intx TieredStopAtLevel                        = 1                                         {product} {command line}
     bool UseCompressedOops                        = true                           {product lp64_product} {ergonomic}
     bool UseG1GC                                  = true                                      {product} {ergonomic}
     bool UseLargePagesIndividualAllocation        = false                                  {pd product} {ergonomic}

Logging:
Log output configuration:
 #0: stdout all=warning uptime,level,tags foldmultilines=false
 #1: stderr all=off uptime,level,tags foldmultilines=false

Environment Variables:
JAVA_HOME=C:\Program Files\Java\jdk-23
PATH=C:\Program Files\Common Files\Oracle\Java\javapath;C:\WINDOWS\system32;C:\WINDOWS;C:\WINDOWS\System32\Wbem;C:\WINDOWS\System32\WindowsPowerShell\v1.0\;C:\WINDOWS\System32\OpenSSH\;C:\Program Files (x86)\Microsoft SQL Server\160\Tools\Binn\;C:\Program Files\Microsoft SQL Server\160\Tools\Binn\;C:\Program Files\Microsoft SQL Server\Client SDK\ODBC\170\Tools\Binn\;C:\Program Files\Microsoft SQL Server\160\DTS\Binn\;C:\Program Files (x86)\Microsoft SQL Server\160\DTS\Binn\;C:\Program Files\Microsoft SQL Server\150\Tools\Binn\;C:\Program Files\Microsoft SQL Server\110\Tools\Binn\;C:\ProgramData\chocolatey\bin;E:\Downloads\nodejs\;C:\Program Files\Azure Data Studio\bin;C:\Program Files\Git\cmd;C:\Program Files\Java\jdk-20\bin;C:\Users\Ngoc\AppData\Local\Programs\Python\Python311\Scripts\;C:\Users\Ngoc\AppData\Local\Programs\Python\Python311\;C:\Users\Ngoc\AppData\Local\Microsoft\WindowsApps;D:\HTML_CSS\Microsoft VS Code\bin;C:\Program Files\Azure Data Studio\bin;C:\Program Files\JetBrains\WebStorm 2023.2.1\bin;;E:\IntelliJ IDEA 2024.2.0.2\bin;;C:\Users\Ngoc\AppData\Roaming\npm;E:\Downloads\src\flutter_windows_3.24.0-stable\flutter\bin;;C:\Program Files\Azure Data Studio\bin
USERNAME=Ngoc
OS=Windows_NT
PROCESSOR_IDENTIFIER=AMD64 Family 23 Model 104 Stepping 1, AuthenticAMD
TMP=C:\Users\Ngoc\AppData\Local\Temp
TEMP=C:\Users\Ngoc\AppData\Local\Temp




Periodic native trim disabled

---------------  S Y S T E M  ---------------

OS:
 Windows 11 , 64 bit Build 22621 (10.0.22621.4391)
OS uptime: 0 days 7:05 hours

CPU: total 12 (initial active 12) (12 cores per cpu, 2 threads per core) family 23 model 104 stepping 1 microcode 0x0, cx8, cmov, fxsr, ht, mmx, 3dnowpref, sse, sse2, sse3, ssse3, sse4a, sse4.1, sse4.2, popcnt, lzcnt, tsc, tscinvbit, avx, avx2, aes, clmul, bmi1, bmi2, adx, sha, fma, vzeroupper, clflush, clflushopt, rdtscp, rdpid, f16c
Processor Information for processor 0
  Max Mhz: 2100, Current Mhz: 2100, Mhz Limit: 2100
Processor Information for processor 1
  Max Mhz: 2100, Current Mhz: 2100, Mhz Limit: 2100
Processor Information for processor 2
  Max Mhz: 2100, Current Mhz: 2100, Mhz Limit: 2100
Processor Information for processor 3
  Max Mhz: 2100, Current Mhz: 1988, Mhz Limit: 2100
Processor Information for processor 4
  Max Mhz: 2100, Current Mhz: 2100, Mhz Limit: 2100
Processor Information for processor 5
  Max Mhz: 2100, Current Mhz: 2100, Mhz Limit: 2100
Processor Information for processor 6
  Max Mhz: 2100, Current Mhz: 2100, Mhz Limit: 2100
Processor Information for processor 7
  Max Mhz: 2100, Current Mhz: 1988, Mhz Limit: 2100
Processor Information for processor 8
  Max Mhz: 2100, Current Mhz: 1988, Mhz Limit: 2100
Processor Information for processor 9
  Max Mhz: 2100, Current Mhz: 2100, Mhz Limit: 2100
Processor Information for processor 10
  Max Mhz: 2100, Current Mhz: 1988, Mhz Limit: 2100
Processor Information for processor 11
  Max Mhz: 2100, Current Mhz: 1988, Mhz Limit: 2100

Memory: 4k page, system-wide physical 7514M (518M free)
TotalPageFile size 11610M (AvailPageFile size 1M)
current process WorkingSet (physical memory assigned to process): 48M, peak: 48M
current process commit charge ("private bytes"): 204M, peak: 204M

vm_info: OpenJDK 64-Bit Server VM (21.0.5+11-LTS) for windows-amd64 JRE (21.0.5+11-LTS), built on 2024-10-11T20:58:34Z by "Administrator" with MS VC++ 16.10 / 16.11 (VS2019)

END.
