#
# There is insufficient memory for the Java Runtime Environment to continue.
# Native memory allocation (mmap) failed to map 65536 bytes. Error detail: Failed to commit metaspace.
# Possible reasons:
#   The system is out of physical RAM or swap space
#   This process is running with CompressedOops enabled, and the Java Heap may be blocking the growth of the native heap
# Possible solutions:
#   Reduce memory load on the system
#   Increase physical memory or swap space
#   Check if swap backing store is full
#   Decrease Java heap size (-Xmx/-Xms)
#   Decrease number of Java threads
#   Decrease Java thread stack sizes (-Xss)
#   Set larger code cache with -XX:ReservedCodeCacheSize=
#   JVM is running with Unscaled Compressed Oops mode in which the Java heap is
#     placed in the first 4GB address space. The Java Heap base address is the
#     maximum limit for the native heap growth. Please use -XX:HeapBaseMinAddress
#     to set the Java Heap base and to place the Java Heap above 4GB virtual address.
# This output file may be truncated or incomplete.
#
#  Out of Memory Error (virtualSpaceNode.cpp:112), pid=10112, tid=10772
#
# JRE version: OpenJDK Runtime Environment JBR-21.0.3+13-509.11-jcef (21.0.3+13) (build 21.0.3+13-b509.11)
# Java VM: OpenJDK 64-Bit Server VM JBR-21.0.3+13-509.11-jcef (21.0.3+13-b509.11, mixed mode, tiered, compressed oops, compressed class ptrs, g1 gc, windows-amd64)
# No core dump will be written. Minidumps are not enabled by default on client versions of Windows
#

---------------  S U M M A R Y ------------

Command Line: -Djava.rmi.server.hostname=127.0.0.1 -Duser.timezone=UTC -Xmx2048m -Xms128m -Djdbc.classpath=E:\IntelliJ IDEA 2024.2.0.2\plugins\DatabaseTools\lib\jdbc-console.jar;C:\Users\Ngoc\AppData\Roaming\JetBrains\IntelliJIdea2024.2\jdbc-drivers\MySQL ConnectorJ\8.2.0\com\mysql\mysql-connector-j\8.2.0\mysql-connector-j-8.2.0.jar;C:\Users\Ngoc\AppData\Roaming\JetBrains\IntelliJIdea2024.2\jdbc-drivers\MySQL ConnectorJ\8.2.0\com\google\protobuf\protobuf-java\3.21.9\protobuf-java-3.21.9.jar --add-exports=java.desktop/sun.awt=ALL-UNNAMED --add-exports=java.desktop/java.awt.peer=ALL-UNNAMED --add-opens=java.desktop/java.awt=ALL-UNNAMED --add-opens=jdk.unsupported/sun.misc=ALL-UNNAMED --add-opens=java.base/java.nio=ALL-UNNAMED --add-opens=java.base/java.util=ALL-UNNAMED -Dfile.encoding=UTF-8 -Dsun.stdout.encoding=UTF-8 -Dsun.stderr.encoding=UTF-8 com.intellij.database.remote.RemoteJdbcServer com.mysql.cj.jdbc.Driver

Host: AMD Ryzen 5 5500U with Radeon Graphics         , 12 cores, 7G,  Windows 11 , 64 bit Build 22621 (10.0.22621.3958)
Time: Fri Oct  4 14:09:35 2024 SE Asia Standard Time elapsed time: 1.258180 seconds (0d 0h 0m 1s)

---------------  T H R E A D  ---------------

Current thread (0x0000016cf8d0cbb0):  JavaThread "main"             [_thread_in_vm, id=10772, stack(0x0000001962100000,0x0000001962200000) (1024K)]

Stack: [0x0000001962100000,0x0000001962200000]
Native frames: (J=compiled Java code, j=interpreted, Vv=VM code, C=native code)
V  [jvm.dll+0x6e02f9]
V  [jvm.dll+0x8bd383]
V  [jvm.dll+0x8bf8de]
V  [jvm.dll+0x8bffc3]
V  [jvm.dll+0x2879c6]
V  [jvm.dll+0x8b81ce]
V  [jvm.dll+0x6819a5]
V  [jvm.dll+0x1ea531]
V  [jvm.dll+0x1ea2fe]
V  [jvm.dll+0x6842b8]
V  [jvm.dll+0x6840f2]
V  [jvm.dll+0x68235e]
V  [jvm.dll+0x2745aa]
V  [jvm.dll+0x737046]
V  [jvm.dll+0x737b4f]
V  [jvm.dll+0x3ce31b]
V  [jvm.dll+0x47b04c]
V  [jvm.dll+0x4864fd]
C  0x0000016c8753ce0b

The last pc belongs to native method entry point (kind = native) (printed below).
Java frames: (J=compiled Java code, j=interpreted, Vv=VM code)
j  java.lang.Class.getDeclaredConstructors0(Z)[Ljava/lang/reflect/Constructor;+0 java.base@21.0.3
j  java.lang.Class.privateGetDeclaredConstructors(Z)[Ljava/lang/reflect/Constructor;+52 java.base@21.0.3
j  java.lang.Class.getConstructor0([Ljava/lang/Class;I)Ljava/lang/reflect/Constructor;+14 java.base@21.0.3
j  java.lang.Class.newInstance()Ljava/lang/Object;+54 java.base@21.0.3
j  org.bouncycastle.jce.provider.BouncyCastleProvider.loadServiceClass(Ljava/lang/String;Ljava/lang/String;)V+35
j  org.bouncycastle.jce.provider.BouncyCastleProvider.loadAlgorithms(Ljava/lang/String;[Lorg/bouncycastle/crypto/CryptoServiceProperties;)V+27
j  org.bouncycastle.jce.provider.BouncyCastleProvider.setup()V+33
j  org.bouncycastle.jce.provider.BouncyCastleProvider.access$000(Lorg/bouncycastle/jce/provider/BouncyCastleProvider;)V+1
j  org.bouncycastle.jce.provider.BouncyCastleProvider$1.run()Ljava/lang/Object;+4
j  java.security.AccessController.executePrivileged(Ljava/security/PrivilegedAction;Ljava/security/AccessControlContext;Ljava/lang/Class;)Ljava/lang/Object;+29 java.base@21.0.3
j  java.security.AccessController.doPrivileged(Ljava/security/PrivilegedAction;)Ljava/lang/Object;+5 java.base@21.0.3
j  org.bouncycastle.jce.provider.BouncyCastleProvider.<init>()V+31
j  com.intellij.database.remote.util.BCSslEntityReader.<clinit>()V+4
v  ~StubRoutines::call_stub 0x0000016c8753100d
j  com.intellij.database.remote.RemoteJdbcServer.main([Ljava/lang/String;)V+0
v  ~StubRoutines::call_stub 0x0000016c8753100d
native method entry point (kind = native)  [0x0000016c8753c9e0, 0x0000016c8753d508]  2856 bytes
[MachCode]
  0x0000016c8753c9e0: 488b 4b08 | 0fb7 492e | 584c 8d74 | ccf8 6800 | 0000 0068 | 0000 0000 | 5055 488b | ec41 5568 
  0x0000016c8753ca00: 0000 0000 | 4c8b 6b08 | 4d8d 6d38 | 5348 8b53 | 0848 8b52 | 0848 8b52 | 1848 8b52 | 7048 8b12 
  0x0000016c8753ca20: 5248 8b53 | 1048 85d2 | 0f84 0700 | 0000 4881 | c208 0100 | 0052 488b | 5308 488b | 5208 488b 
  0x0000016c8753ca40: 5210 5249 | 8bc6 482b | c548 c1e8 | 0350 6800 | 0000 0068 | 0000 0000 | 4889 2424 | 41c6 8779 
  0x0000016c8753ca60: 0400 0001 | 488b 4310 | 4885 c074 | 208b 88cc | 0000 0083 | c102 8988 | cc00 0000 | 2388 e000 
  0x0000016c8753ca80: 0000 0f84 | cb09 0000 | e9cf 0000 | 0048 8b43 | 1848 85c0 | 0f85 b000 | 0000 e805 | 0000 00e9 
  0x0000016c8753caa0: 9900 0000 | 488b d348 | 8d44 2408 | 4c89 6dc0 | 498b cfc5 | f877 4989 | afa8 0300 | 0049 8987 
  0x0000016c8753cac0: 9803 0000 | 4883 ec20 | 40f6 c40f | 0f84 1900 | 0000 4883 | ec08 48b8 | 90fb fb29 | fa7f 0000 
  0x0000016c8753cae0: ffd0 4883 | c408 e90c | 0000 0048 | b890 fbfb | 29fa 7f00 | 00ff d048 | 83c4 2049 | c787 9803 
  0x0000016c8753cb00: 0000 0000 | 0000 49c7 | 87a8 0300 | 0000 0000 | 0049 c787 | a003 0000 | 0000 0000 | c5f8 7749 
  0x0000016c8753cb20: 837f 0800 | 0f84 0500 | 0000 e9d1 | 43ff ff4c | 8b6d c04c | 8b75 c84e | 8d74 f500 | c348 8b43 
  0x0000016c8753cb40: 1848 85c0 | 0f84 1200 | 0000 8b48 | 0883 c102 | 8948 0823 | 481c 0f84 | f708 0000 | 493b a7e8 
  0x0000016c8753cb60: 0400 000f | 8748 0000 | 0089 8424 | 00f0 ffff | 8984 2400 | e0ff ff89 | 8424 00d0 | ffff 8984 
  0x0000016c8753cb80: 2400 c0ff | ff89 8424 | 00b0 ffff | 8984 2400 | a0ff ff89 | 8424 0090 | ffff 8984 | 2400 80ff 
  0x0000016c8753cba0: ff49 3ba7 | e004 0000 | 7607 4989 | a7e8 0400 | 0041 c687 | 7904 0000 | 0049 ba76 | 8c88 2afa 
  0x0000016c8753cbc0: 7f00 0041 | 803a 000f | 843e 0000 | 0048 8b55 | e849 8bcf | 4883 ec20 | 40f6 c40f | 0f84 1900 
  0x0000016c8753cbe0: 0000 4883 | ec08 48b8 | 8075 322a | fa7f 0000 | ffd0 4883 | c408 e90c | 0000 0048 | b880 7532 
  0x0000016c8753cc00: 2afa 7f00 | 00ff d048 | 83c4 2048 | 8b5d e84c | 8b5b 0845 | 0fb7 5b2e | 41c1 e303 | 492b e348 
  0x0000016c8753cc20: 83ec 2048 | 83e4 f04c | 8b5b 784d | 85db 0f85 | ab00 0000 | e805 0000 | 00e9 9900 | 0000 488b 
  0x0000016c8753cc40: d348 8d44 | 2408 4c89 | 6dc0 498b | cfc5 f877 | 4989 afa8 | 0300 0049 | 8987 9803 | 0000 4883 
  0x0000016c8753cc60: ec20 40f6 | c40f 0f84 | 1900 0000 | 4883 ec08 | 48b8 8022 | fc29 fa7f | 0000 ffd0 | 4883 c408 
  0x0000016c8753cc80: e90c 0000 | 0048 b880 | 22fc 29fa | 7f00 00ff | d048 83c4 | 2049 c787 | 9803 0000 | 0000 0000 
  0x0000016c8753cca0: 49c7 87a8 | 0300 0000 | 0000 0049 | c787 a003 | 0000 0000 | 0000 c5f8 | 7749 837f | 0800 0f84 
  0x0000016c8753ccc0: 0500 0000 | e937 42ff | ff4c 8b6d | c04c 8b75 | c84e 8d74 | f500 c348 | 8b5d e84c | 8b5b 7841 
  0x0000016c8753cce0: ffd3 488b | 5de8 4889 | 4518 448b | 5b28 41f6 | c308 0f84 | 1b00 0000 | 4c8b 5b08 | 4d8b 5b08 
  0x0000016c8753cd00: 4d8b 5b18 | 4d8b 5b70 | 4d8b 1b4c | 895d 1048 | 8d55 1048 | 8b43 7049 | ba30 ca32 | 2afa 7f00 
  0x0000016c8753cd20: 0049 3bc2 | 0f85 ab00 | 0000 e805 | 0000 00e9 | 9900 0000 | 488b d348 | 8d44 2408 | 4c89 6dc0 
  0x0000016c8753cd40: 498b cfc5 | f877 4989 | afa8 0300 | 0049 8987 | 9803 0000 | 4883 ec20 | 40f6 c40f | 0f84 1900 
  0x0000016c8753cd60: 0000 4883 | ec08 48b8 | 8022 fc29 | fa7f 0000 | ffd0 4883 | c408 e90c | 0000 0048 | b880 22fc 
  0x0000016c8753cd80: 29fa 7f00 | 00ff d048 | 83c4 2049 | c787 9803 | 0000 0000 | 0000 49c7 | 87a8 0300 | 0000 0000 
  0x0000016c8753cda0: 0049 c787 | a003 0000 | 0000 0000 | c5f8 7749 | 837f 0800 | 0f84 0500 | 0000 e941 | 41ff ff4c 
  0x0000016c8753cdc0: 8b6d c04c | 8b75 c84e | 8d74 f500 | c348 8b5d | e848 8b43 | 7049 8d8f | b803 0000 | c5f8 7749 
  0x0000016c8753cde0: 89af a803 | 0000 49ba | dccd 5387 | 6c01 0000 | 4d89 97a0 | 0300 0049 | 89a7 9803 | 0000 41c7 
  0x0000016c8753ce00: 874c 0400 | 0004 0000 | 00ff d0c5 | f877 4883 | ec10 c5fb | 1104 2448 | 83ec 1048 | 8904 2448 
  0x0000016c8753ce20: c744 2408 | 0000 0000 | 41c7 874c | 0400 0005 | 0000 00f0 | 8344 24c0 | 0049 3baf | 5004 0000 
  0x0000016c8753ce40: 0f87 0e00 | 0000 4183 | bf48 0400 | 0000 0f84 | 2000 0000 | 498b cf4c | 8be4 4883 | ec20 4883 
  0x0000016c8753ce60: e4f0 48b8 | 007d fd29 | fa7f 0000 | ffd0 498b | e44d 33e4 | 41c7 874c | 0400 0008 | 0000 0049 
  0x0000016c8753ce80: c787 9803 | 0000 0000 | 0000 49c7 | 87a8 0300 | 0000 0000 | 0049 c787 | a003 0000 | 0000 0000 
  0x0000016c8753cea0: c5f8 774d | 8b9f 2804 | 0000 41c7 | 8300 0100 | 0000 0000 | 0049 bb9a | a353 876c | 0100 004c 
  0x0000016c8753cec0: 3b5d 180f | 8524 0200 | 0048 8b04 | 2448 83c4 | 1048 85c0 | 0f84 fe01 | 0000 a803 | 0f85 0800 
  0x0000016c8753cee0: 0000 488b | 00e9 ee01 | 0000 a801 | 0f85 0900 | 0000 488b | 40fe e9dd | 0100 0048 | 8b40 ff41 
  0x0000016c8753cf00: 807f 4000 | 0f84 ce01 | 0000 4883 | f800 0f84 | c401 0000 | 4d8b 5f28 | 4983 fb00 | 0f84 1400 
  0x0000016c8753cf20: 0000 4983 | eb08 4d89 | 5f28 4d03 | 5f38 4989 | 03e9 a201 | 0000 4881 | ecd0 0000 | 0048 8904 
  0x0000016c8753cf40: 2448 894c | 2408 4889 | 5424 1048 | 8974 2418 | 4889 7c24 | 204c 8944 | 2428 4c89 | 4c24 304c 
  0x0000016c8753cf60: 8954 2438 | 4c89 5c24 | 40c5 fb11 | 4424 50c5 | fb11 4c24 | 58c5 fb11 | 5424 60c5 | fb11 5c24 
  0x0000016c8753cf80: 68c5 fb11 | 6424 70c5 | fb11 6c24 | 78c5 fb11 | b424 8000 | 0000 c5fb | 11bc 2488 | 0000 00c5 
  0x0000016c8753cfa0: 7b11 8424 | 9000 0000 | c57b 118c | 2498 0000 | 00c5 7b11 | 9424 a000 | 0000 c57b | 119c 24a8 
  0x0000016c8753cfc0: 0000 00c5 | 7b11 a424 | b000 0000 | c57b 11ac | 24b8 0000 | 00c5 7b11 | b424 c000 | 0000 c57b 
  0x0000016c8753cfe0: 11bc 24c8 | 0000 0049 | 8bd7 488b | c848 83ec | 2040 f6c4 | 0f0f 8419 | 0000 0048 | 83ec 0848 
  0x0000016c8753d000: b840 b2f0 | 29fa 7f00 | 00ff d048 | 83c4 08e9 | 0c00 0000 | 48b8 40b2 | f029 fa7f | 0000 ffd0 
  0x0000016c8753d020: 4883 c420 | c57b 10bc | 24c8 0000 | 00c5 7b10 | b424 c000 | 0000 c57b | 10ac 24b8 | 0000 00c5 
  0x0000016c8753d040: 7b10 a424 | b000 0000 | c57b 109c | 24a8 0000 | 00c5 7b10 | 9424 a000 | 0000 c57b | 108c 2498 
  0x0000016c8753d060: 0000 00c5 | 7b10 8424 | 9000 0000 | c5fb 10bc | 2488 0000 | 00c5 fb10 | b424 8000 | 0000 c5fb 
  0x0000016c8753d080: 106c 2478 | c5fb 1064 | 2470 c5fb | 105c 2468 | c5fb 1054 | 2460 c5fb | 104c 2458 | c5fb 1044 
  0x0000016c8753d0a0: 2450 4c8b | 5c24 404c | 8b54 2438 | 4c8b 4c24 | 304c 8b44 | 2428 488b | 7c24 2048 | 8b74 2418 
  0x0000016c8753d0c0: 488b 5424 | 1048 8b4c | 2408 488b | 0424 4881 | c4d0 0000 | 00c5 f877 | 4889 4510 | 4883 ec10 
  0x0000016c8753d0e0: 4889 0424 | 48c7 4424 | 0800 0000 | 0041 83bf | c804 0000 | 020f 85bf | 0000 0048 | 81ec 8000 
  0x0000016c8753d100: 0000 4889 | 4424 7848 | 894c 2470 | 4889 5424 | 6848 895c | 2460 4889 | 6c24 5048 | 8974 2448 
  0x0000016c8753d120: 4889 7c24 | 404c 8944 | 2438 4c89 | 4c24 304c | 8954 2428 | 4c89 5c24 | 204c 8964 | 2418 4c89 
  0x0000016c8753d140: 6c24 104c | 8974 2408 | 4c89 3c24 | 4c8b e448 | 83ec 2048 | 83e4 f048 | b820 ad32 | 2afa 7f00 
  0x0000016c8753d160: 00ff d049 | 8be4 4c8b | 3c24 4c8b | 7424 084c | 8b6c 2410 | 4c8b 6424 | 184c 8b5c | 2420 4c8b 
  0x0000016c8753d180: 5424 284c | 8b4c 2430 | 4c8b 4424 | 3848 8b7c | 2440 488b | 7424 4848 | 8b6c 2450 | 488b 5c24 
  0x0000016c8753d1a0: 6048 8b54 | 2468 488b | 4c24 7048 | 8b44 2478 | 4881 c480 | 0000 004d | 33e4 488b | 5de8 4c8b 
  0x0000016c8753d1c0: 6b08 4d8d | 6d38 4983 | 7f08 000f | 84bb 0000 | 00e8 0500 | 0000 e996 | 0000 0048 | 8d44 2408 
  0x0000016c8753d1e0: 4c89 6dc0 | 498b cfc5 | f877 4989 | afa8 0300 | 0049 8987 | 9803 0000 | 4883 ec20 | 40f6 c40f 
  0x0000016c8753d200: 0f84 1900 | 0000 4883 | ec08 48b8 | 2040 fc29 | fa7f 0000 | ffd0 4883 | c408 e90c | 0000 0048 
  0x0000016c8753d220: b820 40fc | 29fa 7f00 | 00ff d048 | 83c4 2049 | c787 9803 | 0000 0000 | 0000 49c7 | 87a8 0300 
  0x0000016c8753d240: 0000 0000 | 0049 c787 | a003 0000 | 0000 0000 | c5f8 7749 | 837f 0800 | 0f84 0500 | 0000 e99d 
  0x0000016c8753d260: 3cff ff4c | 8b6d c04c | 8b75 c84e | 8d74 f500 | c348 b930 | b55e 2afa | 7f00 0048 | 83e4 f048 
  0x0000016c8753d280: b8d0 5021 | 2afa 7f00 | 00ff d0f4 | 448b 5b28 | 41f6 c320 | 0f84 4401 | 0000 488d | 55a8 4c8b 
  0x0000016c8753d2a0: 5a08 4d85 | db0f 85bb | 0000 00e8 | 0500 0000 | e996 0000 | 0048 8d44 | 2408 4c89 | 6dc0 498b 
  0x0000016c8753d2c0: cfc5 f877 | 4989 afa8 | 0300 0049 | 8987 9803 | 0000 4883 | ec20 40f6 | c40f 0f84 | 1900 0000 
  0x0000016c8753d2e0: 4883 ec08 | 48b8 503f | fc29 fa7f | 0000 ffd0 | 4883 c408 | e90c 0000 | 0048 b850 | 3ffc 29fa 
  0x0000016c8753d300: 7f00 00ff | d048 83c4 | 2049 c787 | 9803 0000 | 0000 0000 | 49c7 87a8 | 0300 0000 | 0000 0049 
  0x0000016c8753d320: c787 a003 | 0000 0000 | 0000 c5f8 | 7749 837f | 0800 0f84 | 0500 0000 | e9c3 3bff | ff4c 8b6d 
  0x0000016c8753d340: c04c 8b75 | c84e 8d74 | f500 c348 | b930 b55e | 2afa 7f00 | 0048 83e4 | f048 b8d0 | 5021 2afa 
  0x0000016c8753d360: 7f00 00ff | d0f4 4c89 | 6dc0 488d | 024c 8b4a | 0848 c742 | 0800 0000 | 004c 8b00 | 4d85 c00f 
  0x0000016c8753d380: 840b 0000 | 00f0 4d0f | b101 0f85 | 0c00 0000 | 49ff 8f50 | 0500 00e9 | 3e00 0000 | 4c89 4a08 
  0x0000016c8753d3a0: 488b ca48 | 83ec 2040 | f6c4 0f0f | 8419 0000 | 0048 83ec | 0848 b890 | 12fc 29fa | 7f00 00ff 
  0x0000016c8753d3c0: d048 83c4 | 08e9 0c00 | 0000 48b8 | 9012 fc29 | fa7f 0000 | ffd0 4883 | c420 4c8b | 6dc0 49ba 
  0x0000016c8753d3e0: 768c 882a | fa7f 0000 | 4180 3a00 | 0f84 3e00 | 0000 488b | 55e8 498b | cf48 83ec | 2040 f6c4 
  0x0000016c8753d400: 0f0f 8419 | 0000 0048 | 83ec 0848 | b880 7532 | 2afa 7f00 | 00ff d048 | 83c4 08e9 | 0c00 0000 
  0x0000016c8753d420: 48b8 8075 | 322a fa7f | 0000 ffd0 | 4883 c420 | 488b 0424 | 4883 c410 | c5fb 1004 | 2448 83c4 
  0x0000016c8753d440: 104c 8b5d | 1841 ffd3 | 4c8b 5df8 | c95f 498b | e3ff e7ba | 0000 0000 | e805 0000 | 00e9 9600 
  0x0000016c8753d460: 0000 488d | 4424 084c | 896d c049 | 8bcf c5f8 | 7749 89af | a803 0000 | 4989 8798 | 0300 0048 
  0x0000016c8753d480: 83ec 2040 | f6c4 0f0f | 8419 0000 | 0048 83ec | 0848 b800 | 06fc 29fa | 7f00 00ff | d048 83c4 
  0x0000016c8753d4a0: 08e9 0c00 | 0000 48b8 | 0006 fc29 | fa7f 0000 | ffd0 4883 | c420 49c7 | 8798 0300 | 0000 0000 
  0x0000016c8753d4c0: 0049 c787 | a803 0000 | 0000 0000 | 49c7 87a0 | 0300 0000 | 0000 00c5 | f877 4983 | 7f08 000f 
  0x0000016c8753d4e0: 8405 0000 | 00e9 163a | ffff 4c8b | 6dc0 4c8b | 75c8 4e8d | 74f5 00c3 | 488b 5de8 | e95b f6ff 
  0x0000016c8753d500: ff0f 1f80 | 0000 0000 
[/MachCode]

---------------  P R O C E S S  ---------------

Threads class SMR info:
_java_thread_list=0x0000016c9800f480, length=12, elements={
0x0000016cf8d0cbb0, 0x0000016c93b2a740, 0x0000016c93b2c1b0, 0x0000016c93b407e0,
0x0000016c93b42250, 0x0000016c93b53050, 0x0000016c93b36ef0, 0x0000016c93b5afd0,
0x0000016c93b5bba0, 0x0000016c93cf98e0, 0x0000016c93d15f30, 0x0000016c93eae610
}

Java Threads: ( => current thread )
=>0x0000016cf8d0cbb0 JavaThread "main"                              [_thread_in_vm, id=10772, stack(0x0000001962100000,0x0000001962200000) (1024K)]
  0x0000016c93b2a740 JavaThread "Reference Handler"          daemon [_thread_blocked, id=15448, stack(0x0000001962900000,0x0000001962a00000) (1024K)]
  0x0000016c93b2c1b0 JavaThread "Finalizer"                  daemon [_thread_blocked, id=9348, stack(0x0000001962a00000,0x0000001962b00000) (1024K)]
  0x0000016c93b407e0 JavaThread "Signal Dispatcher"          daemon [_thread_blocked, id=13116, stack(0x0000001962b00000,0x0000001962c00000) (1024K)]
  0x0000016c93b42250 JavaThread "Attach Listener"            daemon [_thread_blocked, id=13612, stack(0x0000001962c00000,0x0000001962d00000) (1024K)]
  0x0000016c93b53050 JavaThread "Service Thread"             daemon [_thread_blocked, id=796, stack(0x0000001962d00000,0x0000001962e00000) (1024K)]
  0x0000016c93b36ef0 JavaThread "Monitor Deflation Thread"   daemon [_thread_blocked, id=5636, stack(0x0000001962e00000,0x0000001962f00000) (1024K)]
  0x0000016c93b5afd0 JavaThread "C2 CompilerThread0"         daemon [_thread_blocked, id=17124, stack(0x0000001962f00000,0x0000001963000000) (1024K)]
  0x0000016c93b5bba0 JavaThread "C1 CompilerThread0"         daemon [_thread_blocked, id=12444, stack(0x0000001963000000,0x0000001963100000) (1024K)]
  0x0000016c93cf98e0 JavaThread "Common-Cleaner"             daemon [_thread_blocked, id=16220, stack(0x0000001963100000,0x0000001963200000) (1024K)]
  0x0000016c93d15f30 JavaThread "Notification Thread"        daemon [_thread_blocked, id=12852, stack(0x0000001963200000,0x0000001963300000) (1024K)]
  0x0000016c93eae610 JavaThread "C2 CompilerThread1"         daemon [_thread_blocked, id=12868, stack(0x0000001963300000,0x0000001963400000) (1024K)]
Total: 12

Other Threads:
  0x0000016c93958780 VMThread "VM Thread"                           [id=5440, stack(0x0000001962800000,0x0000001962900000) (1024K)]
  0x0000016c9390cfb0 WatcherThread "VM Periodic Task Thread"        [id=3980, stack(0x0000001962700000,0x0000001962800000) (1024K)]
  0x0000016cf907aa70 WorkerThread "GC Thread#0"                     [id=1108, stack(0x0000001962200000,0x0000001962300000) (1024K)]
  0x0000016cf908bcd0 ConcurrentGCThread "G1 Main Marker"            [id=6432, stack(0x0000001962300000,0x0000001962400000) (1024K)]
  0x0000016cf908cf70 WorkerThread "G1 Conc#0"                       [id=1752, stack(0x0000001962400000,0x0000001962500000) (1024K)]
  0x0000016c937d1170 ConcurrentGCThread "G1 Refine#0"               [id=11512, stack(0x0000001962500000,0x0000001962600000) (1024K)]
  0x0000016c937d1ce0 ConcurrentGCThread "G1 Service"                [id=12384, stack(0x0000001962600000,0x0000001962700000) (1024K)]
Total: 7

Threads with active compile tasks:
Total: 0

VM state: not at safepoint (normal execution)

VM Mutex/Monitor currently owned by a thread:  ([mutex/lock_event])
[0x00007ffa2a89f558] Metaspace_lock - owner thread: 0x0000016cf8d0cbb0

Heap address: 0x0000000080000000, size: 2048 MB, Compressed Oops mode: 32-bit

CDS archive(s) not mapped
Compressed class space mapped at: 0x0000000100000000-0x0000000140000000, reserved size: 1073741824
Narrow klass base: 0x0000000000000000, Narrow klass shift: 3, Narrow klass range: 0x140000000

GC Precious Log:
 CardTable entry size: 512
 Card Set container configuration: InlinePtr #cards 5 size 8 Array Of Cards #cards 12 size 40 Howl #buckets 4 coarsen threshold 1843 Howl Bitmap #cards 512 size 80 coarsen threshold 460 Card regions per heap region 1 cards per card region 2048
 CPUs: 12 total, 12 available
 Memory: 7514M
 Large Page Support: Disabled
 NUMA Support: Disabled
 Compressed Oops: Enabled (32-bit)
 Heap Region Size: 1M
 Heap Min Capacity: 128M
 Heap Initial Capacity: 128M
 Heap Max Capacity: 2G
 Pre-touch: Disabled
 Parallel Workers: 10
 Concurrent Workers: 3
 Concurrent Refinement Workers: 10
 Periodic GC: Disabled

Heap:
 garbage-first heap   total 131072K, used 8192K [0x0000000080000000, 0x0000000100000000)
  region size 1024K, 6 young (6144K), 0 survivors (0K)
 Metaspace       used 8973K, committed 9088K, reserved 1114112K
  class space    used 775K, committed 832K, reserved 1048576K

Heap Regions: E=young(eden), S=young(survivor), O=old, HS=humongous(starts), HC=humongous(continues), CS=collection set, F=free, TAMS=top-at-mark-start, PB=parsable bottom
|   0|0x0000000080000000, 0x0000000080100000, 0x0000000080100000|100%|HS|  |TAMS 0x0000000080000000| PB 0x0000000080000000| Complete 
|   1|0x0000000080100000, 0x0000000080200000, 0x0000000080200000|100%|HC|  |TAMS 0x0000000080100000| PB 0x0000000080100000| Complete 
|   2|0x0000000080200000, 0x0000000080300000, 0x0000000080300000|100%|HS|  |TAMS 0x0000000080200000| PB 0x0000000080200000| Complete 
|   3|0x0000000080300000, 0x0000000080400000, 0x0000000080400000|100%|HS|  |TAMS 0x0000000080300000| PB 0x0000000080300000| Complete 
|   4|0x0000000080400000, 0x0000000080400000, 0x0000000080500000|  0%| F|  |TAMS 0x0000000080400000| PB 0x0000000080400000| Untracked 
|   5|0x0000000080500000, 0x0000000080500000, 0x0000000080600000|  0%| F|  |TAMS 0x0000000080500000| PB 0x0000000080500000| Untracked 
|   6|0x0000000080600000, 0x0000000080600000, 0x0000000080700000|  0%| F|  |TAMS 0x0000000080600000| PB 0x0000000080600000| Untracked 
|   7|0x0000000080700000, 0x0000000080700000, 0x0000000080800000|  0%| F|  |TAMS 0x0000000080700000| PB 0x0000000080700000| Untracked 
|   8|0x0000000080800000, 0x0000000080800000, 0x0000000080900000|  0%| F|  |TAMS 0x0000000080800000| PB 0x0000000080800000| Untracked 
|   9|0x0000000080900000, 0x0000000080900000, 0x0000000080a00000|  0%| F|  |TAMS 0x0000000080900000| PB 0x0000000080900000| Untracked 
|  10|0x0000000080a00000, 0x0000000080a00000, 0x0000000080b00000|  0%| F|  |TAMS 0x0000000080a00000| PB 0x0000000080a00000| Untracked 
|  11|0x0000000080b00000, 0x0000000080b00000, 0x0000000080c00000|  0%| F|  |TAMS 0x0000000080b00000| PB 0x0000000080b00000| Untracked 
|  12|0x0000000080c00000, 0x0000000080c00000, 0x0000000080d00000|  0%| F|  |TAMS 0x0000000080c00000| PB 0x0000000080c00000| Untracked 
|  13|0x0000000080d00000, 0x0000000080d00000, 0x0000000080e00000|  0%| F|  |TAMS 0x0000000080d00000| PB 0x0000000080d00000| Untracked 
|  14|0x0000000080e00000, 0x0000000080e00000, 0x0000000080f00000|  0%| F|  |TAMS 0x0000000080e00000| PB 0x0000000080e00000| Untracked 
|  15|0x0000000080f00000, 0x0000000080f00000, 0x0000000081000000|  0%| F|  |TAMS 0x0000000080f00000| PB 0x0000000080f00000| Untracked 
|  16|0x0000000081000000, 0x0000000081000000, 0x0000000081100000|  0%| F|  |TAMS 0x0000000081000000| PB 0x0000000081000000| Untracked 
|  17|0x0000000081100000, 0x0000000081100000, 0x0000000081200000|  0%| F|  |TAMS 0x0000000081100000| PB 0x0000000081100000| Untracked 
|  18|0x0000000081200000, 0x0000000081200000, 0x0000000081300000|  0%| F|  |TAMS 0x0000000081200000| PB 0x0000000081200000| Untracked 
|  19|0x0000000081300000, 0x0000000081300000, 0x0000000081400000|  0%| F|  |TAMS 0x0000000081300000| PB 0x0000000081300000| Untracked 
|  20|0x0000000081400000, 0x0000000081400000, 0x0000000081500000|  0%| F|  |TAMS 0x0000000081400000| PB 0x0000000081400000| Untracked 
|  21|0x0000000081500000, 0x0000000081500000, 0x0000000081600000|  0%| F|  |TAMS 0x0000000081500000| PB 0x0000000081500000| Untracked 
|  22|0x0000000081600000, 0x0000000081600000, 0x0000000081700000|  0%| F|  |TAMS 0x0000000081600000| PB 0x0000000081600000| Untracked 
|  23|0x0000000081700000, 0x0000000081700000, 0x0000000081800000|  0%| F|  |TAMS 0x0000000081700000| PB 0x0000000081700000| Untracked 
|  24|0x0000000081800000, 0x0000000081800000, 0x0000000081900000|  0%| F|  |TAMS 0x0000000081800000| PB 0x0000000081800000| Untracked 
|  25|0x0000000081900000, 0x0000000081900000, 0x0000000081a00000|  0%| F|  |TAMS 0x0000000081900000| PB 0x0000000081900000| Untracked 
|  26|0x0000000081a00000, 0x0000000081a00000, 0x0000000081b00000|  0%| F|  |TAMS 0x0000000081a00000| PB 0x0000000081a00000| Untracked 
|  27|0x0000000081b00000, 0x0000000081b00000, 0x0000000081c00000|  0%| F|  |TAMS 0x0000000081b00000| PB 0x0000000081b00000| Untracked 
|  28|0x0000000081c00000, 0x0000000081c00000, 0x0000000081d00000|  0%| F|  |TAMS 0x0000000081c00000| PB 0x0000000081c00000| Untracked 
|  29|0x0000000081d00000, 0x0000000081d00000, 0x0000000081e00000|  0%| F|  |TAMS 0x0000000081d00000| PB 0x0000000081d00000| Untracked 
|  30|0x0000000081e00000, 0x0000000081e00000, 0x0000000081f00000|  0%| F|  |TAMS 0x0000000081e00000| PB 0x0000000081e00000| Untracked 
|  31|0x0000000081f00000, 0x0000000081f00000, 0x0000000082000000|  0%| F|  |TAMS 0x0000000081f00000| PB 0x0000000081f00000| Untracked 
|  32|0x0000000082000000, 0x0000000082000000, 0x0000000082100000|  0%| F|  |TAMS 0x0000000082000000| PB 0x0000000082000000| Untracked 
|  33|0x0000000082100000, 0x0000000082100000, 0x0000000082200000|  0%| F|  |TAMS 0x0000000082100000| PB 0x0000000082100000| Untracked 
|  34|0x0000000082200000, 0x0000000082200000, 0x0000000082300000|  0%| F|  |TAMS 0x0000000082200000| PB 0x0000000082200000| Untracked 
|  35|0x0000000082300000, 0x0000000082300000, 0x0000000082400000|  0%| F|  |TAMS 0x0000000082300000| PB 0x0000000082300000| Untracked 
|  36|0x0000000082400000, 0x0000000082400000, 0x0000000082500000|  0%| F|  |TAMS 0x0000000082400000| PB 0x0000000082400000| Untracked 
|  37|0x0000000082500000, 0x0000000082500000, 0x0000000082600000|  0%| F|  |TAMS 0x0000000082500000| PB 0x0000000082500000| Untracked 
|  38|0x0000000082600000, 0x0000000082600000, 0x0000000082700000|  0%| F|  |TAMS 0x0000000082600000| PB 0x0000000082600000| Untracked 
|  39|0x0000000082700000, 0x0000000082700000, 0x0000000082800000|  0%| F|  |TAMS 0x0000000082700000| PB 0x0000000082700000| Untracked 
|  40|0x0000000082800000, 0x0000000082800000, 0x0000000082900000|  0%| F|  |TAMS 0x0000000082800000| PB 0x0000000082800000| Untracked 
|  41|0x0000000082900000, 0x0000000082900000, 0x0000000082a00000|  0%| F|  |TAMS 0x0000000082900000| PB 0x0000000082900000| Untracked 
|  42|0x0000000082a00000, 0x0000000082a00000, 0x0000000082b00000|  0%| F|  |TAMS 0x0000000082a00000| PB 0x0000000082a00000| Untracked 
|  43|0x0000000082b00000, 0x0000000082b00000, 0x0000000082c00000|  0%| F|  |TAMS 0x0000000082b00000| PB 0x0000000082b00000| Untracked 
|  44|0x0000000082c00000, 0x0000000082c00000, 0x0000000082d00000|  0%| F|  |TAMS 0x0000000082c00000| PB 0x0000000082c00000| Untracked 
|  45|0x0000000082d00000, 0x0000000082d00000, 0x0000000082e00000|  0%| F|  |TAMS 0x0000000082d00000| PB 0x0000000082d00000| Untracked 
|  46|0x0000000082e00000, 0x0000000082e00000, 0x0000000082f00000|  0%| F|  |TAMS 0x0000000082e00000| PB 0x0000000082e00000| Untracked 
|  47|0x0000000082f00000, 0x0000000082f00000, 0x0000000083000000|  0%| F|  |TAMS 0x0000000082f00000| PB 0x0000000082f00000| Untracked 
|  48|0x0000000083000000, 0x0000000083000000, 0x0000000083100000|  0%| F|  |TAMS 0x0000000083000000| PB 0x0000000083000000| Untracked 
|  49|0x0000000083100000, 0x0000000083100000, 0x0000000083200000|  0%| F|  |TAMS 0x0000000083100000| PB 0x0000000083100000| Untracked 
|  50|0x0000000083200000, 0x0000000083200000, 0x0000000083300000|  0%| F|  |TAMS 0x0000000083200000| PB 0x0000000083200000| Untracked 
|  51|0x0000000083300000, 0x0000000083300000, 0x0000000083400000|  0%| F|  |TAMS 0x0000000083300000| PB 0x0000000083300000| Untracked 
|  52|0x0000000083400000, 0x0000000083400000, 0x0000000083500000|  0%| F|  |TAMS 0x0000000083400000| PB 0x0000000083400000| Untracked 
|  53|0x0000000083500000, 0x0000000083500000, 0x0000000083600000|  0%| F|  |TAMS 0x0000000083500000| PB 0x0000000083500000| Untracked 
|  54|0x0000000083600000, 0x0000000083600000, 0x0000000083700000|  0%| F|  |TAMS 0x0000000083600000| PB 0x0000000083600000| Untracked 
|  55|0x0000000083700000, 0x0000000083700000, 0x0000000083800000|  0%| F|  |TAMS 0x0000000083700000| PB 0x0000000083700000| Untracked 
|  56|0x0000000083800000, 0x0000000083800000, 0x0000000083900000|  0%| F|  |TAMS 0x0000000083800000| PB 0x0000000083800000| Untracked 
|  57|0x0000000083900000, 0x0000000083900000, 0x0000000083a00000|  0%| F|  |TAMS 0x0000000083900000| PB 0x0000000083900000| Untracked 
|  58|0x0000000083a00000, 0x0000000083a00000, 0x0000000083b00000|  0%| F|  |TAMS 0x0000000083a00000| PB 0x0000000083a00000| Untracked 
|  59|0x0000000083b00000, 0x0000000083b00000, 0x0000000083c00000|  0%| F|  |TAMS 0x0000000083b00000| PB 0x0000000083b00000| Untracked 
|  60|0x0000000083c00000, 0x0000000083c00000, 0x0000000083d00000|  0%| F|  |TAMS 0x0000000083c00000| PB 0x0000000083c00000| Untracked 
|  61|0x0000000083d00000, 0x0000000083d00000, 0x0000000083e00000|  0%| F|  |TAMS 0x0000000083d00000| PB 0x0000000083d00000| Untracked 
|  62|0x0000000083e00000, 0x0000000083e00000, 0x0000000083f00000|  0%| F|  |TAMS 0x0000000083e00000| PB 0x0000000083e00000| Untracked 
|  63|0x0000000083f00000, 0x0000000083f00000, 0x0000000084000000|  0%| F|  |TAMS 0x0000000083f00000| PB 0x0000000083f00000| Untracked 
|  64|0x0000000084000000, 0x0000000084000000, 0x0000000084100000|  0%| F|  |TAMS 0x0000000084000000| PB 0x0000000084000000| Untracked 
|  65|0x0000000084100000, 0x0000000084100000, 0x0000000084200000|  0%| F|  |TAMS 0x0000000084100000| PB 0x0000000084100000| Untracked 
|  66|0x0000000084200000, 0x0000000084200000, 0x0000000084300000|  0%| F|  |TAMS 0x0000000084200000| PB 0x0000000084200000| Untracked 
|  67|0x0000000084300000, 0x0000000084300000, 0x0000000084400000|  0%| F|  |TAMS 0x0000000084300000| PB 0x0000000084300000| Untracked 
|  68|0x0000000084400000, 0x0000000084400000, 0x0000000084500000|  0%| F|  |TAMS 0x0000000084400000| PB 0x0000000084400000| Untracked 
|  69|0x0000000084500000, 0x0000000084500000, 0x0000000084600000|  0%| F|  |TAMS 0x0000000084500000| PB 0x0000000084500000| Untracked 
|  70|0x0000000084600000, 0x0000000084600000, 0x0000000084700000|  0%| F|  |TAMS 0x0000000084600000| PB 0x0000000084600000| Untracked 
|  71|0x0000000084700000, 0x0000000084700000, 0x0000000084800000|  0%| F|  |TAMS 0x0000000084700000| PB 0x0000000084700000| Untracked 
|  72|0x0000000084800000, 0x0000000084800000, 0x0000000084900000|  0%| F|  |TAMS 0x0000000084800000| PB 0x0000000084800000| Untracked 
|  73|0x0000000084900000, 0x0000000084900000, 0x0000000084a00000|  0%| F|  |TAMS 0x0000000084900000| PB 0x0000000084900000| Untracked 
|  74|0x0000000084a00000, 0x0000000084a00000, 0x0000000084b00000|  0%| F|  |TAMS 0x0000000084a00000| PB 0x0000000084a00000| Untracked 
|  75|0x0000000084b00000, 0x0000000084b00000, 0x0000000084c00000|  0%| F|  |TAMS 0x0000000084b00000| PB 0x0000000084b00000| Untracked 
|  76|0x0000000084c00000, 0x0000000084c00000, 0x0000000084d00000|  0%| F|  |TAMS 0x0000000084c00000| PB 0x0000000084c00000| Untracked 
|  77|0x0000000084d00000, 0x0000000084d00000, 0x0000000084e00000|  0%| F|  |TAMS 0x0000000084d00000| PB 0x0000000084d00000| Untracked 
|  78|0x0000000084e00000, 0x0000000084e00000, 0x0000000084f00000|  0%| F|  |TAMS 0x0000000084e00000| PB 0x0000000084e00000| Untracked 
|  79|0x0000000084f00000, 0x0000000084f00000, 0x0000000085000000|  0%| F|  |TAMS 0x0000000084f00000| PB 0x0000000084f00000| Untracked 
|  80|0x0000000085000000, 0x0000000085000000, 0x0000000085100000|  0%| F|  |TAMS 0x0000000085000000| PB 0x0000000085000000| Untracked 
|  81|0x0000000085100000, 0x0000000085100000, 0x0000000085200000|  0%| F|  |TAMS 0x0000000085100000| PB 0x0000000085100000| Untracked 
|  82|0x0000000085200000, 0x0000000085200000, 0x0000000085300000|  0%| F|  |TAMS 0x0000000085200000| PB 0x0000000085200000| Untracked 
|  83|0x0000000085300000, 0x0000000085300000, 0x0000000085400000|  0%| F|  |TAMS 0x0000000085300000| PB 0x0000000085300000| Untracked 
|  84|0x0000000085400000, 0x0000000085400000, 0x0000000085500000|  0%| F|  |TAMS 0x0000000085400000| PB 0x0000000085400000| Untracked 
|  85|0x0000000085500000, 0x0000000085500000, 0x0000000085600000|  0%| F|  |TAMS 0x0000000085500000| PB 0x0000000085500000| Untracked 
|  86|0x0000000085600000, 0x0000000085600000, 0x0000000085700000|  0%| F|  |TAMS 0x0000000085600000| PB 0x0000000085600000| Untracked 
|  87|0x0000000085700000, 0x0000000085700000, 0x0000000085800000|  0%| F|  |TAMS 0x0000000085700000| PB 0x0000000085700000| Untracked 
|  88|0x0000000085800000, 0x0000000085800000, 0x0000000085900000|  0%| F|  |TAMS 0x0000000085800000| PB 0x0000000085800000| Untracked 
|  89|0x0000000085900000, 0x0000000085900000, 0x0000000085a00000|  0%| F|  |TAMS 0x0000000085900000| PB 0x0000000085900000| Untracked 
|  90|0x0000000085a00000, 0x0000000085a00000, 0x0000000085b00000|  0%| F|  |TAMS 0x0000000085a00000| PB 0x0000000085a00000| Untracked 
|  91|0x0000000085b00000, 0x0000000085b00000, 0x0000000085c00000|  0%| F|  |TAMS 0x0000000085b00000| PB 0x0000000085b00000| Untracked 
|  92|0x0000000085c00000, 0x0000000085c00000, 0x0000000085d00000|  0%| F|  |TAMS 0x0000000085c00000| PB 0x0000000085c00000| Untracked 
|  93|0x0000000085d00000, 0x0000000085d00000, 0x0000000085e00000|  0%| F|  |TAMS 0x0000000085d00000| PB 0x0000000085d00000| Untracked 
|  94|0x0000000085e00000, 0x0000000085e00000, 0x0000000085f00000|  0%| F|  |TAMS 0x0000000085e00000| PB 0x0000000085e00000| Untracked 
|  95|0x0000000085f00000, 0x0000000085f00000, 0x0000000086000000|  0%| F|  |TAMS 0x0000000085f00000| PB 0x0000000085f00000| Untracked 
|  96|0x0000000086000000, 0x0000000086000000, 0x0000000086100000|  0%| F|  |TAMS 0x0000000086000000| PB 0x0000000086000000| Untracked 
|  97|0x0000000086100000, 0x0000000086100000, 0x0000000086200000|  0%| F|  |TAMS 0x0000000086100000| PB 0x0000000086100000| Untracked 
|  98|0x0000000086200000, 0x0000000086200000, 0x0000000086300000|  0%| F|  |TAMS 0x0000000086200000| PB 0x0000000086200000| Untracked 
|  99|0x0000000086300000, 0x0000000086300000, 0x0000000086400000|  0%| F|  |TAMS 0x0000000086300000| PB 0x0000000086300000| Untracked 
| 100|0x0000000086400000, 0x0000000086400000, 0x0000000086500000|  0%| F|  |TAMS 0x0000000086400000| PB 0x0000000086400000| Untracked 
| 101|0x0000000086500000, 0x0000000086500000, 0x0000000086600000|  0%| F|  |TAMS 0x0000000086500000| PB 0x0000000086500000| Untracked 
| 102|0x0000000086600000, 0x0000000086600000, 0x0000000086700000|  0%| F|  |TAMS 0x0000000086600000| PB 0x0000000086600000| Untracked 
| 103|0x0000000086700000, 0x0000000086700000, 0x0000000086800000|  0%| F|  |TAMS 0x0000000086700000| PB 0x0000000086700000| Untracked 
| 104|0x0000000086800000, 0x0000000086800000, 0x0000000086900000|  0%| F|  |TAMS 0x0000000086800000| PB 0x0000000086800000| Untracked 
| 105|0x0000000086900000, 0x0000000086900000, 0x0000000086a00000|  0%| F|  |TAMS 0x0000000086900000| PB 0x0000000086900000| Untracked 
| 106|0x0000000086a00000, 0x0000000086a00000, 0x0000000086b00000|  0%| F|  |TAMS 0x0000000086a00000| PB 0x0000000086a00000| Untracked 
| 107|0x0000000086b00000, 0x0000000086b00000, 0x0000000086c00000|  0%| F|  |TAMS 0x0000000086b00000| PB 0x0000000086b00000| Untracked 
| 108|0x0000000086c00000, 0x0000000086c00000, 0x0000000086d00000|  0%| F|  |TAMS 0x0000000086c00000| PB 0x0000000086c00000| Untracked 
| 109|0x0000000086d00000, 0x0000000086d00000, 0x0000000086e00000|  0%| F|  |TAMS 0x0000000086d00000| PB 0x0000000086d00000| Untracked 
| 110|0x0000000086e00000, 0x0000000086e00000, 0x0000000086f00000|  0%| F|  |TAMS 0x0000000086e00000| PB 0x0000000086e00000| Untracked 
| 111|0x0000000086f00000, 0x0000000086f00000, 0x0000000087000000|  0%| F|  |TAMS 0x0000000086f00000| PB 0x0000000086f00000| Untracked 
| 112|0x0000000087000000, 0x0000000087000000, 0x0000000087100000|  0%| F|  |TAMS 0x0000000087000000| PB 0x0000000087000000| Untracked 
| 113|0x0000000087100000, 0x0000000087100000, 0x0000000087200000|  0%| F|  |TAMS 0x0000000087100000| PB 0x0000000087100000| Untracked 
| 114|0x0000000087200000, 0x0000000087200000, 0x0000000087300000|  0%| F|  |TAMS 0x0000000087200000| PB 0x0000000087200000| Untracked 
| 115|0x0000000087300000, 0x0000000087300000, 0x0000000087400000|  0%| F|  |TAMS 0x0000000087300000| PB 0x0000000087300000| Untracked 
| 116|0x0000000087400000, 0x0000000087400000, 0x0000000087500000|  0%| F|  |TAMS 0x0000000087400000| PB 0x0000000087400000| Untracked 
| 117|0x0000000087500000, 0x0000000087500000, 0x0000000087600000|  0%| F|  |TAMS 0x0000000087500000| PB 0x0000000087500000| Untracked 
| 118|0x0000000087600000, 0x0000000087600000, 0x0000000087700000|  0%| F|  |TAMS 0x0000000087600000| PB 0x0000000087600000| Untracked 
| 119|0x0000000087700000, 0x0000000087700000, 0x0000000087800000|  0%| F|  |TAMS 0x0000000087700000| PB 0x0000000087700000| Untracked 
| 120|0x0000000087800000, 0x0000000087800000, 0x0000000087900000|  0%| F|  |TAMS 0x0000000087800000| PB 0x0000000087800000| Untracked 
| 121|0x0000000087900000, 0x0000000087900000, 0x0000000087a00000|  0%| F|  |TAMS 0x0000000087900000| PB 0x0000000087900000| Untracked 
| 122|0x0000000087a00000, 0x0000000087a76470, 0x0000000087b00000| 46%| E|  |TAMS 0x0000000087a00000| PB 0x0000000087a00000| Complete 
| 123|0x0000000087b00000, 0x0000000087c00000, 0x0000000087c00000|100%| E|CS|TAMS 0x0000000087b00000| PB 0x0000000087b00000| Complete 
| 124|0x0000000087c00000, 0x0000000087d00000, 0x0000000087d00000|100%| E|CS|TAMS 0x0000000087c00000| PB 0x0000000087c00000| Complete 
| 125|0x0000000087d00000, 0x0000000087e00000, 0x0000000087e00000|100%| E|CS|TAMS 0x0000000087d00000| PB 0x0000000087d00000| Complete 
| 126|0x0000000087e00000, 0x0000000087f00000, 0x0000000087f00000|100%| E|  |TAMS 0x0000000087e00000| PB 0x0000000087e00000| Complete 
| 127|0x0000000087f00000, 0x0000000088000000, 0x0000000088000000|100%| E|CS|TAMS 0x0000000087f00000| PB 0x0000000087f00000| Complete 

Card table byte_map: [0x0000016cff7a0000,0x0000016cffba0000] _byte_map_base: 0x0000016cff3a0000

Marking Bits: (CMBitMap*) 0x0000016cf907b170
 Bits: [0x0000016c8f000000, 0x0000016c91000000)

Polling page: 0x0000016cf90e0000

Metaspace:

Usage:
  Non-class:      8.01 MB used.
      Class:    775.38 KB used.
       Both:      8.76 MB used.

Virtual space:
  Non-class space:       64.00 MB reserved,       8.06 MB ( 13%) committed,  1 nodes.
      Class space:        1.00 GB reserved,     832.00 KB ( <1%) committed,  1 nodes.
             Both:        1.06 GB reserved,       8.88 MB ( <1%) committed. 

Chunk freelists:
   Non-Class:  7.92 MB
       Class:  15.16 MB
        Both:  23.08 MB

MaxMetaspaceSize: unlimited
CompressedClassSpaceSize: 1.00 GB
Initial GC threshold: 21.00 MB
Current GC threshold: 21.00 MB
CDS: off
 - commit_granule_bytes: 65536.
 - commit_granule_words: 8192.
 - virtual_space_node_default_size: 8388608.
 - enlarge_chunks_in_place: 1.
 - use_allocation_guard: 0.


Internal statistics:

num_allocs_failed_limit: 0.
num_arena_births: 10.
num_arena_deaths: 0.
num_vsnodes_births: 2.
num_vsnodes_deaths: 0.
num_space_committed: 142.
num_space_uncommitted: 0.
num_chunks_returned_to_freelist: 0.
num_chunks_taken_from_freelist: 56.
num_chunk_merges: 0.
num_chunk_splits: 30.
num_chunks_enlarged: 25.
num_inconsistent_stats: 0.

CodeHeap 'non-profiled nmethods': size=120000Kb used=117Kb max_used=117Kb free=119882Kb
 bounds [0x0000016c87ad0000, 0x0000016c87d40000, 0x0000016c8f000000]
CodeHeap 'profiled nmethods': size=120000Kb used=588Kb max_used=588Kb free=119411Kb
 bounds [0x0000016c80000000, 0x0000016c80270000, 0x0000016c87530000]
CodeHeap 'non-nmethods': size=5760Kb used=1292Kb max_used=1308Kb free=4467Kb
 bounds [0x0000016c87530000, 0x0000016c877a0000, 0x0000016c87ad0000]
 total_blobs=800 nmethods=391 adapters=314
 compilation: enabled
              stopped_count=0, restarted_count=0
 full_count=0

Compilation events (20 events):
Event: 1.249 Thread 0x0000016c93b5bba0 nmethod 380 0x0000016c8008f690 code [0x0000016c8008f8a0, 0x0000016c8008ff38]
Event: 1.249 Thread 0x0000016c93b5bba0  384       3       java.lang.StringLatin1::indexOf (121 bytes)
Event: 1.249 Thread 0x0000016c93b5bba0 nmethod 384 0x0000016c80090190 code [0x0000016c80090380, 0x0000016c80090868]
Event: 1.249 Thread 0x0000016c93b5bba0  382       3       java.lang.CharacterDataLatin1::equalsIgnoreCase (63 bytes)
Event: 1.249 Thread 0x0000016c93b5bba0 nmethod 382 0x0000016c80090a90 code [0x0000016c80090c40, 0x0000016c80090f38]
Event: 1.249 Thread 0x0000016c93b5bba0  383       3       java.lang.String::replace (42 bytes)
Event: 1.249 Thread 0x0000016c93b5bba0 nmethod 383 0x0000016c80091010 code [0x0000016c800911e0, 0x0000016c80091508]
Event: 1.253 Thread 0x0000016c93b5afd0 nmethod 379 0x0000016c87aeaa10 code [0x0000016c87aeabe0, 0x0000016c87aeb2d0]
Event: 1.253 Thread 0x0000016c93b5bba0  385       3       java.security.Provider$Service::<init> (50 bytes)
Event: 1.254 Thread 0x0000016c93b5afd0  387       4       java.util.concurrent.ConcurrentHashMap::setTabAt (20 bytes)
Event: 1.254 Thread 0x0000016c93b5bba0 nmethod 385 0x0000016c80091610 code [0x0000016c80091800, 0x0000016c80091eb8]
Event: 1.254 Thread 0x0000016c93b5bba0  386       3       java.security.Provider::checkAndUpdateSecureRandom (88 bytes)
Event: 1.254 Thread 0x0000016c93eae610  388       4       java.lang.StringLatin1::toUpperCase (186 bytes)
Event: 1.254 Thread 0x0000016c93b5bba0 nmethod 386 0x0000016c80092090 code [0x0000016c80092260, 0x0000016c800925f8]
Event: 1.255 Thread 0x0000016c93b5bba0  390       3       java.util.ArrayList::isEmpty (13 bytes)
Event: 1.255 Thread 0x0000016c93b5afd0 nmethod 387 0x0000016c87aeb690 code [0x0000016c87aeb820, 0x0000016c87aeb958]
Event: 1.255 Thread 0x0000016c93b5afd0  389       4       java.lang.StringLatin1::toLowerCase (186 bytes)
Event: 1.255 Thread 0x0000016c93b5bba0 nmethod 390 0x0000016c80092790 code [0x0000016c80092920, 0x0000016c80092a88]
Event: 1.255 Thread 0x0000016c93b5bba0  391       3       java.security.Provider$Service::addAlias (36 bytes)
Event: 1.255 Thread 0x0000016c93b5bba0 nmethod 391 0x0000016c80092b10 code [0x0000016c80092ce0, 0x0000016c800930c0]

GC Heap History (0 events):
No events

Dll operation events (2 events):
Event: 0.009 Loaded shared library E:\IntelliJ IDEA 2024.2.0.2\jbr\bin\java.dll
Event: 0.015 Loaded shared library E:\IntelliJ IDEA 2024.2.0.2\jbr\bin\zip.dll

Deoptimization events (8 events):
Event: 1.221 Thread 0x0000016cf8d0cbb0 Uncommon trap: trap_request=0xffffff45 fr.pc=0x0000016c87ae51c8 relative=0x00000000000000a8
Event: 1.221 Thread 0x0000016cf8d0cbb0 Uncommon trap: reason=unstable_if action=reinterpret pc=0x0000016c87ae51c8 method=java.lang.CharacterDataLatin1.toUpperCaseEx(I)I @ 12 c2
Event: 1.221 Thread 0x0000016cf8d0cbb0 DEOPT PACKING pc=0x0000016c87ae51c8 sp=0x00000019621fe7a0
Event: 1.221 Thread 0x0000016cf8d0cbb0 DEOPT UNPACKING pc=0x0000016c875846a2 sp=0x00000019621fe718 mode 2
Event: 1.232 Thread 0x0000016cf8d0cbb0 DEOPT PACKING pc=0x0000016c80019b78 sp=0x00000019621fe740
Event: 1.232 Thread 0x0000016cf8d0cbb0 DEOPT UNPACKING pc=0x0000016c87584e42 sp=0x00000019621fdb60 mode 0
Event: 1.245 Thread 0x0000016cf8d0cbb0 DEOPT PACKING pc=0x0000016c80017058 sp=0x00000019621fa750
Event: 1.245 Thread 0x0000016cf8d0cbb0 DEOPT UNPACKING pc=0x0000016c87584e42 sp=0x00000019621f9bb8 mode 0

Classes loaded (20 events):
Event: 1.238 Loading class java/lang/ClassValue done
Event: 1.238 Loading class java/lang/invoke/VarHandles$1 done
Event: 1.238 Loading class java/lang/ClassValue$Entry
Event: 1.238 Loading class java/lang/ClassValue$Entry done
Event: 1.238 Loading class java/lang/ClassValue$Identity
Event: 1.238 Loading class java/lang/ClassValue$Identity done
Event: 1.238 Loading class java/lang/ClassValue$Version
Event: 1.238 Loading class java/lang/ClassValue$Version done
Event: 1.238 Loading class java/lang/invoke/VarHandleReferences$FieldInstanceReadWrite
Event: 1.239 Loading class java/lang/invoke/VarHandleReferences$FieldInstanceReadOnly
Event: 1.239 Loading class java/lang/invoke/VarHandleReferences$FieldInstanceReadOnly done
Event: 1.239 Loading class java/lang/invoke/VarHandleReferences$FieldInstanceReadWrite done
Event: 1.239 Loading class java/lang/invoke/VarHandleGuards
Event: 1.239 Loading class java/lang/invoke/VarHandleGuards done
Event: 1.239 Loading class java/lang/invoke/VarForm
Event: 1.240 Loading class java/lang/invoke/VarForm done
Event: 1.240 Loading class java/math/BigInteger
Event: 1.242 Loading class java/math/BigInteger done
Event: 1.248 Loading class java/security/Provider$UString
Event: 1.248 Loading class java/security/Provider$UString done

Classes unloaded (0 events):
No events

Classes redefined (0 events):
No events

Internal exceptions (0 events):
No events

ZGC Phase Switch (0 events):
No events

VM Operations (4 events):
Event: 1.038 Executing VM operation: Cleanup
Event: 1.038 Executing VM operation: Cleanup done
Event: 1.093 Executing VM operation: HandshakeAllThreads (Deoptimize)
Event: 1.093 Executing VM operation: HandshakeAllThreads (Deoptimize) done

Events (16 events):
Event: 0.014 Thread 0x0000016cf8d0cbb0 Thread added: 0x0000016cf8d0cbb0
Event: 0.057 Thread 0x0000016c93b2a740 Thread added: 0x0000016c93b2a740
Event: 0.057 Thread 0x0000016c93b2c1b0 Thread added: 0x0000016c93b2c1b0
Event: 0.058 Thread 0x0000016c93b407e0 Thread added: 0x0000016c93b407e0
Event: 0.058 Thread 0x0000016c93b42250 Thread added: 0x0000016c93b42250
Event: 0.058 Thread 0x0000016c93b53050 Thread added: 0x0000016c93b53050
Event: 0.058 Thread 0x0000016c93b36ef0 Thread added: 0x0000016c93b36ef0
Event: 0.058 Thread 0x0000016c93b5afd0 Thread added: 0x0000016c93b5afd0
Event: 0.058 Thread 0x0000016c93b5bba0 Thread added: 0x0000016c93b5bba0
Event: 0.103 Thread 0x0000016c93cf98e0 Thread added: 0x0000016c93cf98e0
Event: 0.105 Thread 0x0000016c93d15f30 Thread added: 0x0000016c93d15f30
Event: 0.116 Loaded shared library E:\IntelliJ IDEA 2024.2.0.2\jbr\bin\net.dll
Event: 0.118 Loaded shared library E:\IntelliJ IDEA 2024.2.0.2\jbr\bin\nio.dll
Event: 1.095 Loaded shared library E:\IntelliJ IDEA 2024.2.0.2\jbr\bin\zip.dll
Event: 1.172 Loaded shared library E:\IntelliJ IDEA 2024.2.0.2\jbr\bin\jimage.dll
Event: 1.228 Thread 0x0000016c93eae610 Thread added: 0x0000016c93eae610


Dynamic libraries:
0x00007ff7a0db0000 - 0x00007ff7a0dba000 	E:\IntelliJ IDEA 2024.2.0.2\jbr\bin\java.exe
0x00007ffa8c810000 - 0x00007ffa8ca27000 	C:\WINDOWS\SYSTEM32\ntdll.dll
0x00007ffa61210000 - 0x00007ffa6122a000 	C:\Program Files\Avast Software\Avast\aswhook.dll
0x00007ffa8b2c0000 - 0x00007ffa8b384000 	C:\WINDOWS\System32\KERNEL32.DLL
0x00007ffa8a100000 - 0x00007ffa8a4b7000 	C:\WINDOWS\System32\KERNELBASE.dll
0x00007ffa89b20000 - 0x00007ffa89c31000 	C:\WINDOWS\System32\ucrtbase.dll
0x00007ffa79e50000 - 0x00007ffa79e6b000 	E:\IntelliJ IDEA 2024.2.0.2\jbr\bin\VCRUNTIME140.dll
0x00007ffa86340000 - 0x00007ffa86358000 	E:\IntelliJ IDEA 2024.2.0.2\jbr\bin\jli.dll
0x00007ffa8c510000 - 0x00007ffa8c6bf000 	C:\WINDOWS\System32\USER32.dll
0x00007ffa89c40000 - 0x00007ffa89c66000 	C:\WINDOWS\System32\win32u.dll
0x00007ffa72020000 - 0x00007ffa722b3000 	C:\WINDOWS\WinSxS\amd64_microsoft.windows.common-controls_6595b64144ccf1df_6.0.22621.3672_none_2713b9d173822955\COMCTL32.dll
0x00007ffa8b390000 - 0x00007ffa8b3b9000 	C:\WINDOWS\System32\GDI32.dll
0x00007ffa8c6c0000 - 0x00007ffa8c767000 	C:\WINDOWS\System32\msvcrt.dll
0x00007ffa89f40000 - 0x00007ffa8a058000 	C:\WINDOWS\System32\gdi32full.dll
0x00007ffa8a060000 - 0x00007ffa8a0fa000 	C:\WINDOWS\System32\msvcp_win.dll
0x00007ffa8c1c0000 - 0x00007ffa8c1f1000 	C:\WINDOWS\System32\IMM32.DLL
0x00007ffa86360000 - 0x00007ffa8636c000 	E:\IntelliJ IDEA 2024.2.0.2\jbr\bin\vcruntime140_1.dll
0x00007ffa74850000 - 0x00007ffa748dd000 	E:\IntelliJ IDEA 2024.2.0.2\jbr\bin\msvcp140.dll
0x00007ffa29be0000 - 0x00007ffa2a992000 	E:\IntelliJ IDEA 2024.2.0.2\jbr\bin\server\jvm.dll
0x00007ffa8b200000 - 0x00007ffa8b2b2000 	C:\WINDOWS\System32\ADVAPI32.dll
0x00007ffa8b5e0000 - 0x00007ffa8b688000 	C:\WINDOWS\System32\sechost.dll
0x00007ffa89ea0000 - 0x00007ffa89ec8000 	C:\WINDOWS\System32\bcrypt.dll
0x00007ffa8b690000 - 0x00007ffa8b7a4000 	C:\WINDOWS\System32\RPCRT4.dll
0x00007ffa8c3c0000 - 0x00007ffa8c431000 	C:\WINDOWS\System32\WS2_32.dll
0x00007ffa858c0000 - 0x00007ffa858f4000 	C:\WINDOWS\SYSTEM32\WINMM.dll
0x00007ffa899f0000 - 0x00007ffa89a3d000 	C:\WINDOWS\SYSTEM32\POWRPROF.dll
0x00007ffa82fc0000 - 0x00007ffa82fca000 	C:\WINDOWS\SYSTEM32\VERSION.dll
0x00007ffa899d0000 - 0x00007ffa899e3000 	C:\WINDOWS\SYSTEM32\UMPDC.dll
0x00007ffa88b70000 - 0x00007ffa88b88000 	C:\WINDOWS\SYSTEM32\kernel.appcore.dll
0x00007ffa7b9d0000 - 0x00007ffa7b9da000 	E:\IntelliJ IDEA 2024.2.0.2\jbr\bin\jimage.dll
0x00007ffa7fef0000 - 0x00007ffa80122000 	C:\WINDOWS\SYSTEM32\DBGHELP.DLL
0x00007ffa8bd30000 - 0x00007ffa8c0be000 	C:\WINDOWS\System32\combase.dll
0x00007ffa8a5a0000 - 0x00007ffa8a677000 	C:\WINDOWS\System32\OLEAUT32.dll
0x00007ffa7fc70000 - 0x00007ffa7fca2000 	C:\WINDOWS\SYSTEM32\dbgcore.DLL
0x00007ffa8a4c0000 - 0x00007ffa8a53b000 	C:\WINDOWS\System32\bcryptPrimitives.dll
0x00007ffa76240000 - 0x00007ffa7625f000 	E:\IntelliJ IDEA 2024.2.0.2\jbr\bin\java.dll
0x00007ffa73a40000 - 0x00007ffa73a58000 	E:\IntelliJ IDEA 2024.2.0.2\jbr\bin\zip.dll
0x00007ffa8a970000 - 0x00007ffa8b1d9000 	C:\WINDOWS\System32\SHELL32.dll
0x00007ffa87a90000 - 0x00007ffa8838f000 	C:\WINDOWS\SYSTEM32\windows.storage.dll
0x00007ffa87950000 - 0x00007ffa87a8f000 	C:\WINDOWS\SYSTEM32\wintypes.dll
0x00007ffa8b7b0000 - 0x00007ffa8b8a9000 	C:\WINDOWS\System32\SHCORE.dll
0x00007ffa8a6b0000 - 0x00007ffa8a70e000 	C:\WINDOWS\System32\shlwapi.dll
0x00007ffa89a50000 - 0x00007ffa89a77000 	C:\WINDOWS\SYSTEM32\profapi.dll
0x00007ffa7b4e0000 - 0x00007ffa7b4f0000 	E:\IntelliJ IDEA 2024.2.0.2\jbr\bin\net.dll
0x00007ffa85cc0000 - 0x00007ffa85df6000 	C:\WINDOWS\SYSTEM32\WINHTTP.dll
0x00007ffa88fe0000 - 0x00007ffa89049000 	C:\WINDOWS\system32\mswsock.dll
0x00007ffa723e0000 - 0x00007ffa723f6000 	E:\IntelliJ IDEA 2024.2.0.2\jbr\bin\nio.dll

dbghelp: loaded successfully - version: 4.0.5 - missing functions: none
symbol engine: initialized successfully - sym options: 0x614 - pdb path: .;E:\IntelliJ IDEA 2024.2.0.2\jbr\bin;C:\WINDOWS\SYSTEM32;C:\Program Files\Avast Software\Avast;C:\WINDOWS\WinSxS\amd64_microsoft.windows.common-controls_6595b64144ccf1df_6.0.22621.3672_none_2713b9d173822955;E:\IntelliJ IDEA 2024.2.0.2\jbr\bin\server

VM Arguments:
jvm_args: -Djava.rmi.server.hostname=127.0.0.1 -Duser.timezone=UTC -Xmx2048m -Xms128m -Djdbc.classpath=E:\IntelliJ IDEA 2024.2.0.2\plugins\DatabaseTools\lib\jdbc-console.jar;C:\Users\Ngoc\AppData\Roaming\JetBrains\IntelliJIdea2024.2\jdbc-drivers\MySQL ConnectorJ\8.2.0\com\mysql\mysql-connector-j\8.2.0\mysql-connector-j-8.2.0.jar;C:\Users\Ngoc\AppData\Roaming\JetBrains\IntelliJIdea2024.2\jdbc-drivers\MySQL ConnectorJ\8.2.0\com\google\protobuf\protobuf-java\3.21.9\protobuf-java-3.21.9.jar --add-exports=java.desktop/sun.awt=ALL-UNNAMED --add-exports=java.desktop/java.awt.peer=ALL-UNNAMED --add-opens=java.desktop/java.awt=ALL-UNNAMED --add-opens=jdk.unsupported/sun.misc=ALL-UNNAMED --add-opens=java.base/java.nio=ALL-UNNAMED --add-opens=java.base/java.util=ALL-UNNAMED -Dfile.encoding=UTF-8 -Dsun.stdout.encoding=UTF-8 -Dsun.stderr.encoding=UTF-8 
java_command: com.intellij.database.remote.RemoteJdbcServer com.mysql.cj.jdbc.Driver
java_class_path (initial): E:\IntelliJ IDEA 2024.2.0.2\lib\util_rt.jar;E:\IntelliJ IDEA 2024.2.0.2\lib\util-8.jar;E:\IntelliJ IDEA 2024.2.0.2\lib\groovy.jar;E:\IntelliJ IDEA 2024.2.0.2\plugins\DatabaseTools\lib\jdbc-console.jar;E:\IntelliJ IDEA 2024.2.0.2\plugins\grid-core-impl\lib\jdbc-console-types.jar;E:\IntelliJ IDEA 2024.2.0.2\lib\util.jar;E:\IntelliJ IDEA 2024.2.0.2\lib\bouncy-castle.jar
Launcher Type: SUN_STANDARD

[Global flags]
     intx CICompilerCount                          = 4                                         {product} {ergonomic}
     uint ConcGCThreads                            = 3                                         {product} {ergonomic}
     uint G1ConcRefinementThreads                  = 10                                        {product} {ergonomic}
   size_t G1HeapRegionSize                         = 1048576                                   {product} {ergonomic}
    uintx GCDrainStackTargetSize                   = 64                                        {product} {ergonomic}
   size_t InitialHeapSize                          = 134217728                                 {product} {command line}
   size_t MarkStackSize                            = 4194304                                   {product} {ergonomic}
   size_t MaxHeapSize                              = 2147483648                                {product} {command line}
   size_t MaxNewSize                               = 1287651328                                {product} {ergonomic}
   size_t MinHeapDeltaBytes                        = 1048576                                   {product} {ergonomic}
   size_t MinHeapSize                              = 134217728                                 {product} {command line}
    uintx NonNMethodCodeHeapSize                   = 5839372                                {pd product} {ergonomic}
    uintx NonProfiledCodeHeapSize                  = 122909434                              {pd product} {ergonomic}
    uintx ProfiledCodeHeapSize                     = 122909434                              {pd product} {ergonomic}
    uintx ReservedCodeCacheSize                    = 251658240                              {pd product} {ergonomic}
     bool SegmentedCodeCache                       = true                                      {product} {ergonomic}
   size_t SoftMaxHeapSize                          = 2147483648                             {manageable} {ergonomic}
     bool UseCompressedOops                        = true                           {product lp64_product} {ergonomic}
     bool UseG1GC                                  = true                                      {product} {ergonomic}
     bool UseLargePagesIndividualAllocation        = false                                  {pd product} {ergonomic}

Logging:
Log output configuration:
 #0: stdout all=warning uptime,level,tags foldmultilines=false
 #1: stderr all=off uptime,level,tags foldmultilines=false

Environment Variables:
JAVA_HOME=C:\Program Files\Java\jdk-20
PATH=C:\Program Files\Common Files\Oracle\Java\javapath;C:\WINDOWS\system32;C:\WINDOWS;C:\WINDOWS\System32\Wbem;C:\WINDOWS\System32\WindowsPowerShell\v1.0\;C:\WINDOWS\System32\OpenSSH\;C:\Program Files\Java\jdk-20\bin;C:\Program Files (x86)\Microsoft SQL Server\160\Tools\Binn\;C:\Program Files\Microsoft SQL Server\160\Tools\Binn\;C:\Program Files\Microsoft SQL Server\Client SDK\ODBC\170\Tools\Binn\;C:\Program Files\Microsoft SQL Server\160\DTS\Binn\;C:\Program Files (x86)\Microsoft SQL Server\160\DTS\Binn\;C:\Java\bin\;C:\Program Files\Microsoft SQL Server\150\Tools\Binn\;C:\Program Files\dotnet\;C:\Program Files\Microsoft SQL Server\110\Tools\Binn\;C:\ProgramData\chocolatey\bin;E:\Downloads\nodejs\;C:\Program Files\Git\cmd;C:\Users\Ngoc\AppData\Local\Programs\Python\Python311\Scripts\;C:\Users\Ngoc\AppData\Local\Programs\Python\Python311\;C:\Users\Ngoc\AppData\Local\Microsoft\WindowsApps;D:\HTML_CSS\Microsoft VS Code\bin;C:\Program Files\Azure Data Studio\bin;C:\Program Files\JetBrains\WebStorm 2023.2.1\bin;;E:\IntelliJ IDEA 2024.2.0.2\bin;;C:\Users\Ngoc\AppData\Roaming\npm;E:\Downloads\src\flutter_windows_3.24.0-stable\flutter\bin;
USERNAME=Ngoc
OS=Windows_NT
PROCESSOR_IDENTIFIER=AMD64 Family 23 Model 104 Stepping 1, AuthenticAMD
TMP=C:\Users\Ngoc\AppData\Local\Temp
TEMP=C:\Users\Ngoc\AppData\Local\Temp




Periodic native trim disabled

JNI global refs:
JNI global refs: 8, weak refs: 0

JNI global refs memory usage: 835, weak refs: 833

Process memory usage:
Resident Set Size: 50588K (0% of 7694920K total physical memory with 432396K free physical memory)

OOME stack traces (most recent first):
Classloader memory used:
Loader bootstrap                                                                       : 8445K
Loader jdk.internal.loader.ClassLoaders$AppClassLoader                                 : 528K

---------------  S Y S T E M  ---------------

OS:
 Windows 11 , 64 bit Build 22621 (10.0.22621.3958)
OS uptime: 2 days 23:23 hours

CPU: total 12 (initial active 12) (12 cores per cpu, 2 threads per core) family 23 model 104 stepping 1 microcode 0x0, cx8, cmov, fxsr, ht, mmx, 3dnowpref, sse, sse2, sse3, ssse3, sse4a, sse4.1, sse4.2, popcnt, lzcnt, tsc, tscinvbit, avx, avx2, aes, clmul, bmi1, bmi2, adx, sha, fma, vzeroupper, clflush, clflushopt, rdtscp, rdpid, f16c
Processor Information for processor 0
  Max Mhz: 2100, Current Mhz: 2100, Mhz Limit: 2100
Processor Information for processor 1
  Max Mhz: 2100, Current Mhz: 1988, Mhz Limit: 2100
Processor Information for processor 2
  Max Mhz: 2100, Current Mhz: 1988, Mhz Limit: 2100
Processor Information for processor 3
  Max Mhz: 2100, Current Mhz: 2100, Mhz Limit: 2100
Processor Information for processor 4
  Max Mhz: 2100, Current Mhz: 2100, Mhz Limit: 2100
Processor Information for processor 5
  Max Mhz: 2100, Current Mhz: 1988, Mhz Limit: 2100
Processor Information for processor 6
  Max Mhz: 2100, Current Mhz: 2100, Mhz Limit: 2100
Processor Information for processor 7
  Max Mhz: 2100, Current Mhz: 2100, Mhz Limit: 2100
Processor Information for processor 8
  Max Mhz: 2100, Current Mhz: 2100, Mhz Limit: 2100
Processor Information for processor 9
  Max Mhz: 2100, Current Mhz: 1988, Mhz Limit: 2100
Processor Information for processor 10
  Max Mhz: 2100, Current Mhz: 1988, Mhz Limit: 2100
Processor Information for processor 11
  Max Mhz: 2100, Current Mhz: 2100, Mhz Limit: 2100

Memory: 4k page, system-wide physical 7514M (422M free)
TotalPageFile size 11610M (AvailPageFile size 1M)
current process WorkingSet (physical memory assigned to process): 49M, peak: 49M
current process commit charge ("private bytes"): 213M, peak: 214M

vm_info: OpenJDK 64-Bit Server VM (21.0.3+13-b509.11) for windows-amd64 JRE (21.0.3+13-b509.11), built on 2024-08-12 by "builduser" with MS VC++ 16.10 / 16.11 (VS2019)

END.
