#
# There is insufficient memory for the Java Runtime Environment to continue.
# Native memory allocation (mmap) failed to map 134217728 bytes. Error detail: G1 virtual space
# Possible reasons:
#   The system is out of physical RAM or swap space
#   This process is running with CompressedOops enabled, and the Java Heap may be blocking the growth of the native heap
# Possible solutions:
#   Reduce memory load on the system
#   Increase physical memory or swap space
#   Check if swap backing store is full
#   Decrease Java heap size (-Xmx/-Xms)
#   Decrease number of Java threads
#   Decrease Java thread stack sizes (-Xss)
#   Set larger code cache with -XX:ReservedCodeCacheSize=
#   JVM is running with Unscaled Compressed Oops mode in which the Java heap is
#     placed in the first 4GB address space. The Java Heap base address is the
#     maximum limit for the native heap growth. Please use -XX:HeapBaseMinAddress
#     to set the Java Heap base and to place the Java Heap above 4GB virtual address.
# This output file may be truncated or incomplete.
#
#  Out of Memory Error (os_windows.cpp:3815), pid=16028, tid=3384
#
# JRE version:  (21.0.3+13) (build )
# Java VM: OpenJDK 64-Bit Server VM (21.0.3+13-b509.11, mixed mode, sharing, tiered, compressed oops, compressed class ptrs, g1 gc, windows-amd64)
# No core dump will be written. Minidumps are not enabled by default on client versions of Windows
#

---------------  S U M M A R Y ------------

Command Line: -Djava.rmi.server.hostname=127.0.0.1 -Duser.timezone=UTC -Xmx2048m -Xms128m -Djdbc.classpath=E:\IntelliJ IDEA 2024.2.0.2\plugins\DatabaseTools\lib\jdbc-console.jar;C:\Users\Ngoc\AppData\Roaming\JetBrains\IntelliJIdea2024.2\jdbc-drivers\MySQL ConnectorJ\8.2.0\com\mysql\mysql-connector-j\8.2.0\mysql-connector-j-8.2.0.jar;C:\Users\Ngoc\AppData\Roaming\JetBrains\IntelliJIdea2024.2\jdbc-drivers\MySQL ConnectorJ\8.2.0\com\google\protobuf\protobuf-java\3.21.9\protobuf-java-3.21.9.jar --add-exports=java.desktop/sun.awt=ALL-UNNAMED --add-exports=java.desktop/java.awt.peer=ALL-UNNAMED --add-opens=java.desktop/java.awt=ALL-UNNAMED --add-opens=jdk.unsupported/sun.misc=ALL-UNNAMED --add-opens=java.base/java.nio=ALL-UNNAMED --add-opens=java.base/java.util=ALL-UNNAMED -Dfile.encoding=UTF-8 -Dsun.stdout.encoding=UTF-8 -Dsun.stderr.encoding=UTF-8 com.intellij.database.remote.RemoteJdbcServer com.mysql.cj.jdbc.Driver

Host: AMD Ryzen 5 5500U with Radeon Graphics         , 12 cores, 7G,  Windows 11 , 64 bit Build 22621 (10.0.22621.3958)
Time: Fri Oct  4 14:35:32 2024 SE Asia Standard Time elapsed time: 0.013295 seconds (0d 0h 0m 0s)

---------------  T H R E A D  ---------------

Current thread (0x00000206259eb8e0):  JavaThread "Unknown thread" [_thread_in_vm, id=3384, stack(0x0000005f72300000,0x0000005f72400000) (1024K)]

Stack: [0x0000005f72300000,0x0000005f72400000]
Native frames: (J=compiled Java code, j=interpreted, Vv=VM code, C=native code)
V  [jvm.dll+0x6e02f9]
V  [jvm.dll+0x8bd383]
V  [jvm.dll+0x8bf8de]
V  [jvm.dll+0x8bffc3]
V  [jvm.dll+0x2879c6]
V  [jvm.dll+0x6dcac5]
V  [jvm.dll+0x6d0f9a]
V  [jvm.dll+0x35f9bb]
V  [jvm.dll+0x367566]
V  [jvm.dll+0x3b8b56]
V  [jvm.dll+0x3b8e28]
V  [jvm.dll+0x33217c]
V  [jvm.dll+0x332e6b]
V  [jvm.dll+0x8845e9]
V  [jvm.dll+0x3c5f38]
V  [jvm.dll+0x86d80d]
V  [jvm.dll+0x45ab9e]
V  [jvm.dll+0x45c771]
C  [jli.dll+0x52ab]
C  [ucrtbase.dll+0x29333]
C  [KERNEL32.DLL+0x1257d]
C  [ntdll.dll+0x5af08]


---------------  P R O C E S S  ---------------

Threads class SMR info:
_java_thread_list=0x00007ffa2a82d108, length=0, elements={
}

Java Threads: ( => current thread )
Total: 0

Other Threads:
  0x0000020625a3b5e0 WorkerThread "GC Thread#0"                     [id=3764, stack(0x0000005f72400000,0x0000005f72500000) (1024K)]
  0x0000020625a4c5c0 ConcurrentGCThread "G1 Main Marker"            [id=14240, stack(0x0000005f72500000,0x0000005f72600000) (1024K)]
  0x0000020625a4da80 WorkerThread "G1 Conc#0"                       [id=1860, stack(0x0000005f72600000,0x0000005f72700000) (1024K)]

[error occurred during error reporting (printing all threads), id 0xc0000005, EXCEPTION_ACCESS_VIOLATION (0xc0000005) at pc=0x00007ffa29f252d7]
VM state: not at safepoint (not fully initialized)

VM Mutex/Monitor currently owned by a thread:  ([mutex/lock_event])
[0x00007ffa2a8a1858] Heap_lock - owner thread: 0x00000206259eb8e0

Heap address: 0x0000000080000000, size: 2048 MB, Compressed Oops mode: 32-bit

CDS archive(s) mapped at: [0x0000000000000000-0x0000000000000000-0x0000000000000000), size 0, SharedBaseAddress: 0x0000000800000000, ArchiveRelocationMode: 1.
Narrow klass base: 0x0000000000000000, Narrow klass shift: 0, Narrow klass range: 0x0

GC Precious Log:
 CardTable entry size: 512
 Card Set container configuration: InlinePtr #cards 5 size 8 Array Of Cards #cards 12 size 40 Howl #buckets 4 coarsen threshold 1843 Howl Bitmap #cards 512 size 80 coarsen threshold 460 Card regions per heap region 1 cards per card region 2048

Heap:
 garbage-first heap   total 0K, used 0K [0x0000000080000000, 0x0000000100000000)
  region size 1024K, 0 young (0K), 0 survivors (0K)
 Metaspace       used 0K, committed 0K, reserved 0K
  class space    used 0K, committed 0K, reserved 0K

Heap Regions: E=young(eden), S=young(survivor), O=old, HS=humongous(starts), HC=humongous(continues), CS=collection set, F=free, TAMS=top-at-mark-start, PB=parsable bottom

Card table byte_map: [0x0000020639240000,0x0000020639640000] _byte_map_base: 0x0000020638e40000

Marking Bits: (CMBitMap*) 0x0000020625a3bce0
 Bits: [0x0000020639640000, 0x000002063b640000)

GC Heap History (0 events):
No events

Dll operation events (1 events):
Event: 0.009 Loaded shared library E:\IntelliJ IDEA 2024.2.0.2\jbr\bin\java.dll

Deoptimization events (0 events):
No events

Classes loaded (0 events):
No events

Classes unloaded (0 events):
No events

Classes redefined (0 events):
No events

Internal exceptions (0 events):
No events

ZGC Phase Switch (0 events):
No events

VM Operations (0 events):
No events

Events (0 events):
No events


Dynamic libraries:
0x00007ff631a30000 - 0x00007ff631a3a000 	E:\IntelliJ IDEA 2024.2.0.2\jbr\bin\java.exe
0x00007ffa8c810000 - 0x00007ffa8ca27000 	C:\WINDOWS\SYSTEM32\ntdll.dll
0x00007ffa61210000 - 0x00007ffa6122a000 	C:\Program Files\Avast Software\Avast\aswhook.dll
0x00007ffa8b2c0000 - 0x00007ffa8b384000 	C:\WINDOWS\System32\KERNEL32.DLL
0x00007ffa8a100000 - 0x00007ffa8a4b7000 	C:\WINDOWS\System32\KERNELBASE.dll
0x00007ffa89b20000 - 0x00007ffa89c31000 	C:\WINDOWS\System32\ucrtbase.dll
0x00007ffa74cf0000 - 0x00007ffa74d08000 	E:\IntelliJ IDEA 2024.2.0.2\jbr\bin\jli.dll
0x00007ffa86420000 - 0x00007ffa8643b000 	E:\IntelliJ IDEA 2024.2.0.2\jbr\bin\VCRUNTIME140.dll
0x00007ffa8c510000 - 0x00007ffa8c6bf000 	C:\WINDOWS\System32\USER32.dll
0x00007ffa89c40000 - 0x00007ffa89c66000 	C:\WINDOWS\System32\win32u.dll
0x00007ffa8b390000 - 0x00007ffa8b3b9000 	C:\WINDOWS\System32\GDI32.dll
0x00007ffa72020000 - 0x00007ffa722b3000 	C:\WINDOWS\WinSxS\amd64_microsoft.windows.common-controls_6595b64144ccf1df_6.0.22621.3672_none_2713b9d173822955\COMCTL32.dll
0x00007ffa89f40000 - 0x00007ffa8a058000 	C:\WINDOWS\System32\gdi32full.dll
0x00007ffa8a060000 - 0x00007ffa8a0fa000 	C:\WINDOWS\System32\msvcp_win.dll
0x00007ffa8c6c0000 - 0x00007ffa8c767000 	C:\WINDOWS\System32\msvcrt.dll
0x00007ffa8c1c0000 - 0x00007ffa8c1f1000 	C:\WINDOWS\System32\IMM32.DLL
0x00007ffa86570000 - 0x00007ffa8657c000 	E:\IntelliJ IDEA 2024.2.0.2\jbr\bin\vcruntime140_1.dll
0x00007ffa74c60000 - 0x00007ffa74ced000 	E:\IntelliJ IDEA 2024.2.0.2\jbr\bin\msvcp140.dll
0x00007ffa29be0000 - 0x00007ffa2a992000 	E:\IntelliJ IDEA 2024.2.0.2\jbr\bin\server\jvm.dll
0x00007ffa8b200000 - 0x00007ffa8b2b2000 	C:\WINDOWS\System32\ADVAPI32.dll
0x00007ffa8b5e0000 - 0x00007ffa8b688000 	C:\WINDOWS\System32\sechost.dll
0x00007ffa89ea0000 - 0x00007ffa89ec8000 	C:\WINDOWS\System32\bcrypt.dll
0x00007ffa8b690000 - 0x00007ffa8b7a4000 	C:\WINDOWS\System32\RPCRT4.dll
0x00007ffa8c3c0000 - 0x00007ffa8c431000 	C:\WINDOWS\System32\WS2_32.dll
0x00007ffa899f0000 - 0x00007ffa89a3d000 	C:\WINDOWS\SYSTEM32\POWRPROF.dll
0x00007ffa858c0000 - 0x00007ffa858f4000 	C:\WINDOWS\SYSTEM32\WINMM.dll
0x00007ffa82fc0000 - 0x00007ffa82fca000 	C:\WINDOWS\SYSTEM32\VERSION.dll
0x00007ffa899d0000 - 0x00007ffa899e3000 	C:\WINDOWS\SYSTEM32\UMPDC.dll
0x00007ffa88b70000 - 0x00007ffa88b88000 	C:\WINDOWS\SYSTEM32\kernel.appcore.dll
0x00007ffa86450000 - 0x00007ffa8645a000 	E:\IntelliJ IDEA 2024.2.0.2\jbr\bin\jimage.dll
0x00007ffa7fef0000 - 0x00007ffa80122000 	C:\WINDOWS\SYSTEM32\DBGHELP.DLL
0x00007ffa8bd30000 - 0x00007ffa8c0be000 	C:\WINDOWS\System32\combase.dll
0x00007ffa8a5a0000 - 0x00007ffa8a677000 	C:\WINDOWS\System32\OLEAUT32.dll
0x00007ffa7fc70000 - 0x00007ffa7fca2000 	C:\WINDOWS\SYSTEM32\dbgcore.DLL
0x00007ffa8a4c0000 - 0x00007ffa8a53b000 	C:\WINDOWS\System32\bcryptPrimitives.dll
0x00007ffa82320000 - 0x00007ffa8233f000 	E:\IntelliJ IDEA 2024.2.0.2\jbr\bin\java.dll

dbghelp: loaded successfully - version: 4.0.5 - missing functions: none
symbol engine: initialized successfully - sym options: 0x614 - pdb path: .;E:\IntelliJ IDEA 2024.2.0.2\jbr\bin;C:\WINDOWS\SYSTEM32;C:\Program Files\Avast Software\Avast;C:\WINDOWS\WinSxS\amd64_microsoft.windows.common-controls_6595b64144ccf1df_6.0.22621.3672_none_2713b9d173822955;E:\IntelliJ IDEA 2024.2.0.2\jbr\bin\server

VM Arguments:
jvm_args: -Djava.rmi.server.hostname=127.0.0.1 -Duser.timezone=UTC -Xmx2048m -Xms128m -Djdbc.classpath=E:\IntelliJ IDEA 2024.2.0.2\plugins\DatabaseTools\lib\jdbc-console.jar;C:\Users\Ngoc\AppData\Roaming\JetBrains\IntelliJIdea2024.2\jdbc-drivers\MySQL ConnectorJ\8.2.0\com\mysql\mysql-connector-j\8.2.0\mysql-connector-j-8.2.0.jar;C:\Users\Ngoc\AppData\Roaming\JetBrains\IntelliJIdea2024.2\jdbc-drivers\MySQL ConnectorJ\8.2.0\com\google\protobuf\protobuf-java\3.21.9\protobuf-java-3.21.9.jar --add-exports=java.desktop/sun.awt=ALL-UNNAMED --add-exports=java.desktop/java.awt.peer=ALL-UNNAMED --add-opens=java.desktop/java.awt=ALL-UNNAMED --add-opens=jdk.unsupported/sun.misc=ALL-UNNAMED --add-opens=java.base/java.nio=ALL-UNNAMED --add-opens=java.base/java.util=ALL-UNNAMED -Dfile.encoding=UTF-8 -Dsun.stdout.encoding=UTF-8 -Dsun.stderr.encoding=UTF-8 
java_command: com.intellij.database.remote.RemoteJdbcServer com.mysql.cj.jdbc.Driver
java_class_path (initial): E:\IntelliJ IDEA 2024.2.0.2\lib\util_rt.jar;E:\IntelliJ IDEA 2024.2.0.2\lib\util-8.jar;E:\IntelliJ IDEA 2024.2.0.2\lib\groovy.jar;E:\IntelliJ IDEA 2024.2.0.2\plugins\DatabaseTools\lib\jdbc-console.jar;E:\IntelliJ IDEA 2024.2.0.2\plugins\grid-core-impl\lib\jdbc-console-types.jar;E:\IntelliJ IDEA 2024.2.0.2\lib\util.jar;E:\IntelliJ IDEA 2024.2.0.2\lib\bouncy-castle.jar
Launcher Type: SUN_STANDARD

[Global flags]
     intx CICompilerCount                          = 4                                         {product} {ergonomic}
     uint ConcGCThreads                            = 3                                         {product} {ergonomic}
     uint G1ConcRefinementThreads                  = 10                                        {product} {ergonomic}
   size_t G1HeapRegionSize                         = 1048576                                   {product} {ergonomic}
    uintx GCDrainStackTargetSize                   = 64                                        {product} {ergonomic}
   size_t InitialHeapSize                          = 134217728                                 {product} {command line}
   size_t MarkStackSize                            = 4194304                                   {product} {ergonomic}
   size_t MaxHeapSize                              = 2147483648                                {product} {command line}
   size_t MinHeapDeltaBytes                        = 1048576                                   {product} {ergonomic}
   size_t MinHeapSize                              = 134217728                                 {product} {command line}
    uintx NonNMethodCodeHeapSize                   = 5839372                                {pd product} {ergonomic}
    uintx NonProfiledCodeHeapSize                  = 122909434                              {pd product} {ergonomic}
    uintx ProfiledCodeHeapSize                     = 122909434                              {pd product} {ergonomic}
    uintx ReservedCodeCacheSize                    = 251658240                              {pd product} {ergonomic}
     bool SegmentedCodeCache                       = true                                      {product} {ergonomic}
   size_t SoftMaxHeapSize                          = 2147483648                             {manageable} {ergonomic}
     bool UseCompressedOops                        = true                           {product lp64_product} {ergonomic}
     bool UseG1GC                                  = true                                      {product} {ergonomic}
     bool UseLargePagesIndividualAllocation        = false                                  {pd product} {ergonomic}

Logging:
Log output configuration:
 #0: stdout all=warning uptime,level,tags foldmultilines=false
 #1: stderr all=off uptime,level,tags foldmultilines=false

Environment Variables:
JAVA_HOME=C:\Program Files\Java\jdk-20
PATH=C:\Program Files\Common Files\Oracle\Java\javapath;C:\WINDOWS\system32;C:\WINDOWS;C:\WINDOWS\System32\Wbem;C:\WINDOWS\System32\WindowsPowerShell\v1.0\;C:\WINDOWS\System32\OpenSSH\;C:\Program Files\Java\jdk-20\bin;C:\Program Files (x86)\Microsoft SQL Server\160\Tools\Binn\;C:\Program Files\Microsoft SQL Server\160\Tools\Binn\;C:\Program Files\Microsoft SQL Server\Client SDK\ODBC\170\Tools\Binn\;C:\Program Files\Microsoft SQL Server\160\DTS\Binn\;C:\Program Files (x86)\Microsoft SQL Server\160\DTS\Binn\;C:\Java\bin\;C:\Program Files\Microsoft SQL Server\150\Tools\Binn\;C:\Program Files\dotnet\;C:\Program Files\Microsoft SQL Server\110\Tools\Binn\;C:\ProgramData\chocolatey\bin;E:\Downloads\nodejs\;C:\Program Files\Git\cmd;C:\Users\Ngoc\AppData\Local\Programs\Python\Python311\Scripts\;C:\Users\Ngoc\AppData\Local\Programs\Python\Python311\;C:\Users\Ngoc\AppData\Local\Microsoft\WindowsApps;D:\HTML_CSS\Microsoft VS Code\bin;C:\Program Files\Azure Data Studio\bin;C:\Program Files\JetBrains\WebStorm 2023.2.1\bin;;E:\IntelliJ IDEA 2024.2.0.2\bin;;C:\Users\Ngoc\AppData\Roaming\npm;E:\Downloads\src\flutter_windows_3.24.0-stable\flutter\bin;
USERNAME=Ngoc
OS=Windows_NT
PROCESSOR_IDENTIFIER=AMD64 Family 23 Model 104 Stepping 1, AuthenticAMD
TMP=C:\Users\Ngoc\AppData\Local\Temp
TEMP=C:\Users\Ngoc\AppData\Local\Temp




Periodic native trim disabled

JNI global refs:
JNI global refs: 0, weak refs: 0

JNI global refs memory usage: 0, weak refs: 0

Process memory usage:
Resident Set Size: 12516K (0% of 7694920K total physical memory with 547548K free physical memory)

OOME stack traces (most recent first):
Classloader memory used:

---------------  S Y S T E M  ---------------

OS:
 Windows 11 , 64 bit Build 22621 (10.0.22621.3958)
OS uptime: 2 days 23:49 hours

CPU: total 12 (initial active 12) (12 cores per cpu, 2 threads per core) family 23 model 104 stepping 1 microcode 0x0, cx8, cmov, fxsr, ht, mmx, 3dnowpref, sse, sse2, sse3, ssse3, sse4a, sse4.1, sse4.2, popcnt, lzcnt, tsc, tscinvbit, avx, avx2, aes, clmul, bmi1, bmi2, adx, sha, fma, vzeroupper, clflush, clflushopt, rdtscp, rdpid, f16c
Processor Information for processor 0
  Max Mhz: 2100, Current Mhz: 1988, Mhz Limit: 2100
Processor Information for processor 1
  Max Mhz: 2100, Current Mhz: 1988, Mhz Limit: 2100
Processor Information for processor 2
  Max Mhz: 2100, Current Mhz: 1988, Mhz Limit: 2100
Processor Information for processor 3
  Max Mhz: 2100, Current Mhz: 1988, Mhz Limit: 2100
Processor Information for processor 4
  Max Mhz: 2100, Current Mhz: 1988, Mhz Limit: 2100
Processor Information for processor 5
  Max Mhz: 2100, Current Mhz: 1988, Mhz Limit: 2100
Processor Information for processor 6
  Max Mhz: 2100, Current Mhz: 1988, Mhz Limit: 2100
Processor Information for processor 7
  Max Mhz: 2100, Current Mhz: 1988, Mhz Limit: 2100
Processor Information for processor 8
  Max Mhz: 2100, Current Mhz: 1988, Mhz Limit: 2100
Processor Information for processor 9
  Max Mhz: 2100, Current Mhz: 2100, Mhz Limit: 2100
Processor Information for processor 10
  Max Mhz: 2100, Current Mhz: 1988, Mhz Limit: 2100
Processor Information for processor 11
  Max Mhz: 2100, Current Mhz: 1988, Mhz Limit: 2100

Memory: 4k page, system-wide physical 7514M (534M free)
TotalPageFile size 11610M (AvailPageFile size 44M)
current process WorkingSet (physical memory assigned to process): 12M, peak: 12M
current process commit charge ("private bytes"): 64M, peak: 192M

vm_info: OpenJDK 64-Bit Server VM (21.0.3+13-b509.11) for windows-amd64 JRE (21.0.3+13-b509.11), built on 2024-08-12 by "builduser" with MS VC++ 16.10 / 16.11 (VS2019)

END.
